d:\proj\c++_proj\openscenegraph-3.3.1\build\src\osgterrain\osgterrain.dir\release\version.obj
d:\proj\c++_proj\openscenegraph-3.3.1\build\src\osgterrain\osgterrain.dir\release\geometrytechnique.obj
d:\proj\c++_proj\openscenegraph-3.3.1\build\src\osgterrain\osgterrain.dir\release\terrain.obj
d:\proj\c++_proj\openscenegraph-3.3.1\build\src\osgterrain\osgterrain.dir\release\terraintechnique.obj
d:\proj\c++_proj\openscenegraph-3.3.1\build\src\osgterrain\osgterrain.dir\release\terraintile.obj
d:\proj\c++_proj\openscenegraph-3.3.1\build\src\osgterrain\osgterrain.dir\release\locator.obj
d:\proj\c++_proj\openscenegraph-3.3.1\build\src\osgterrain\osgterrain.dir\release\layer.obj
d:\proj\c++_proj\openscenegraph-3.3.1\build\src\osgterrain\cmakefiles\generate.stamp
d:\proj\c++_proj\openscenegraph-3.3.1\build\bin\osg111-osgterrain.dll
d:\proj\c++_proj\openscenegraph-3.3.1\build\src\osgterrain\osgterrain.dir\release\openscenegraphversioninfo.res
d:\proj\c++_proj\openscenegraph-3.3.1\build\lib\osgterrain.lib
d:\proj\c++_proj\openscenegraph-3.3.1\build\lib\osgterrain.exp
d:\proj\c++_proj\openscenegraph-3.3.1\build\src\osgterrain\osgterrain.dir\release\osgterrain.tlog\cl.command.1.tlog
d:\proj\c++_proj\openscenegraph-3.3.1\build\src\osgterrain\osgterrain.dir\release\osgterrain.tlog\cl.items.tlog
d:\proj\c++_proj\openscenegraph-3.3.1\build\src\osgterrain\osgterrain.dir\release\osgterrain.tlog\cl.read.1.tlog
d:\proj\c++_proj\openscenegraph-3.3.1\build\src\osgterrain\osgterrain.dir\release\osgterrain.tlog\cl.write.1.tlog
d:\proj\c++_proj\openscenegraph-3.3.1\build\src\osgterrain\osgterrain.dir\release\osgterrain.tlog\custombuild.command.1.tlog
d:\proj\c++_proj\openscenegraph-3.3.1\build\src\osgterrain\osgterrain.dir\release\osgterrain.tlog\custombuild.read.1.tlog
d:\proj\c++_proj\openscenegraph-3.3.1\build\src\osgterrain\osgterrain.dir\release\osgterrain.tlog\custombuild.write.1.tlog
d:\proj\c++_proj\openscenegraph-3.3.1\build\src\osgterrain\osgterrain.dir\release\osgterrain.tlog\link.command.1.tlog
d:\proj\c++_proj\openscenegraph-3.3.1\build\src\osgterrain\osgterrain.dir\release\osgterrain.tlog\link.read.1.tlog
d:\proj\c++_proj\openscenegraph-3.3.1\build\src\osgterrain\osgterrain.dir\release\osgterrain.tlog\link.secondary.1.tlog
d:\proj\c++_proj\openscenegraph-3.3.1\build\src\osgterrain\osgterrain.dir\release\osgterrain.tlog\link.write.1.tlog
d:\proj\c++_proj\openscenegraph-3.3.1\build\src\osgterrain\osgterrain.dir\release\osgterrain.tlog\rc.command.1.tlog
d:\proj\c++_proj\openscenegraph-3.3.1\build\src\osgterrain\osgterrain.dir\release\osgterrain.tlog\rc.read.1.tlog
d:\proj\c++_proj\openscenegraph-3.3.1\build\src\osgterrain\osgterrain.dir\release\osgterrain.tlog\rc.write.1.tlog
