d:\proj\c++_proj\openscenegraph-3.3.1\build\src\osgwrappers\deprecated-dotosg\osganimation\osgdb_deprecated_osganimation.dir\release\updatematrixtransform.obj
d:\proj\c++_proj\openscenegraph-3.3.1\build\src\osgwrappers\deprecated-dotosg\osganimation\osgdb_deprecated_osganimation.dir\release\updatematerial.obj
d:\proj\c++_proj\openscenegraph-3.3.1\build\src\osgwrappers\deprecated-dotosg\osganimation\osgdb_deprecated_osganimation.dir\release\stackedtransform.obj
d:\proj\c++_proj\openscenegraph-3.3.1\build\src\osgwrappers\deprecated-dotosg\osganimation\osgdb_deprecated_osganimation.dir\release\readerwriter.obj
d:\proj\c++_proj\openscenegraph-3.3.1\build\src\osgwrappers\deprecated-dotosg\osganimation\osgdb_deprecated_osganimation.dir\release\matrix.obj
d:\proj\c++_proj\openscenegraph-3.3.1\build\src\osgwrappers\deprecated-dotosg\osganimation\cmakefiles\generate.stamp
d:\proj\c++_proj\openscenegraph-3.3.1\build\bin\osgplugins-3.3.1\osgdb_deprecated_osganimation.dll
d:\proj\c++_proj\openscenegraph-3.3.1\build\src\osgwrappers\deprecated-dotosg\osganimation\osgdb_deprecated_osganimation.dir\release\openscenegraphversioninfo.res
d:\proj\c++_proj\openscenegraph-3.3.1\build\src\osgwrappers\deprecated-dotosg\osganimation\osgdb_deprecated_osganimation.dir\release\plugins .2eccfca3.tlog\cl.command.1.tlog
d:\proj\c++_proj\openscenegraph-3.3.1\build\src\osgwrappers\deprecated-dotosg\osganimation\osgdb_deprecated_osganimation.dir\release\plugins .2eccfca3.tlog\cl.items.tlog
d:\proj\c++_proj\openscenegraph-3.3.1\build\src\osgwrappers\deprecated-dotosg\osganimation\osgdb_deprecated_osganimation.dir\release\plugins .2eccfca3.tlog\cl.read.1.tlog
d:\proj\c++_proj\openscenegraph-3.3.1\build\src\osgwrappers\deprecated-dotosg\osganimation\osgdb_deprecated_osganimation.dir\release\plugins .2eccfca3.tlog\cl.write.1.tlog
d:\proj\c++_proj\openscenegraph-3.3.1\build\src\osgwrappers\deprecated-dotosg\osganimation\osgdb_deprecated_osganimation.dir\release\plugins .2eccfca3.tlog\custombuild.command.1.tlog
d:\proj\c++_proj\openscenegraph-3.3.1\build\src\osgwrappers\deprecated-dotosg\osganimation\osgdb_deprecated_osganimation.dir\release\plugins .2eccfca3.tlog\custombuild.read.1.tlog
d:\proj\c++_proj\openscenegraph-3.3.1\build\src\osgwrappers\deprecated-dotosg\osganimation\osgdb_deprecated_osganimation.dir\release\plugins .2eccfca3.tlog\custombuild.write.1.tlog
d:\proj\c++_proj\openscenegraph-3.3.1\build\src\osgwrappers\deprecated-dotosg\osganimation\osgdb_deprecated_osganimation.dir\release\plugins .2eccfca3.tlog\link.command.1.tlog
d:\proj\c++_proj\openscenegraph-3.3.1\build\src\osgwrappers\deprecated-dotosg\osganimation\osgdb_deprecated_osganimation.dir\release\plugins .2eccfca3.tlog\link.read.1.tlog
d:\proj\c++_proj\openscenegraph-3.3.1\build\src\osgwrappers\deprecated-dotosg\osganimation\osgdb_deprecated_osganimation.dir\release\plugins .2eccfca3.tlog\link.secondary.1.tlog
d:\proj\c++_proj\openscenegraph-3.3.1\build\src\osgwrappers\deprecated-dotosg\osganimation\osgdb_deprecated_osganimation.dir\release\plugins .2eccfca3.tlog\link.write.1.tlog
d:\proj\c++_proj\openscenegraph-3.3.1\build\src\osgwrappers\deprecated-dotosg\osganimation\osgdb_deprecated_osganimation.dir\release\plugins .2eccfca3.tlog\rc.command.1.tlog
d:\proj\c++_proj\openscenegraph-3.3.1\build\src\osgwrappers\deprecated-dotosg\osganimation\osgdb_deprecated_osganimation.dir\release\plugins .2eccfca3.tlog\rc.read.1.tlog
d:\proj\c++_proj\openscenegraph-3.3.1\build\src\osgwrappers\deprecated-dotosg\osganimation\osgdb_deprecated_osganimation.dir\release\plugins .2eccfca3.tlog\rc.write.1.tlog
