d:\proj\c++_proj\openscenegraph-3.3.1\build\src\osgshadow\osgshadow.dir\release\viewdependentshadowmap.obj
d:\proj\c++_proj\openscenegraph-3.3.1\build\src\osgshadow\osgshadow.dir\release\viewdependentshadowtechnique.obj
d:\proj\c++_proj\openscenegraph-3.3.1\build\src\osgshadow\osgshadow.dir\release\standardshadowmap.obj
d:\proj\c++_proj\openscenegraph-3.3.1\build\src\osgshadow\osgshadow.dir\release\minimalshadowmap.obj
d:\proj\c++_proj\openscenegraph-3.3.1\build\src\osgshadow\osgshadow.dir\release\minimaldrawboundsshadowmap.obj
d:\proj\c++_proj\openscenegraph-3.3.1\build\src\osgshadow\osgshadow.dir\release\minimalcullboundsshadowmap.obj
d:\proj\c++_proj\openscenegraph-3.3.1\build\src\osgshadow\osgshadow.dir\release\lightspaceperspectiveshadowmap.obj
d:\proj\c++_proj\openscenegraph-3.3.1\build\src\osgshadow\osgshadow.dir\release\debugshadowmap.obj
d:\proj\c++_proj\openscenegraph-3.3.1\build\src\osgshadow\osgshadow.dir\release\convexpolyhedron.obj
d:\proj\c++_proj\openscenegraph-3.3.1\build\src\osgshadow\osgshadow.dir\release\version.obj
d:\proj\c++_proj\openscenegraph-3.3.1\build\src\osgshadow\osgshadow.dir\release\parallelsplitshadowmap.obj
d:\proj\c++_proj\openscenegraph-3.3.1\build\src\osgshadow\osgshadow.dir\release\softshadowmap.obj
d:\proj\c++_proj\openscenegraph-3.3.1\build\src\osgshadow\osgshadow.dir\release\shadowsettings.obj
d:\proj\c++_proj\openscenegraph-3.3.1\build\src\osgshadow\osgshadow.dir\release\shadowedscene.obj
d:\proj\c++_proj\openscenegraph-3.3.1\build\src\osgshadow\osgshadow.dir\release\shadowvolume.obj
d:\proj\c++_proj\openscenegraph-3.3.1\build\src\osgshadow\osgshadow.dir\release\shadowtexture.obj
d:\proj\c++_proj\openscenegraph-3.3.1\build\src\osgshadow\osgshadow.dir\release\shadowtechnique.obj
d:\proj\c++_proj\openscenegraph-3.3.1\build\src\osgshadow\osgshadow.dir\release\shadowmap.obj
d:\proj\c++_proj\openscenegraph-3.3.1\build\src\osgshadow\osgshadow.dir\release\occludergeometry.obj
d:\proj\c++_proj\openscenegraph-3.3.1\build\src\osgshadow\cmakefiles\generate.stamp
d:\proj\c++_proj\openscenegraph-3.3.1\build\bin\osg111-osgshadow.dll
d:\proj\c++_proj\openscenegraph-3.3.1\build\src\osgshadow\osgshadow.dir\release\openscenegraphversioninfo.res
d:\proj\c++_proj\openscenegraph-3.3.1\build\lib\osgshadow.lib
d:\proj\c++_proj\openscenegraph-3.3.1\build\lib\osgshadow.exp
d:\proj\c++_proj\openscenegraph-3.3.1\build\src\osgshadow\osgshadow.dir\release\osgshadow.tlog\cl.command.1.tlog
d:\proj\c++_proj\openscenegraph-3.3.1\build\src\osgshadow\osgshadow.dir\release\osgshadow.tlog\cl.items.tlog
d:\proj\c++_proj\openscenegraph-3.3.1\build\src\osgshadow\osgshadow.dir\release\osgshadow.tlog\cl.read.1.tlog
d:\proj\c++_proj\openscenegraph-3.3.1\build\src\osgshadow\osgshadow.dir\release\osgshadow.tlog\cl.write.1.tlog
d:\proj\c++_proj\openscenegraph-3.3.1\build\src\osgshadow\osgshadow.dir\release\osgshadow.tlog\custombuild.command.1.tlog
d:\proj\c++_proj\openscenegraph-3.3.1\build\src\osgshadow\osgshadow.dir\release\osgshadow.tlog\custombuild.read.1.tlog
d:\proj\c++_proj\openscenegraph-3.3.1\build\src\osgshadow\osgshadow.dir\release\osgshadow.tlog\custombuild.write.1.tlog
d:\proj\c++_proj\openscenegraph-3.3.1\build\src\osgshadow\osgshadow.dir\release\osgshadow.tlog\link.command.1.tlog
d:\proj\c++_proj\openscenegraph-3.3.1\build\src\osgshadow\osgshadow.dir\release\osgshadow.tlog\link.read.1.tlog
d:\proj\c++_proj\openscenegraph-3.3.1\build\src\osgshadow\osgshadow.dir\release\osgshadow.tlog\link.secondary.1.tlog
d:\proj\c++_proj\openscenegraph-3.3.1\build\src\osgshadow\osgshadow.dir\release\osgshadow.tlog\link.write.1.tlog
d:\proj\c++_proj\openscenegraph-3.3.1\build\src\osgshadow\osgshadow.dir\release\osgshadow.tlog\rc.command.1.tlog
d:\proj\c++_proj\openscenegraph-3.3.1\build\src\osgshadow\osgshadow.dir\release\osgshadow.tlog\rc.read.1.tlog
d:\proj\c++_proj\openscenegraph-3.3.1\build\src\osgshadow\osgshadow.dir\release\osgshadow.tlog\rc.write.1.tlog
