d:\proj\c++_proj\openscenegraph-3.3.1\build\src\osgplugins\curl\osgdb_curl.dir\release\readerwritercurl.obj
d:\proj\c++_proj\openscenegraph-3.3.1\build\src\osgplugins\curl\cmakefiles\generate.stamp
d:\proj\c++_proj\openscenegraph-3.3.1\build\bin\osgplugins-3.3.1\osgdb_curl.dll
d:\proj\c++_proj\openscenegraph-3.3.1\build\bin\osgplugins-3.3.1\libcurl.dll
d:\proj\c++_proj\openscenegraph-3.3.1\build\bin\osgplugins-3.3.1\zlib1.dll
d:\proj\c++_proj\openscenegraph-3.3.1\build\src\osgplugins\curl\osgdb_curl.dir\release\openscenegraphversioninfo.res
d:\proj\c++_proj\openscenegraph-3.3.1\build\src\osgplugins\curl\osgdb_curl.dir\release\plugins curl.tlog\cl.command.1.tlog
d:\proj\c++_proj\openscenegraph-3.3.1\build\src\osgplugins\curl\osgdb_curl.dir\release\plugins curl.tlog\cl.items.tlog
d:\proj\c++_proj\openscenegraph-3.3.1\build\src\osgplugins\curl\osgdb_curl.dir\release\plugins curl.tlog\cl.read.1.tlog
d:\proj\c++_proj\openscenegraph-3.3.1\build\src\osgplugins\curl\osgdb_curl.dir\release\plugins curl.tlog\cl.write.1.tlog
d:\proj\c++_proj\openscenegraph-3.3.1\build\src\osgplugins\curl\osgdb_curl.dir\release\plugins curl.tlog\custombuild.command.1.tlog
d:\proj\c++_proj\openscenegraph-3.3.1\build\src\osgplugins\curl\osgdb_curl.dir\release\plugins curl.tlog\custombuild.read.1.tlog
d:\proj\c++_proj\openscenegraph-3.3.1\build\src\osgplugins\curl\osgdb_curl.dir\release\plugins curl.tlog\custombuild.write.1.tlog
d:\proj\c++_proj\openscenegraph-3.3.1\build\src\osgplugins\curl\osgdb_curl.dir\release\plugins curl.tlog\link.command.1.tlog
d:\proj\c++_proj\openscenegraph-3.3.1\build\src\osgplugins\curl\osgdb_curl.dir\release\plugins curl.tlog\link.read.1.tlog
d:\proj\c++_proj\openscenegraph-3.3.1\build\src\osgplugins\curl\osgdb_curl.dir\release\plugins curl.tlog\link.secondary.1.tlog
d:\proj\c++_proj\openscenegraph-3.3.1\build\src\osgplugins\curl\osgdb_curl.dir\release\plugins curl.tlog\link.write.1.tlog
d:\proj\c++_proj\openscenegraph-3.3.1\build\src\osgplugins\curl\osgdb_curl.dir\release\plugins curl.tlog\plugins curl.write.1u.tlog
d:\proj\c++_proj\openscenegraph-3.3.1\build\src\osgplugins\curl\osgdb_curl.dir\release\plugins curl.tlog\rc.command.1.tlog
d:\proj\c++_proj\openscenegraph-3.3.1\build\src\osgplugins\curl\osgdb_curl.dir\release\plugins curl.tlog\rc.read.1.tlog
d:\proj\c++_proj\openscenegraph-3.3.1\build\src\osgplugins\curl\osgdb_curl.dir\release\plugins curl.tlog\rc.write.1.tlog
