d:\proj\c++_proj\openscenegraph-3.3.1\build\src\osgwrappers\serializers\osgviewer\osgdb_serializers_osgviewer.dir\release\wowvxdisplay.obj
d:\proj\c++_proj\openscenegraph-3.3.1\build\src\osgwrappers\serializers\osgviewer\osgdb_serializers_osgviewer.dir\release\sphericaldisplay.obj
d:\proj\c++_proj\openscenegraph-3.3.1\build\src\osgwrappers\serializers\osgviewer\osgdb_serializers_osgviewer.dir\release\singlewindow.obj
d:\proj\c++_proj\openscenegraph-3.3.1\build\src\osgwrappers\serializers\osgviewer\osgdb_serializers_osgviewer.dir\release\singlescreen.obj
d:\proj\c++_proj\openscenegraph-3.3.1\build\src\osgwrappers\serializers\osgviewer\osgdb_serializers_osgviewer.dir\release\panoramicsphericaldisplay.obj
d:\proj\c++_proj\openscenegraph-3.3.1\build\src\osgwrappers\serializers\osgviewer\osgdb_serializers_osgviewer.dir\release\keystone.obj
d:\proj\c++_proj\openscenegraph-3.3.1\build\src\osgwrappers\serializers\osgviewer\osgdb_serializers_osgviewer.dir\release\config.obj
d:\proj\c++_proj\openscenegraph-3.3.1\build\src\osgwrappers\serializers\osgviewer\osgdb_serializers_osgviewer.dir\release\acrossallscreens.obj
d:\proj\c++_proj\openscenegraph-3.3.1\build\src\osgwrappers\serializers\osgviewer\cmakefiles\generate.stamp
d:\proj\c++_proj\openscenegraph-3.3.1\build\bin\osgplugins-3.3.1\osgdb_serializers_osgviewer.dll
d:\proj\c++_proj\openscenegraph-3.3.1\build\src\osgwrappers\serializers\osgviewer\osgdb_serializers_osgviewer.dir\release\openscenegraphversioninfo.res
d:\proj\c++_proj\openscenegraph-3.3.1\build\src\osgwrappers\serializers\osgviewer\osgdb_serializers_osgviewer.dir\release\plugins .eb582ba9.tlog\cl.command.1.tlog
d:\proj\c++_proj\openscenegraph-3.3.1\build\src\osgwrappers\serializers\osgviewer\osgdb_serializers_osgviewer.dir\release\plugins .eb582ba9.tlog\cl.items.tlog
d:\proj\c++_proj\openscenegraph-3.3.1\build\src\osgwrappers\serializers\osgviewer\osgdb_serializers_osgviewer.dir\release\plugins .eb582ba9.tlog\cl.read.1.tlog
d:\proj\c++_proj\openscenegraph-3.3.1\build\src\osgwrappers\serializers\osgviewer\osgdb_serializers_osgviewer.dir\release\plugins .eb582ba9.tlog\cl.write.1.tlog
d:\proj\c++_proj\openscenegraph-3.3.1\build\src\osgwrappers\serializers\osgviewer\osgdb_serializers_osgviewer.dir\release\plugins .eb582ba9.tlog\custombuild.command.1.tlog
d:\proj\c++_proj\openscenegraph-3.3.1\build\src\osgwrappers\serializers\osgviewer\osgdb_serializers_osgviewer.dir\release\plugins .eb582ba9.tlog\custombuild.read.1.tlog
d:\proj\c++_proj\openscenegraph-3.3.1\build\src\osgwrappers\serializers\osgviewer\osgdb_serializers_osgviewer.dir\release\plugins .eb582ba9.tlog\custombuild.write.1.tlog
d:\proj\c++_proj\openscenegraph-3.3.1\build\src\osgwrappers\serializers\osgviewer\osgdb_serializers_osgviewer.dir\release\plugins .eb582ba9.tlog\link.command.1.tlog
d:\proj\c++_proj\openscenegraph-3.3.1\build\src\osgwrappers\serializers\osgviewer\osgdb_serializers_osgviewer.dir\release\plugins .eb582ba9.tlog\link.read.1.tlog
d:\proj\c++_proj\openscenegraph-3.3.1\build\src\osgwrappers\serializers\osgviewer\osgdb_serializers_osgviewer.dir\release\plugins .eb582ba9.tlog\link.secondary.1.tlog
d:\proj\c++_proj\openscenegraph-3.3.1\build\src\osgwrappers\serializers\osgviewer\osgdb_serializers_osgviewer.dir\release\plugins .eb582ba9.tlog\link.write.1.tlog
d:\proj\c++_proj\openscenegraph-3.3.1\build\src\osgwrappers\serializers\osgviewer\osgdb_serializers_osgviewer.dir\release\plugins .eb582ba9.tlog\rc.command.1.tlog
d:\proj\c++_proj\openscenegraph-3.3.1\build\src\osgwrappers\serializers\osgviewer\osgdb_serializers_osgviewer.dir\release\plugins .eb582ba9.tlog\rc.read.1.tlog
d:\proj\c++_proj\openscenegraph-3.3.1\build\src\osgwrappers\serializers\osgviewer\osgdb_serializers_osgviewer.dir\release\plugins .eb582ba9.tlog\rc.write.1.tlog
