d:\proj\c++_proj\openscenegraph-3.3.1\build\src\osgplugins\3ds\osgdb_3ds.dir\release\lib3ds_io.obj
d:\proj\c++_proj\openscenegraph-3.3.1\build\src\osgplugins\3ds\osgdb_3ds.dir\release\writercomparetriangle.obj
d:\proj\c++_proj\openscenegraph-3.3.1\build\src\osgplugins\3ds\osgdb_3ds.dir\release\writernodevisitor.obj
d:\proj\c++_proj\openscenegraph-3.3.1\build\src\osgplugins\3ds\osgdb_3ds.dir\release\readerwriter3ds.obj
d:\proj\c++_proj\openscenegraph-3.3.1\build\src\osgplugins\3ds\osgdb_3ds.dir\release\lib3ds_viewport.obj
d:\proj\c++_proj\openscenegraph-3.3.1\build\src\osgplugins\3ds\osgdb_3ds.dir\release\lib3ds_vector.obj
d:\proj\c++_proj\openscenegraph-3.3.1\build\src\osgplugins\3ds\osgdb_3ds.dir\release\lib3ds_util.obj
d:\proj\c++_proj\openscenegraph-3.3.1\build\src\osgplugins\3ds\osgdb_3ds.dir\release\lib3ds_track.obj
d:\proj\c++_proj\openscenegraph-3.3.1\build\src\osgplugins\3ds\osgdb_3ds.dir\release\lib3ds_shadow.obj
d:\proj\c++_proj\openscenegraph-3.3.1\build\src\osgplugins\3ds\osgdb_3ds.dir\release\lib3ds_quat.obj
d:\proj\c++_proj\openscenegraph-3.3.1\build\src\osgplugins\3ds\osgdb_3ds.dir\release\lib3ds_node.obj
d:\proj\c++_proj\openscenegraph-3.3.1\build\src\osgplugins\3ds\osgdb_3ds.dir\release\lib3ds_mesh.obj
d:\proj\c++_proj\openscenegraph-3.3.1\build\src\osgplugins\3ds\osgdb_3ds.dir\release\lib3ds_matrix.obj
d:\proj\c++_proj\openscenegraph-3.3.1\build\src\osgplugins\3ds\osgdb_3ds.dir\release\lib3ds_math.obj
d:\proj\c++_proj\openscenegraph-3.3.1\build\src\osgplugins\3ds\osgdb_3ds.dir\release\lib3ds_material.obj
d:\proj\c++_proj\openscenegraph-3.3.1\build\src\osgplugins\3ds\osgdb_3ds.dir\release\lib3ds_light.obj
d:\proj\c++_proj\openscenegraph-3.3.1\build\src\osgplugins\3ds\osgdb_3ds.dir\release\lib3ds_file.obj
d:\proj\c++_proj\openscenegraph-3.3.1\build\src\osgplugins\3ds\osgdb_3ds.dir\release\lib3ds_chunktable.obj
d:\proj\c++_proj\openscenegraph-3.3.1\build\src\osgplugins\3ds\osgdb_3ds.dir\release\lib3ds_chunk.obj
d:\proj\c++_proj\openscenegraph-3.3.1\build\src\osgplugins\3ds\osgdb_3ds.dir\release\lib3ds_camera.obj
d:\proj\c++_proj\openscenegraph-3.3.1\build\src\osgplugins\3ds\osgdb_3ds.dir\release\lib3ds_background.obj
d:\proj\c++_proj\openscenegraph-3.3.1\build\src\osgplugins\3ds\osgdb_3ds.dir\release\lib3ds_atmosphere.obj
d:\proj\c++_proj\openscenegraph-3.3.1\build\src\osgplugins\3ds\cmakefiles\generate.stamp
d:\proj\c++_proj\openscenegraph-3.3.1\build\bin\osgplugins-3.3.1\osgdb_3ds.dll
d:\proj\c++_proj\openscenegraph-3.3.1\build\src\osgplugins\3ds\osgdb_3ds.dir\release\openscenegraphversioninfo.res
d:\proj\c++_proj\openscenegraph-3.3.1\build\src\osgplugins\3ds\osgdb_3ds.dir\release\plugins 3ds.tlog\cl.command.1.tlog
d:\proj\c++_proj\openscenegraph-3.3.1\build\src\osgplugins\3ds\osgdb_3ds.dir\release\plugins 3ds.tlog\cl.items.tlog
d:\proj\c++_proj\openscenegraph-3.3.1\build\src\osgplugins\3ds\osgdb_3ds.dir\release\plugins 3ds.tlog\cl.read.1.tlog
d:\proj\c++_proj\openscenegraph-3.3.1\build\src\osgplugins\3ds\osgdb_3ds.dir\release\plugins 3ds.tlog\cl.write.1.tlog
d:\proj\c++_proj\openscenegraph-3.3.1\build\src\osgplugins\3ds\osgdb_3ds.dir\release\plugins 3ds.tlog\custombuild.command.1.tlog
d:\proj\c++_proj\openscenegraph-3.3.1\build\src\osgplugins\3ds\osgdb_3ds.dir\release\plugins 3ds.tlog\custombuild.read.1.tlog
d:\proj\c++_proj\openscenegraph-3.3.1\build\src\osgplugins\3ds\osgdb_3ds.dir\release\plugins 3ds.tlog\custombuild.write.1.tlog
d:\proj\c++_proj\openscenegraph-3.3.1\build\src\osgplugins\3ds\osgdb_3ds.dir\release\plugins 3ds.tlog\link.command.1.tlog
d:\proj\c++_proj\openscenegraph-3.3.1\build\src\osgplugins\3ds\osgdb_3ds.dir\release\plugins 3ds.tlog\link.read.1.tlog
d:\proj\c++_proj\openscenegraph-3.3.1\build\src\osgplugins\3ds\osgdb_3ds.dir\release\plugins 3ds.tlog\link.secondary.1.tlog
d:\proj\c++_proj\openscenegraph-3.3.1\build\src\osgplugins\3ds\osgdb_3ds.dir\release\plugins 3ds.tlog\link.write.1.tlog
d:\proj\c++_proj\openscenegraph-3.3.1\build\src\osgplugins\3ds\osgdb_3ds.dir\release\plugins 3ds.tlog\rc.command.1.tlog
d:\proj\c++_proj\openscenegraph-3.3.1\build\src\osgplugins\3ds\osgdb_3ds.dir\release\plugins 3ds.tlog\rc.read.1.tlog
d:\proj\c++_proj\openscenegraph-3.3.1\build\src\osgplugins\3ds\osgdb_3ds.dir\release\plugins 3ds.tlog\rc.write.1.tlog
