d:\proj\c++_proj\openscenegraph-3.3.1\build\src\osgwrappers\deprecated-dotosg\osg\osgdb_deprecated_osg.dir\release\convexplanaroccluder.obj
d:\proj\c++_proj\openscenegraph-3.3.1\build\src\osgwrappers\deprecated-dotosg\osg\osgdb_deprecated_osg.dir\release\cone.obj
d:\proj\c++_proj\openscenegraph-3.3.1\build\src\osgwrappers\deprecated-dotosg\osg\osgdb_deprecated_osg.dir\release\compositeshape.obj
d:\proj\c++_proj\openscenegraph-3.3.1\build\src\osgwrappers\deprecated-dotosg\osg\osgdb_deprecated_osg.dir\release\colormatrix.obj
d:\proj\c++_proj\openscenegraph-3.3.1\build\src\osgwrappers\deprecated-dotosg\osg\osgdb_deprecated_osg.dir\release\colormask.obj
d:\proj\c++_proj\openscenegraph-3.3.1\build\src\osgwrappers\deprecated-dotosg\osg\osgdb_deprecated_osg.dir\release\clustercullingcallback.obj
d:\proj\c++_proj\openscenegraph-3.3.1\build\src\osgwrappers\deprecated-dotosg\osg\osgdb_deprecated_osg.dir\release\clipplane.obj
d:\proj\c++_proj\openscenegraph-3.3.1\build\src\osgwrappers\deprecated-dotosg\osg\osgdb_deprecated_osg.dir\release\clipnode.obj
d:\proj\c++_proj\openscenegraph-3.3.1\build\src\osgwrappers\deprecated-dotosg\osg\osgdb_deprecated_osg.dir\release\clearnode.obj
d:\proj\c++_proj\openscenegraph-3.3.1\build\src\osgwrappers\deprecated-dotosg\osg\osgdb_deprecated_osg.dir\release\capsule.obj
d:\proj\c++_proj\openscenegraph-3.3.1\build\src\osgwrappers\deprecated-dotosg\osg\osgdb_deprecated_osg.dir\release\cameraview.obj
d:\proj\c++_proj\openscenegraph-3.3.1\build\src\osgwrappers\deprecated-dotosg\osg\osgdb_deprecated_osg.dir\release\camera.obj
d:\proj\c++_proj\openscenegraph-3.3.1\build\src\osgwrappers\deprecated-dotosg\osg\osgdb_deprecated_osg.dir\release\box.obj
d:\proj\c++_proj\openscenegraph-3.3.1\build\src\osgwrappers\deprecated-dotosg\osg\osgdb_deprecated_osg.dir\release\blendfunc.obj
d:\proj\c++_proj\openscenegraph-3.3.1\build\src\osgwrappers\deprecated-dotosg\osg\osgdb_deprecated_osg.dir\release\blendequation.obj
d:\proj\c++_proj\openscenegraph-3.3.1\build\src\osgwrappers\deprecated-dotosg\osg\osgdb_deprecated_osg.dir\release\blendcolor.obj
d:\proj\c++_proj\openscenegraph-3.3.1\build\src\osgwrappers\deprecated-dotosg\osg\osgdb_deprecated_osg.dir\release\billboard.obj
d:\proj\c++_proj\openscenegraph-3.3.1\build\src\osgwrappers\deprecated-dotosg\osg\osgdb_deprecated_osg.dir\release\autotransform.obj
d:\proj\c++_proj\openscenegraph-3.3.1\build\src\osgwrappers\deprecated-dotosg\osg\osgdb_deprecated_osg.dir\release\animationpath.obj
d:\proj\c++_proj\openscenegraph-3.3.1\build\src\osgwrappers\deprecated-dotosg\osg\osgdb_deprecated_osg.dir\release\alphafunc.obj
d:\proj\c++_proj\openscenegraph-3.3.1\build\src\osgwrappers\deprecated-dotosg\osg\osgdb_deprecated_osg.dir\release\lightsource.obj
d:\proj\c++_proj\openscenegraph-3.3.1\build\src\osgwrappers\deprecated-dotosg\osg\osgdb_deprecated_osg.dir\release\lightmodel.obj
d:\proj\c++_proj\openscenegraph-3.3.1\build\src\osgwrappers\deprecated-dotosg\osg\osgdb_deprecated_osg.dir\release\light.obj
d:\proj\c++_proj\openscenegraph-3.3.1\build\src\osgwrappers\deprecated-dotosg\osg\osgdb_deprecated_osg.dir\release\librarywrapper.obj
d:\proj\c++_proj\openscenegraph-3.3.1\build\src\osgwrappers\deprecated-dotosg\osg\osgdb_deprecated_osg.dir\release\lod.obj
d:\proj\c++_proj\openscenegraph-3.3.1\build\src\osgwrappers\deprecated-dotosg\osg\osgdb_deprecated_osg.dir\release\imagesequence.obj
d:\proj\c++_proj\openscenegraph-3.3.1\build\src\osgwrappers\deprecated-dotosg\osg\osgdb_deprecated_osg.dir\release\image.obj
d:\proj\c++_proj\openscenegraph-3.3.1\build\src\osgwrappers\deprecated-dotosg\osg\osgdb_deprecated_osg.dir\release\heightfield.obj
d:\proj\c++_proj\openscenegraph-3.3.1\build\src\osgwrappers\deprecated-dotosg\osg\osgdb_deprecated_osg.dir\release\group.obj
d:\proj\c++_proj\openscenegraph-3.3.1\build\src\osgwrappers\deprecated-dotosg\osg\osgdb_deprecated_osg.dir\release\geometry.obj
d:\proj\c++_proj\openscenegraph-3.3.1\build\src\osgwrappers\deprecated-dotosg\osg\osgdb_deprecated_osg.dir\release\geode.obj
d:\proj\c++_proj\openscenegraph-3.3.1\build\src\osgwrappers\deprecated-dotosg\osg\osgdb_deprecated_osg.dir\release\frontface.obj
d:\proj\c++_proj\openscenegraph-3.3.1\build\src\osgwrappers\deprecated-dotosg\osg\osgdb_deprecated_osg.dir\release\fragmentprogram.obj
d:\proj\c++_proj\openscenegraph-3.3.1\build\src\osgwrappers\deprecated-dotosg\osg\osgdb_deprecated_osg.dir\release\fog.obj
d:\proj\c++_proj\openscenegraph-3.3.1\build\src\osgwrappers\deprecated-dotosg\osg\osgdb_deprecated_osg.dir\release\ellipsoidmodel.obj
d:\proj\c++_proj\openscenegraph-3.3.1\build\src\osgwrappers\deprecated-dotosg\osg\osgdb_deprecated_osg.dir\release\drawable.obj
d:\proj\c++_proj\openscenegraph-3.3.1\build\src\osgwrappers\deprecated-dotosg\osg\osgdb_deprecated_osg.dir\release\depth.obj
d:\proj\c++_proj\openscenegraph-3.3.1\build\src\osgwrappers\deprecated-dotosg\osg\osgdb_deprecated_osg.dir\release\cylinder.obj
d:\proj\c++_proj\openscenegraph-3.3.1\build\src\osgwrappers\deprecated-dotosg\osg\osgdb_deprecated_osg.dir\release\cullface.obj
d:\proj\c++_proj\openscenegraph-3.3.1\build\src\osgwrappers\deprecated-dotosg\osg\osgdb_deprecated_osg.dir\release\coordinatesystemnode.obj
d:\proj\c++_proj\openscenegraph-3.3.1\build\src\osgwrappers\deprecated-dotosg\osg\osgdb_deprecated_osg.dir\release\scissor.obj
d:\proj\c++_proj\openscenegraph-3.3.1\build\src\osgwrappers\deprecated-dotosg\osg\osgdb_deprecated_osg.dir\release\proxynode.obj
d:\proj\c++_proj\openscenegraph-3.3.1\build\src\osgwrappers\deprecated-dotosg\osg\osgdb_deprecated_osg.dir\release\projection.obj
d:\proj\c++_proj\openscenegraph-3.3.1\build\src\osgwrappers\deprecated-dotosg\osg\osgdb_deprecated_osg.dir\release\program.obj
d:\proj\c++_proj\openscenegraph-3.3.1\build\src\osgwrappers\deprecated-dotosg\osg\osgdb_deprecated_osg.dir\release\positionattitudetransform.obj
d:\proj\c++_proj\openscenegraph-3.3.1\build\src\osgwrappers\deprecated-dotosg\osg\osgdb_deprecated_osg.dir\release\polygonoffset.obj
d:\proj\c++_proj\openscenegraph-3.3.1\build\src\osgwrappers\deprecated-dotosg\osg\osgdb_deprecated_osg.dir\release\polygonmode.obj
d:\proj\c++_proj\openscenegraph-3.3.1\build\src\osgwrappers\deprecated-dotosg\osg\osgdb_deprecated_osg.dir\release\pointsprite.obj
d:\proj\c++_proj\openscenegraph-3.3.1\build\src\osgwrappers\deprecated-dotosg\osg\osgdb_deprecated_osg.dir\release\point.obj
d:\proj\c++_proj\openscenegraph-3.3.1\build\src\osgwrappers\deprecated-dotosg\osg\osgdb_deprecated_osg.dir\release\pagedlod.obj
d:\proj\c++_proj\openscenegraph-3.3.1\build\src\osgwrappers\deprecated-dotosg\osg\osgdb_deprecated_osg.dir\release\occlusionquerynode.obj
d:\proj\c++_proj\openscenegraph-3.3.1\build\src\osgwrappers\deprecated-dotosg\osg\osgdb_deprecated_osg.dir\release\occludernode.obj
d:\proj\c++_proj\openscenegraph-3.3.1\build\src\osgwrappers\deprecated-dotosg\osg\osgdb_deprecated_osg.dir\release\object.obj
d:\proj\c++_proj\openscenegraph-3.3.1\build\src\osgwrappers\deprecated-dotosg\osg\osgdb_deprecated_osg.dir\release\nodecallback.obj
d:\proj\c++_proj\openscenegraph-3.3.1\build\src\osgwrappers\deprecated-dotosg\osg\osgdb_deprecated_osg.dir\release\node.obj
d:\proj\c++_proj\openscenegraph-3.3.1\build\src\osgwrappers\deprecated-dotosg\osg\osgdb_deprecated_osg.dir\release\matrixtransform.obj
d:\proj\c++_proj\openscenegraph-3.3.1\build\src\osgwrappers\deprecated-dotosg\osg\osgdb_deprecated_osg.dir\release\matrix.obj
d:\proj\c++_proj\openscenegraph-3.3.1\build\src\osgwrappers\deprecated-dotosg\osg\osgdb_deprecated_osg.dir\release\material.obj
d:\proj\c++_proj\openscenegraph-3.3.1\build\src\osgwrappers\deprecated-dotosg\osg\osgdb_deprecated_osg.dir\release\linewidth.obj
d:\proj\c++_proj\openscenegraph-3.3.1\build\src\osgwrappers\deprecated-dotosg\osg\osgdb_deprecated_osg.dir\release\linestipple.obj
d:\proj\c++_proj\openscenegraph-3.3.1\build\src\osgwrappers\deprecated-dotosg\osg\osgdb_deprecated_osg.dir\release\texture3d.obj
d:\proj\c++_proj\openscenegraph-3.3.1\build\src\osgwrappers\deprecated-dotosg\osg\osgdb_deprecated_osg.dir\release\texture2d.obj
d:\proj\c++_proj\openscenegraph-3.3.1\build\src\osgwrappers\deprecated-dotosg\osg\osgdb_deprecated_osg.dir\release\texture1d.obj
d:\proj\c++_proj\openscenegraph-3.3.1\build\src\osgwrappers\deprecated-dotosg\osg\osgdb_deprecated_osg.dir\release\texture.obj
d:\proj\c++_proj\openscenegraph-3.3.1\build\src\osgwrappers\deprecated-dotosg\osg\osgdb_deprecated_osg.dir\release\texmat.obj
d:\proj\c++_proj\openscenegraph-3.3.1\build\src\osgwrappers\deprecated-dotosg\osg\osgdb_deprecated_osg.dir\release\texgennode.obj
d:\proj\c++_proj\openscenegraph-3.3.1\build\src\osgwrappers\deprecated-dotosg\osg\osgdb_deprecated_osg.dir\release\texgen.obj
d:\proj\c++_proj\openscenegraph-3.3.1\build\src\osgwrappers\deprecated-dotosg\osg\osgdb_deprecated_osg.dir\release\texenvfilter.obj
d:\proj\c++_proj\openscenegraph-3.3.1\build\src\osgwrappers\deprecated-dotosg\osg\osgdb_deprecated_osg.dir\release\texenvcombine.obj
d:\proj\c++_proj\openscenegraph-3.3.1\build\src\osgwrappers\deprecated-dotosg\osg\osgdb_deprecated_osg.dir\release\texenv.obj
d:\proj\c++_proj\openscenegraph-3.3.1\build\src\osgwrappers\deprecated-dotosg\osg\osgdb_deprecated_osg.dir\release\tessellationhints.obj
d:\proj\c++_proj\openscenegraph-3.3.1\build\src\osgwrappers\deprecated-dotosg\osg\osgdb_deprecated_osg.dir\release\switch.obj
d:\proj\c++_proj\openscenegraph-3.3.1\build\src\osgwrappers\deprecated-dotosg\osg\osgdb_deprecated_osg.dir\release\stencil.obj
d:\proj\c++_proj\openscenegraph-3.3.1\build\src\osgwrappers\deprecated-dotosg\osg\osgdb_deprecated_osg.dir\release\stateset.obj
d:\proj\c++_proj\openscenegraph-3.3.1\build\src\osgwrappers\deprecated-dotosg\osg\osgdb_deprecated_osg.dir\release\stateattribute.obj
d:\proj\c++_proj\openscenegraph-3.3.1\build\src\osgwrappers\deprecated-dotosg\osg\osgdb_deprecated_osg.dir\release\sphere.obj
d:\proj\c++_proj\openscenegraph-3.3.1\build\src\osgwrappers\deprecated-dotosg\osg\osgdb_deprecated_osg.dir\release\shapedrawable.obj
d:\proj\c++_proj\openscenegraph-3.3.1\build\src\osgwrappers\deprecated-dotosg\osg\osgdb_deprecated_osg.dir\release\shader.obj
d:\proj\c++_proj\openscenegraph-3.3.1\build\src\osgwrappers\deprecated-dotosg\osg\osgdb_deprecated_osg.dir\release\shademodel.obj
d:\proj\c++_proj\openscenegraph-3.3.1\build\src\osgwrappers\deprecated-dotosg\osg\osgdb_deprecated_osg.dir\release\sequence.obj
d:\proj\c++_proj\openscenegraph-3.3.1\build\src\osgwrappers\deprecated-dotosg\osg\osgdb_deprecated_osg.dir\release\viewport.obj
d:\proj\c++_proj\openscenegraph-3.3.1\build\src\osgwrappers\deprecated-dotosg\osg\osgdb_deprecated_osg.dir\release\vertexprogram.obj
d:\proj\c++_proj\openscenegraph-3.3.1\build\src\osgwrappers\deprecated-dotosg\osg\osgdb_deprecated_osg.dir\release\uniform.obj
d:\proj\c++_proj\openscenegraph-3.3.1\build\src\osgwrappers\deprecated-dotosg\osg\osgdb_deprecated_osg.dir\release\transform.obj
d:\proj\c++_proj\openscenegraph-3.3.1\build\src\osgwrappers\deprecated-dotosg\osg\osgdb_deprecated_osg.dir\release\transferfunction.obj
d:\proj\c++_proj\openscenegraph-3.3.1\build\src\osgwrappers\deprecated-dotosg\osg\osgdb_deprecated_osg.dir\release\texturerectangle.obj
d:\proj\c++_proj\openscenegraph-3.3.1\build\src\osgwrappers\deprecated-dotosg\osg\osgdb_deprecated_osg.dir\release\texturecubemap.obj
d:\proj\c++_proj\openscenegraph-3.3.1\build\src\osgwrappers\deprecated-dotosg\osg\cmakefiles\generate.stamp
d:\proj\c++_proj\openscenegraph-3.3.1\build\bin\osgplugins-3.3.1\osgdb_deprecated_osg.dll
d:\proj\c++_proj\openscenegraph-3.3.1\build\src\osgwrappers\deprecated-dotosg\osg\osgdb_deprecated_osg.dir\release\openscenegraphversioninfo.res
d:\proj\c++_proj\openscenegraph-3.3.1\build\src\osgwrappers\deprecated-dotosg\osg\osgdb_deprecated_osg.dir\release\plugins .61aa65e0.tlog\cl.command.1.tlog
d:\proj\c++_proj\openscenegraph-3.3.1\build\src\osgwrappers\deprecated-dotosg\osg\osgdb_deprecated_osg.dir\release\plugins .61aa65e0.tlog\cl.items.tlog
d:\proj\c++_proj\openscenegraph-3.3.1\build\src\osgwrappers\deprecated-dotosg\osg\osgdb_deprecated_osg.dir\release\plugins .61aa65e0.tlog\cl.read.1.tlog
d:\proj\c++_proj\openscenegraph-3.3.1\build\src\osgwrappers\deprecated-dotosg\osg\osgdb_deprecated_osg.dir\release\plugins .61aa65e0.tlog\cl.write.1.tlog
d:\proj\c++_proj\openscenegraph-3.3.1\build\src\osgwrappers\deprecated-dotosg\osg\osgdb_deprecated_osg.dir\release\plugins .61aa65e0.tlog\custombuild.command.1.tlog
d:\proj\c++_proj\openscenegraph-3.3.1\build\src\osgwrappers\deprecated-dotosg\osg\osgdb_deprecated_osg.dir\release\plugins .61aa65e0.tlog\custombuild.read.1.tlog
d:\proj\c++_proj\openscenegraph-3.3.1\build\src\osgwrappers\deprecated-dotosg\osg\osgdb_deprecated_osg.dir\release\plugins .61aa65e0.tlog\custombuild.write.1.tlog
d:\proj\c++_proj\openscenegraph-3.3.1\build\src\osgwrappers\deprecated-dotosg\osg\osgdb_deprecated_osg.dir\release\plugins .61aa65e0.tlog\link.command.1.tlog
d:\proj\c++_proj\openscenegraph-3.3.1\build\src\osgwrappers\deprecated-dotosg\osg\osgdb_deprecated_osg.dir\release\plugins .61aa65e0.tlog\link.read.1.tlog
d:\proj\c++_proj\openscenegraph-3.3.1\build\src\osgwrappers\deprecated-dotosg\osg\osgdb_deprecated_osg.dir\release\plugins .61aa65e0.tlog\link.secondary.1.tlog
d:\proj\c++_proj\openscenegraph-3.3.1\build\src\osgwrappers\deprecated-dotosg\osg\osgdb_deprecated_osg.dir\release\plugins .61aa65e0.tlog\link.write.1.tlog
d:\proj\c++_proj\openscenegraph-3.3.1\build\src\osgwrappers\deprecated-dotosg\osg\osgdb_deprecated_osg.dir\release\plugins .61aa65e0.tlog\rc.command.1.tlog
d:\proj\c++_proj\openscenegraph-3.3.1\build\src\osgwrappers\deprecated-dotosg\osg\osgdb_deprecated_osg.dir\release\plugins .61aa65e0.tlog\rc.read.1.tlog
d:\proj\c++_proj\openscenegraph-3.3.1\build\src\osgwrappers\deprecated-dotosg\osg\osgdb_deprecated_osg.dir\release\plugins .61aa65e0.tlog\rc.write.1.tlog
