d:\proj\c++_proj\openscenegraph-3.3.1\build\src\osgplugins\osc\osgdb_osc.dir\release\udpsocket.obj
d:\proj\c++_proj\openscenegraph-3.3.1\build\src\osgplugins\osc\osgdb_osc.dir\release\networkingutils.obj
d:\proj\c++_proj\openscenegraph-3.3.1\build\src\osgplugins\osc\osgdb_osc.dir\release\readerwriteroscdevice.obj
d:\proj\c++_proj\openscenegraph-3.3.1\build\src\osgplugins\osc\osgdb_osc.dir\release\oscsendingdevice.obj
d:\proj\c++_proj\openscenegraph-3.3.1\build\src\osgplugins\osc\osgdb_osc.dir\release\oscreceivingdevice.obj
d:\proj\c++_proj\openscenegraph-3.3.1\build\src\osgplugins\osc\osgdb_osc.dir\release\osctypes.obj
d:\proj\c++_proj\openscenegraph-3.3.1\build\src\osgplugins\osc\osgdb_osc.dir\release\oscreceivedelements.obj
d:\proj\c++_proj\openscenegraph-3.3.1\build\src\osgplugins\osc\osgdb_osc.dir\release\oscprintreceivedelements.obj
d:\proj\c++_proj\openscenegraph-3.3.1\build\src\osgplugins\osc\osgdb_osc.dir\release\oscoutboundpacketstream.obj
d:\proj\c++_proj\openscenegraph-3.3.1\build\src\osgplugins\osc\osgdb_osc.dir\release\ipendpointname.obj
d:\proj\c++_proj\openscenegraph-3.3.1\build\src\osgplugins\osc\cmakefiles\generate.stamp
d:\proj\c++_proj\openscenegraph-3.3.1\build\bin\osgplugins-3.3.1\osgdb_osc.dll
d:\proj\c++_proj\openscenegraph-3.3.1\build\src\osgplugins\osc\osgdb_osc.dir\release\openscenegraphversioninfo.res
d:\proj\c++_proj\openscenegraph-3.3.1\build\src\osgplugins\osc\osgdb_osc.dir\release\plugins osc.tlog\cl.command.1.tlog
d:\proj\c++_proj\openscenegraph-3.3.1\build\src\osgplugins\osc\osgdb_osc.dir\release\plugins osc.tlog\cl.items.tlog
d:\proj\c++_proj\openscenegraph-3.3.1\build\src\osgplugins\osc\osgdb_osc.dir\release\plugins osc.tlog\cl.read.1.tlog
d:\proj\c++_proj\openscenegraph-3.3.1\build\src\osgplugins\osc\osgdb_osc.dir\release\plugins osc.tlog\cl.write.1.tlog
d:\proj\c++_proj\openscenegraph-3.3.1\build\src\osgplugins\osc\osgdb_osc.dir\release\plugins osc.tlog\custombuild.command.1.tlog
d:\proj\c++_proj\openscenegraph-3.3.1\build\src\osgplugins\osc\osgdb_osc.dir\release\plugins osc.tlog\custombuild.read.1.tlog
d:\proj\c++_proj\openscenegraph-3.3.1\build\src\osgplugins\osc\osgdb_osc.dir\release\plugins osc.tlog\custombuild.write.1.tlog
d:\proj\c++_proj\openscenegraph-3.3.1\build\src\osgplugins\osc\osgdb_osc.dir\release\plugins osc.tlog\link.command.1.tlog
d:\proj\c++_proj\openscenegraph-3.3.1\build\src\osgplugins\osc\osgdb_osc.dir\release\plugins osc.tlog\link.read.1.tlog
d:\proj\c++_proj\openscenegraph-3.3.1\build\src\osgplugins\osc\osgdb_osc.dir\release\plugins osc.tlog\link.secondary.1.tlog
d:\proj\c++_proj\openscenegraph-3.3.1\build\src\osgplugins\osc\osgdb_osc.dir\release\plugins osc.tlog\link.write.1.tlog
d:\proj\c++_proj\openscenegraph-3.3.1\build\src\osgplugins\osc\osgdb_osc.dir\release\plugins osc.tlog\rc.command.1.tlog
d:\proj\c++_proj\openscenegraph-3.3.1\build\src\osgplugins\osc\osgdb_osc.dir\release\plugins osc.tlog\rc.read.1.tlog
d:\proj\c++_proj\openscenegraph-3.3.1\build\src\osgplugins\osc\osgdb_osc.dir\release\plugins osc.tlog\rc.write.1.tlog
