d:\proj\c++_proj\openscenegraph-3.3.1\build\src\openthreads\win32\openthreads.dir\release\atomic.obj
d:\proj\c++_proj\openscenegraph-3.3.1\build\src\openthreads\win32\openthreads.dir\release\version.obj
d:\proj\c++_proj\openscenegraph-3.3.1\build\src\openthreads\win32\openthreads.dir\release\win32threadbarrier.obj
d:\proj\c++_proj\openscenegraph-3.3.1\build\src\openthreads\win32\openthreads.dir\release\win32thread.obj
d:\proj\c++_proj\openscenegraph-3.3.1\build\src\openthreads\win32\openthreads.dir\release\win32mutex.obj
d:\proj\c++_proj\openscenegraph-3.3.1\build\src\openthreads\win32\openthreads.dir\release\win32condition.obj
d:\proj\c++_proj\openscenegraph-3.3.1\build\src\openthreads\win32\cmakefiles\generate.stamp
d:\proj\c++_proj\openscenegraph-3.3.1\build\bin\ot20-openthreads.dll
d:\proj\c++_proj\openscenegraph-3.3.1\build\src\openthreads\win32\openthreads.dir\release\openthreadsversioninfo.res
d:\proj\c++_proj\openscenegraph-3.3.1\build\lib\openthreads.lib
d:\proj\c++_proj\openscenegraph-3.3.1\build\lib\openthreads.exp
d:\proj\c++_proj\openscenegraph-3.3.1\build\src\openthreads\win32\openthreads.dir\release\openthreads.tlog\cl.command.1.tlog
d:\proj\c++_proj\openscenegraph-3.3.1\build\src\openthreads\win32\openthreads.dir\release\openthreads.tlog\cl.items.tlog
d:\proj\c++_proj\openscenegraph-3.3.1\build\src\openthreads\win32\openthreads.dir\release\openthreads.tlog\cl.read.1.tlog
d:\proj\c++_proj\openscenegraph-3.3.1\build\src\openthreads\win32\openthreads.dir\release\openthreads.tlog\cl.write.1.tlog
d:\proj\c++_proj\openscenegraph-3.3.1\build\src\openthreads\win32\openthreads.dir\release\openthreads.tlog\custombuild.command.1.tlog
d:\proj\c++_proj\openscenegraph-3.3.1\build\src\openthreads\win32\openthreads.dir\release\openthreads.tlog\custombuild.read.1.tlog
d:\proj\c++_proj\openscenegraph-3.3.1\build\src\openthreads\win32\openthreads.dir\release\openthreads.tlog\custombuild.write.1.tlog
d:\proj\c++_proj\openscenegraph-3.3.1\build\src\openthreads\win32\openthreads.dir\release\openthreads.tlog\link.command.1.tlog
d:\proj\c++_proj\openscenegraph-3.3.1\build\src\openthreads\win32\openthreads.dir\release\openthreads.tlog\link.read.1.tlog
d:\proj\c++_proj\openscenegraph-3.3.1\build\src\openthreads\win32\openthreads.dir\release\openthreads.tlog\link.secondary.1.tlog
d:\proj\c++_proj\openscenegraph-3.3.1\build\src\openthreads\win32\openthreads.dir\release\openthreads.tlog\link.write.1.tlog
d:\proj\c++_proj\openscenegraph-3.3.1\build\src\openthreads\win32\openthreads.dir\release\openthreads.tlog\rc.command.1.tlog
d:\proj\c++_proj\openscenegraph-3.3.1\build\src\openthreads\win32\openthreads.dir\release\openthreads.tlog\rc.read.1.tlog
d:\proj\c++_proj\openscenegraph-3.3.1\build\src\openthreads\win32\openthreads.dir\release\openthreads.tlog\rc.write.1.tlog
