d:\proj\c++_proj\openscenegraph-3.3.1\build\src\osgpresentation\osgpresentation.dir\release\keyeventhandler.obj
d:\proj\c++_proj\openscenegraph-3.3.1\build\src\osgpresentation\osgpresentation.dir\release\propertymanager.obj
d:\proj\c++_proj\openscenegraph-3.3.1\build\src\osgpresentation\osgpresentation.dir\release\pickeventhandler.obj
d:\proj\c++_proj\openscenegraph-3.3.1\build\src\osgpresentation\osgpresentation.dir\release\compileslidecallback.obj
d:\proj\c++_proj\openscenegraph-3.3.1\build\src\osgpresentation\osgpresentation.dir\release\animationmaterial.obj
d:\proj\c++_proj\openscenegraph-3.3.1\build\src\osgpresentation\osgpresentation.dir\release\volume.obj
d:\proj\c++_proj\openscenegraph-3.3.1\build\src\osgpresentation\osgpresentation.dir\release\text.obj
d:\proj\c++_proj\openscenegraph-3.3.1\build\src\osgpresentation\osgpresentation.dir\release\movie.obj
d:\proj\c++_proj\openscenegraph-3.3.1\build\src\osgpresentation\osgpresentation.dir\release\model.obj
d:\proj\c++_proj\openscenegraph-3.3.1\build\src\osgpresentation\osgpresentation.dir\release\image.obj
d:\proj\c++_proj\openscenegraph-3.3.1\build\src\osgpresentation\osgpresentation.dir\release\audio.obj
d:\proj\c++_proj\openscenegraph-3.3.1\build\src\osgpresentation\osgpresentation.dir\release\element.obj
d:\proj\c++_proj\openscenegraph-3.3.1\build\src\osgpresentation\osgpresentation.dir\release\layer.obj
d:\proj\c++_proj\openscenegraph-3.3.1\build\src\osgpresentation\osgpresentation.dir\release\slide.obj
d:\proj\c++_proj\openscenegraph-3.3.1\build\src\osgpresentation\osgpresentation.dir\release\section.obj
d:\proj\c++_proj\openscenegraph-3.3.1\build\src\osgpresentation\osgpresentation.dir\release\presentation.obj
d:\proj\c++_proj\openscenegraph-3.3.1\build\src\osgpresentation\osgpresentation.dir\release\show.obj
d:\proj\c++_proj\openscenegraph-3.3.1\build\src\osgpresentation\osgpresentation.dir\release\group.obj
d:\proj\c++_proj\openscenegraph-3.3.1\build\src\osgpresentation\osgpresentation.dir\release\cursor.obj
d:\proj\c++_proj\openscenegraph-3.3.1\build\src\osgpresentation\osgpresentation.dir\release\action.obj
d:\proj\c++_proj\openscenegraph-3.3.1\build\src\osgpresentation\osgpresentation.dir\release\timeout.obj
d:\proj\c++_proj\openscenegraph-3.3.1\build\src\osgpresentation\osgpresentation.dir\release\slideshowconstructor.obj
d:\proj\c++_proj\openscenegraph-3.3.1\build\src\osgpresentation\osgpresentation.dir\release\slideeventhandler.obj
d:\proj\c++_proj\openscenegraph-3.3.1\build\src\osgpresentation\cmakefiles\generate.stamp
d:\proj\c++_proj\openscenegraph-3.3.1\build\bin\osg111-osgpresentation.dll
d:\proj\c++_proj\openscenegraph-3.3.1\build\src\osgpresentation\osgpresentation.dir\release\openscenegraphversioninfo.res
d:\proj\c++_proj\openscenegraph-3.3.1\build\lib\osgpresentation.lib
d:\proj\c++_proj\openscenegraph-3.3.1\build\lib\osgpresentation.exp
d:\proj\c++_proj\openscenegraph-3.3.1\build\src\osgpresentation\osgpresentation.dir\release\osgpresentation.tlog\cl.command.1.tlog
d:\proj\c++_proj\openscenegraph-3.3.1\build\src\osgpresentation\osgpresentation.dir\release\osgpresentation.tlog\cl.items.tlog
d:\proj\c++_proj\openscenegraph-3.3.1\build\src\osgpresentation\osgpresentation.dir\release\osgpresentation.tlog\cl.read.1.tlog
d:\proj\c++_proj\openscenegraph-3.3.1\build\src\osgpresentation\osgpresentation.dir\release\osgpresentation.tlog\cl.write.1.tlog
d:\proj\c++_proj\openscenegraph-3.3.1\build\src\osgpresentation\osgpresentation.dir\release\osgpresentation.tlog\custombuild.command.1.tlog
d:\proj\c++_proj\openscenegraph-3.3.1\build\src\osgpresentation\osgpresentation.dir\release\osgpresentation.tlog\custombuild.read.1.tlog
d:\proj\c++_proj\openscenegraph-3.3.1\build\src\osgpresentation\osgpresentation.dir\release\osgpresentation.tlog\custombuild.write.1.tlog
d:\proj\c++_proj\openscenegraph-3.3.1\build\src\osgpresentation\osgpresentation.dir\release\osgpresentation.tlog\link.command.1.tlog
d:\proj\c++_proj\openscenegraph-3.3.1\build\src\osgpresentation\osgpresentation.dir\release\osgpresentation.tlog\link.read.1.tlog
d:\proj\c++_proj\openscenegraph-3.3.1\build\src\osgpresentation\osgpresentation.dir\release\osgpresentation.tlog\link.secondary.1.tlog
d:\proj\c++_proj\openscenegraph-3.3.1\build\src\osgpresentation\osgpresentation.dir\release\osgpresentation.tlog\link.write.1.tlog
d:\proj\c++_proj\openscenegraph-3.3.1\build\src\osgpresentation\osgpresentation.dir\release\osgpresentation.tlog\rc.command.1.tlog
d:\proj\c++_proj\openscenegraph-3.3.1\build\src\osgpresentation\osgpresentation.dir\release\osgpresentation.tlog\rc.read.1.tlog
d:\proj\c++_proj\openscenegraph-3.3.1\build\src\osgpresentation\osgpresentation.dir\release\osgpresentation.tlog\rc.write.1.tlog
