d:\proj\c++_proj\openscenegraph-3.3.1\build\src\osgplugins\bsp\osgdb_bsp.dir\release\vbspreader.obj
d:\proj\c++_proj\openscenegraph-3.3.1\build\src\osgplugins\bsp\osgdb_bsp.dir\release\vbspgeometry.obj
d:\proj\c++_proj\openscenegraph-3.3.1\build\src\osgplugins\bsp\osgdb_bsp.dir\release\vbspentity.obj
d:\proj\c++_proj\openscenegraph-3.3.1\build\src\osgplugins\bsp\osgdb_bsp.dir\release\vbspdata.obj
d:\proj\c++_proj\openscenegraph-3.3.1\build\src\osgplugins\bsp\osgdb_bsp.dir\release\q3bspload.obj
d:\proj\c++_proj\openscenegraph-3.3.1\build\src\osgplugins\bsp\osgdb_bsp.dir\release\q3bspreader.obj
d:\proj\c++_proj\openscenegraph-3.3.1\build\src\osgplugins\bsp\osgdb_bsp.dir\release\bitset.obj
d:\proj\c++_proj\openscenegraph-3.3.1\build\src\osgplugins\bsp\osgdb_bsp.dir\release\readerwriterbsp.obj
d:\proj\c++_proj\openscenegraph-3.3.1\build\src\osgplugins\bsp\cmakefiles\generate.stamp
d:\proj\c++_proj\openscenegraph-3.3.1\build\bin\osgplugins-3.3.1\osgdb_bsp.dll
d:\proj\c++_proj\openscenegraph-3.3.1\build\src\osgplugins\bsp\osgdb_bsp.dir\release\openscenegraphversioninfo.res
d:\proj\c++_proj\openscenegraph-3.3.1\build\src\osgplugins\bsp\osgdb_bsp.dir\release\plugins bsp.tlog\cl.command.1.tlog
d:\proj\c++_proj\openscenegraph-3.3.1\build\src\osgplugins\bsp\osgdb_bsp.dir\release\plugins bsp.tlog\cl.items.tlog
d:\proj\c++_proj\openscenegraph-3.3.1\build\src\osgplugins\bsp\osgdb_bsp.dir\release\plugins bsp.tlog\cl.read.1.tlog
d:\proj\c++_proj\openscenegraph-3.3.1\build\src\osgplugins\bsp\osgdb_bsp.dir\release\plugins bsp.tlog\cl.write.1.tlog
d:\proj\c++_proj\openscenegraph-3.3.1\build\src\osgplugins\bsp\osgdb_bsp.dir\release\plugins bsp.tlog\custombuild.command.1.tlog
d:\proj\c++_proj\openscenegraph-3.3.1\build\src\osgplugins\bsp\osgdb_bsp.dir\release\plugins bsp.tlog\custombuild.read.1.tlog
d:\proj\c++_proj\openscenegraph-3.3.1\build\src\osgplugins\bsp\osgdb_bsp.dir\release\plugins bsp.tlog\custombuild.write.1.tlog
d:\proj\c++_proj\openscenegraph-3.3.1\build\src\osgplugins\bsp\osgdb_bsp.dir\release\plugins bsp.tlog\link.command.1.tlog
d:\proj\c++_proj\openscenegraph-3.3.1\build\src\osgplugins\bsp\osgdb_bsp.dir\release\plugins bsp.tlog\link.read.1.tlog
d:\proj\c++_proj\openscenegraph-3.3.1\build\src\osgplugins\bsp\osgdb_bsp.dir\release\plugins bsp.tlog\link.secondary.1.tlog
d:\proj\c++_proj\openscenegraph-3.3.1\build\src\osgplugins\bsp\osgdb_bsp.dir\release\plugins bsp.tlog\link.write.1.tlog
d:\proj\c++_proj\openscenegraph-3.3.1\build\src\osgplugins\bsp\osgdb_bsp.dir\release\plugins bsp.tlog\rc.command.1.tlog
d:\proj\c++_proj\openscenegraph-3.3.1\build\src\osgplugins\bsp\osgdb_bsp.dir\release\plugins bsp.tlog\rc.read.1.tlog
d:\proj\c++_proj\openscenegraph-3.3.1\build\src\osgplugins\bsp\osgdb_bsp.dir\release\plugins bsp.tlog\rc.write.1.tlog
