d:\proj\c++_proj\openscenegraph-3.3.1\build\src\osgwidget\osgwidget.dir\release\windowmanager.obj
d:\proj\c++_proj\openscenegraph-3.3.1\build\src\osgwidget\osgwidget.dir\release\window.obj
d:\proj\c++_proj\openscenegraph-3.3.1\build\src\osgwidget\osgwidget.dir\release\widget.obj
d:\proj\c++_proj\openscenegraph-3.3.1\build\src\osgwidget\osgwidget.dir\release\viewereventhandlers.obj
d:\proj\c++_proj\openscenegraph-3.3.1\build\src\osgwidget\osgwidget.dir\release\version.obj
d:\proj\c++_proj\openscenegraph-3.3.1\build\src\osgwidget\osgwidget.dir\release\util.obj
d:\proj\c++_proj\openscenegraph-3.3.1\build\src\osgwidget\osgwidget.dir\release\table.obj
d:\proj\c++_proj\openscenegraph-3.3.1\build\src\osgwidget\osgwidget.dir\release\stylemanager.obj
d:\proj\c++_proj\openscenegraph-3.3.1\build\src\osgwidget\osgwidget.dir\release\python.obj
d:\proj\c++_proj\openscenegraph-3.3.1\build\src\osgwidget\osgwidget.dir\release\lua.obj
d:\proj\c++_proj\openscenegraph-3.3.1\build\src\osgwidget\osgwidget.dir\release\label.obj
d:\proj\c++_proj\openscenegraph-3.3.1\build\src\osgwidget\osgwidget.dir\release\input.obj
d:\proj\c++_proj\openscenegraph-3.3.1\build\src\osgwidget\osgwidget.dir\release\frame.obj
d:\proj\c++_proj\openscenegraph-3.3.1\build\src\osgwidget\osgwidget.dir\release\canvas.obj
d:\proj\c++_proj\openscenegraph-3.3.1\build\src\osgwidget\osgwidget.dir\release\vncclient.obj
d:\proj\c++_proj\openscenegraph-3.3.1\build\src\osgwidget\osgwidget.dir\release\pdfreader.obj
d:\proj\c++_proj\openscenegraph-3.3.1\build\src\osgwidget\osgwidget.dir\release\browser.obj
d:\proj\c++_proj\openscenegraph-3.3.1\build\src\osgwidget\osgwidget.dir\release\box.obj
d:\proj\c++_proj\openscenegraph-3.3.1\build\src\osgwidget\cmakefiles\generate.stamp
d:\proj\c++_proj\openscenegraph-3.3.1\build\bin\osg111-osgwidget.dll
d:\proj\c++_proj\openscenegraph-3.3.1\build\src\osgwidget\osgwidget.dir\release\openscenegraphversioninfo.res
d:\proj\c++_proj\openscenegraph-3.3.1\build\lib\osgwidget.lib
d:\proj\c++_proj\openscenegraph-3.3.1\build\lib\osgwidget.exp
d:\proj\c++_proj\openscenegraph-3.3.1\build\src\osgwidget\osgwidget.dir\release\osgwidget.tlog\cl.command.1.tlog
d:\proj\c++_proj\openscenegraph-3.3.1\build\src\osgwidget\osgwidget.dir\release\osgwidget.tlog\cl.items.tlog
d:\proj\c++_proj\openscenegraph-3.3.1\build\src\osgwidget\osgwidget.dir\release\osgwidget.tlog\cl.read.1.tlog
d:\proj\c++_proj\openscenegraph-3.3.1\build\src\osgwidget\osgwidget.dir\release\osgwidget.tlog\cl.write.1.tlog
d:\proj\c++_proj\openscenegraph-3.3.1\build\src\osgwidget\osgwidget.dir\release\osgwidget.tlog\custombuild.command.1.tlog
d:\proj\c++_proj\openscenegraph-3.3.1\build\src\osgwidget\osgwidget.dir\release\osgwidget.tlog\custombuild.read.1.tlog
d:\proj\c++_proj\openscenegraph-3.3.1\build\src\osgwidget\osgwidget.dir\release\osgwidget.tlog\custombuild.write.1.tlog
d:\proj\c++_proj\openscenegraph-3.3.1\build\src\osgwidget\osgwidget.dir\release\osgwidget.tlog\link.command.1.tlog
d:\proj\c++_proj\openscenegraph-3.3.1\build\src\osgwidget\osgwidget.dir\release\osgwidget.tlog\link.read.1.tlog
d:\proj\c++_proj\openscenegraph-3.3.1\build\src\osgwidget\osgwidget.dir\release\osgwidget.tlog\link.secondary.1.tlog
d:\proj\c++_proj\openscenegraph-3.3.1\build\src\osgwidget\osgwidget.dir\release\osgwidget.tlog\link.write.1.tlog
d:\proj\c++_proj\openscenegraph-3.3.1\build\src\osgwidget\osgwidget.dir\release\osgwidget.tlog\rc.command.1.tlog
d:\proj\c++_proj\openscenegraph-3.3.1\build\src\osgwidget\osgwidget.dir\release\osgwidget.tlog\rc.read.1.tlog
d:\proj\c++_proj\openscenegraph-3.3.1\build\src\osgwidget\osgwidget.dir\release\osgwidget.tlog\rc.write.1.tlog
