d:\proj\c++_proj\openscenegraph-3.3.1\build\src\osgwrappers\serializers\osgparticle\osgdb_serializers_osgparticle.dir\release\forceoperator.obj
d:\proj\c++_proj\openscenegraph-3.3.1\build\src\osgwrappers\serializers\osgparticle\osgdb_serializers_osgparticle.dir\release\fluidprogram.obj
d:\proj\c++_proj\openscenegraph-3.3.1\build\src\osgwrappers\serializers\osgparticle\osgdb_serializers_osgparticle.dir\release\fluidfrictionoperator.obj
d:\proj\c++_proj\openscenegraph-3.3.1\build\src\osgwrappers\serializers\osgparticle\osgdb_serializers_osgparticle.dir\release\fireeffect.obj
d:\proj\c++_proj\openscenegraph-3.3.1\build\src\osgwrappers\serializers\osgparticle\osgdb_serializers_osgparticle.dir\release\explosionoperator.obj
d:\proj\c++_proj\openscenegraph-3.3.1\build\src\osgwrappers\serializers\osgparticle\osgdb_serializers_osgparticle.dir\release\explosioneffect.obj
d:\proj\c++_proj\openscenegraph-3.3.1\build\src\osgwrappers\serializers\osgparticle\osgdb_serializers_osgparticle.dir\release\explosiondebriseffect.obj
d:\proj\c++_proj\openscenegraph-3.3.1\build\src\osgwrappers\serializers\osgparticle\osgdb_serializers_osgparticle.dir\release\emitter.obj
d:\proj\c++_proj\openscenegraph-3.3.1\build\src\osgwrappers\serializers\osgparticle\osgdb_serializers_osgparticle.dir\release\domainoperator.obj
d:\proj\c++_proj\openscenegraph-3.3.1\build\src\osgwrappers\serializers\osgparticle\osgdb_serializers_osgparticle.dir\release\dampingoperator.obj
d:\proj\c++_proj\openscenegraph-3.3.1\build\src\osgwrappers\serializers\osgparticle\osgdb_serializers_osgparticle.dir\release\counter.obj
d:\proj\c++_proj\openscenegraph-3.3.1\build\src\osgwrappers\serializers\osgparticle\osgdb_serializers_osgparticle.dir\release\constantratecounter.obj
d:\proj\c++_proj\openscenegraph-3.3.1\build\src\osgwrappers\serializers\osgparticle\osgdb_serializers_osgparticle.dir\release\connectedparticlesystem.obj
d:\proj\c++_proj\openscenegraph-3.3.1\build\src\osgwrappers\serializers\osgparticle\osgdb_serializers_osgparticle.dir\release\compositeplacer.obj
d:\proj\c++_proj\openscenegraph-3.3.1\build\src\osgwrappers\serializers\osgparticle\osgdb_serializers_osgparticle.dir\release\centeredplacer.obj
d:\proj\c++_proj\openscenegraph-3.3.1\build\src\osgwrappers\serializers\osgparticle\osgdb_serializers_osgparticle.dir\release\boxplacer.obj
d:\proj\c++_proj\openscenegraph-3.3.1\build\src\osgwrappers\serializers\osgparticle\osgdb_serializers_osgparticle.dir\release\bounceoperator.obj
d:\proj\c++_proj\openscenegraph-3.3.1\build\src\osgwrappers\serializers\osgparticle\osgdb_serializers_osgparticle.dir\release\angulardampingoperator.obj
d:\proj\c++_proj\openscenegraph-3.3.1\build\src\osgwrappers\serializers\osgparticle\osgdb_serializers_osgparticle.dir\release\angularacceloperator.obj
d:\proj\c++_proj\openscenegraph-3.3.1\build\src\osgwrappers\serializers\osgparticle\osgdb_serializers_osgparticle.dir\release\acceloperator.obj
d:\proj\c++_proj\openscenegraph-3.3.1\build\src\osgwrappers\serializers\osgparticle\osgdb_serializers_osgparticle.dir\release\sectorplacer.obj
d:\proj\c++_proj\openscenegraph-3.3.1\build\src\osgwrappers\serializers\osgparticle\osgdb_serializers_osgparticle.dir\release\randomratecounter.obj
d:\proj\c++_proj\openscenegraph-3.3.1\build\src\osgwrappers\serializers\osgparticle\osgdb_serializers_osgparticle.dir\release\radialshooter.obj
d:\proj\c++_proj\openscenegraph-3.3.1\build\src\osgwrappers\serializers\osgparticle\osgdb_serializers_osgparticle.dir\release\program.obj
d:\proj\c++_proj\openscenegraph-3.3.1\build\src\osgwrappers\serializers\osgparticle\osgdb_serializers_osgparticle.dir\release\precipitationeffect.obj
d:\proj\c++_proj\openscenegraph-3.3.1\build\src\osgwrappers\serializers\osgparticle\osgdb_serializers_osgparticle.dir\release\pointplacer.obj
d:\proj\c++_proj\openscenegraph-3.3.1\build\src\osgwrappers\serializers\osgparticle\osgdb_serializers_osgparticle.dir\release\placer.obj
d:\proj\c++_proj\openscenegraph-3.3.1\build\src\osgwrappers\serializers\osgparticle\osgdb_serializers_osgparticle.dir\release\particlesystemupdater.obj
d:\proj\c++_proj\openscenegraph-3.3.1\build\src\osgwrappers\serializers\osgparticle\osgdb_serializers_osgparticle.dir\release\particlesystem.obj
d:\proj\c++_proj\openscenegraph-3.3.1\build\src\osgwrappers\serializers\osgparticle\osgdb_serializers_osgparticle.dir\release\particleprocessor.obj
d:\proj\c++_proj\openscenegraph-3.3.1\build\src\osgwrappers\serializers\osgparticle\osgdb_serializers_osgparticle.dir\release\particleeffect.obj
d:\proj\c++_proj\openscenegraph-3.3.1\build\src\osgwrappers\serializers\osgparticle\osgdb_serializers_osgparticle.dir\release\particle.obj
d:\proj\c++_proj\openscenegraph-3.3.1\build\src\osgwrappers\serializers\osgparticle\osgdb_serializers_osgparticle.dir\release\orbitoperator.obj
d:\proj\c++_proj\openscenegraph-3.3.1\build\src\osgwrappers\serializers\osgparticle\osgdb_serializers_osgparticle.dir\release\operator.obj
d:\proj\c++_proj\openscenegraph-3.3.1\build\src\osgwrappers\serializers\osgparticle\osgdb_serializers_osgparticle.dir\release\multisegmentplacer.obj
d:\proj\c++_proj\openscenegraph-3.3.1\build\src\osgwrappers\serializers\osgparticle\osgdb_serializers_osgparticle.dir\release\modularprogram.obj
d:\proj\c++_proj\openscenegraph-3.3.1\build\src\osgwrappers\serializers\osgparticle\osgdb_serializers_osgparticle.dir\release\modularemitter.obj
d:\proj\c++_proj\openscenegraph-3.3.1\build\src\osgwrappers\serializers\osgparticle\osgdb_serializers_osgparticle.dir\release\linearinterpolator.obj
d:\proj\c++_proj\openscenegraph-3.3.1\build\src\osgwrappers\serializers\osgparticle\osgdb_serializers_osgparticle.dir\release\librarywrapper.obj
d:\proj\c++_proj\openscenegraph-3.3.1\build\src\osgwrappers\serializers\osgparticle\osgdb_serializers_osgparticle.dir\release\interpolator.obj
d:\proj\c++_proj\openscenegraph-3.3.1\build\src\osgwrappers\serializers\osgparticle\osgdb_serializers_osgparticle.dir\release\variableratecounter.obj
d:\proj\c++_proj\openscenegraph-3.3.1\build\src\osgwrappers\serializers\osgparticle\osgdb_serializers_osgparticle.dir\release\smoketraileffect.obj
d:\proj\c++_proj\openscenegraph-3.3.1\build\src\osgwrappers\serializers\osgparticle\osgdb_serializers_osgparticle.dir\release\smokeeffect.obj
d:\proj\c++_proj\openscenegraph-3.3.1\build\src\osgwrappers\serializers\osgparticle\osgdb_serializers_osgparticle.dir\release\sinkoperator.obj
d:\proj\c++_proj\openscenegraph-3.3.1\build\src\osgwrappers\serializers\osgparticle\osgdb_serializers_osgparticle.dir\release\shooter.obj
d:\proj\c++_proj\openscenegraph-3.3.1\build\src\osgwrappers\serializers\osgparticle\osgdb_serializers_osgparticle.dir\release\segmentplacer.obj
d:\proj\c++_proj\openscenegraph-3.3.1\build\src\osgwrappers\serializers\osgparticle\cmakefiles\generate.stamp
d:\proj\c++_proj\openscenegraph-3.3.1\build\bin\osgplugins-3.3.1\osgdb_serializers_osgparticle.dll
d:\proj\c++_proj\openscenegraph-3.3.1\build\src\osgwrappers\serializers\osgparticle\osgdb_serializers_osgparticle.dir\release\openscenegraphversioninfo.res
d:\proj\c++_proj\openscenegraph-3.3.1\build\src\osgwrappers\serializers\osgparticle\osgdb_serializers_osgparticle.dir\release\plugins .6f19cb37.tlog\cl.command.1.tlog
d:\proj\c++_proj\openscenegraph-3.3.1\build\src\osgwrappers\serializers\osgparticle\osgdb_serializers_osgparticle.dir\release\plugins .6f19cb37.tlog\cl.items.tlog
d:\proj\c++_proj\openscenegraph-3.3.1\build\src\osgwrappers\serializers\osgparticle\osgdb_serializers_osgparticle.dir\release\plugins .6f19cb37.tlog\cl.read.1.tlog
d:\proj\c++_proj\openscenegraph-3.3.1\build\src\osgwrappers\serializers\osgparticle\osgdb_serializers_osgparticle.dir\release\plugins .6f19cb37.tlog\cl.write.1.tlog
d:\proj\c++_proj\openscenegraph-3.3.1\build\src\osgwrappers\serializers\osgparticle\osgdb_serializers_osgparticle.dir\release\plugins .6f19cb37.tlog\custombuild.command.1.tlog
d:\proj\c++_proj\openscenegraph-3.3.1\build\src\osgwrappers\serializers\osgparticle\osgdb_serializers_osgparticle.dir\release\plugins .6f19cb37.tlog\custombuild.read.1.tlog
d:\proj\c++_proj\openscenegraph-3.3.1\build\src\osgwrappers\serializers\osgparticle\osgdb_serializers_osgparticle.dir\release\plugins .6f19cb37.tlog\custombuild.write.1.tlog
d:\proj\c++_proj\openscenegraph-3.3.1\build\src\osgwrappers\serializers\osgparticle\osgdb_serializers_osgparticle.dir\release\plugins .6f19cb37.tlog\link.command.1.tlog
d:\proj\c++_proj\openscenegraph-3.3.1\build\src\osgwrappers\serializers\osgparticle\osgdb_serializers_osgparticle.dir\release\plugins .6f19cb37.tlog\link.read.1.tlog
d:\proj\c++_proj\openscenegraph-3.3.1\build\src\osgwrappers\serializers\osgparticle\osgdb_serializers_osgparticle.dir\release\plugins .6f19cb37.tlog\link.secondary.1.tlog
d:\proj\c++_proj\openscenegraph-3.3.1\build\src\osgwrappers\serializers\osgparticle\osgdb_serializers_osgparticle.dir\release\plugins .6f19cb37.tlog\link.write.1.tlog
d:\proj\c++_proj\openscenegraph-3.3.1\build\src\osgwrappers\serializers\osgparticle\osgdb_serializers_osgparticle.dir\release\plugins .6f19cb37.tlog\rc.command.1.tlog
d:\proj\c++_proj\openscenegraph-3.3.1\build\src\osgwrappers\serializers\osgparticle\osgdb_serializers_osgparticle.dir\release\plugins .6f19cb37.tlog\rc.read.1.tlog
d:\proj\c++_proj\openscenegraph-3.3.1\build\src\osgwrappers\serializers\osgparticle\osgdb_serializers_osgparticle.dir\release\plugins .6f19cb37.tlog\rc.write.1.tlog
