d:\proj\c++_proj\openscenegraph-3.3.1\build\src\osgwrappers\serializers\osgga\osgdb_serializers_osgga.dir\release\ufomanipulator.obj
d:\proj\c++_proj\openscenegraph-3.3.1\build\src\osgwrappers\serializers\osgga\osgdb_serializers_osgga.dir\release\trackballmanipulator.obj
d:\proj\c++_proj\openscenegraph-3.3.1\build\src\osgwrappers\serializers\osgga\osgdb_serializers_osgga.dir\release\touchdata.obj
d:\proj\c++_proj\openscenegraph-3.3.1\build\src\osgwrappers\serializers\osgga\osgdb_serializers_osgga.dir\release\terrainmanipulator.obj
d:\proj\c++_proj\openscenegraph-3.3.1\build\src\osgwrappers\serializers\osgga\osgdb_serializers_osgga.dir\release\statesetmanipulator.obj
d:\proj\c++_proj\openscenegraph-3.3.1\build\src\osgwrappers\serializers\osgga\osgdb_serializers_osgga.dir\release\multitouchtrackballmanipulator.obj
d:\proj\c++_proj\openscenegraph-3.3.1\build\src\osgwrappers\serializers\osgga\osgdb_serializers_osgga.dir\release\keyswitchmatrixmanipulator.obj
d:\proj\c++_proj\openscenegraph-3.3.1\build\src\osgwrappers\serializers\osgga\osgdb_serializers_osgga.dir\release\guieventadapter.obj
d:\proj\c++_proj\openscenegraph-3.3.1\build\src\osgwrappers\serializers\osgga\osgdb_serializers_osgga.dir\release\flightmanipulator.obj
d:\proj\c++_proj\openscenegraph-3.3.1\build\src\osgwrappers\serializers\osgga\osgdb_serializers_osgga.dir\release\drivemanipulator.obj
d:\proj\c++_proj\openscenegraph-3.3.1\build\src\osgwrappers\serializers\osgga\osgdb_serializers_osgga.dir\release\animationpathmanipulator.obj
d:\proj\c++_proj\openscenegraph-3.3.1\build\src\osgwrappers\serializers\osgga\cmakefiles\generate.stamp
d:\proj\c++_proj\openscenegraph-3.3.1\build\bin\osgplugins-3.3.1\osgdb_serializers_osgga.dll
d:\proj\c++_proj\openscenegraph-3.3.1\build\src\osgwrappers\serializers\osgga\osgdb_serializers_osgga.dir\release\openscenegraphversioninfo.res
d:\proj\c++_proj\openscenegraph-3.3.1\build\src\osgwrappers\serializers\osgga\osgdb_serializers_osgga.dir\release\plugins .a5336ce1.tlog\cl.command.1.tlog
d:\proj\c++_proj\openscenegraph-3.3.1\build\src\osgwrappers\serializers\osgga\osgdb_serializers_osgga.dir\release\plugins .a5336ce1.tlog\cl.items.tlog
d:\proj\c++_proj\openscenegraph-3.3.1\build\src\osgwrappers\serializers\osgga\osgdb_serializers_osgga.dir\release\plugins .a5336ce1.tlog\cl.read.1.tlog
d:\proj\c++_proj\openscenegraph-3.3.1\build\src\osgwrappers\serializers\osgga\osgdb_serializers_osgga.dir\release\plugins .a5336ce1.tlog\cl.write.1.tlog
d:\proj\c++_proj\openscenegraph-3.3.1\build\src\osgwrappers\serializers\osgga\osgdb_serializers_osgga.dir\release\plugins .a5336ce1.tlog\custombuild.command.1.tlog
d:\proj\c++_proj\openscenegraph-3.3.1\build\src\osgwrappers\serializers\osgga\osgdb_serializers_osgga.dir\release\plugins .a5336ce1.tlog\custombuild.read.1.tlog
d:\proj\c++_proj\openscenegraph-3.3.1\build\src\osgwrappers\serializers\osgga\osgdb_serializers_osgga.dir\release\plugins .a5336ce1.tlog\custombuild.write.1.tlog
d:\proj\c++_proj\openscenegraph-3.3.1\build\src\osgwrappers\serializers\osgga\osgdb_serializers_osgga.dir\release\plugins .a5336ce1.tlog\link.command.1.tlog
d:\proj\c++_proj\openscenegraph-3.3.1\build\src\osgwrappers\serializers\osgga\osgdb_serializers_osgga.dir\release\plugins .a5336ce1.tlog\link.read.1.tlog
d:\proj\c++_proj\openscenegraph-3.3.1\build\src\osgwrappers\serializers\osgga\osgdb_serializers_osgga.dir\release\plugins .a5336ce1.tlog\link.secondary.1.tlog
d:\proj\c++_proj\openscenegraph-3.3.1\build\src\osgwrappers\serializers\osgga\osgdb_serializers_osgga.dir\release\plugins .a5336ce1.tlog\link.write.1.tlog
d:\proj\c++_proj\openscenegraph-3.3.1\build\src\osgwrappers\serializers\osgga\osgdb_serializers_osgga.dir\release\plugins .a5336ce1.tlog\rc.command.1.tlog
d:\proj\c++_proj\openscenegraph-3.3.1\build\src\osgwrappers\serializers\osgga\osgdb_serializers_osgga.dir\release\plugins .a5336ce1.tlog\rc.read.1.tlog
d:\proj\c++_proj\openscenegraph-3.3.1\build\src\osgwrappers\serializers\osgga\osgdb_serializers_osgga.dir\release\plugins .a5336ce1.tlog\rc.write.1.tlog
