d:\proj\c++_proj\openscenegraph-3.3.1\build\src\osgplugins\txp\osgdb_txp.dir\release\trpage_readbuf.obj
d:\proj\c++_proj\openscenegraph-3.3.1\build\src\osgplugins\txp\osgdb_txp.dir\release\trpage_rarchive.obj
d:\proj\c++_proj\openscenegraph-3.3.1\build\src\osgplugins\txp\osgdb_txp.dir\release\trpage_range.obj
d:\proj\c++_proj\openscenegraph-3.3.1\build\src\osgplugins\txp\osgdb_txp.dir\release\trpage_print_parse.obj
d:\proj\c++_proj\openscenegraph-3.3.1\build\src\osgplugins\txp\osgdb_txp.dir\release\trpage_print.obj
d:\proj\c++_proj\openscenegraph-3.3.1\build\src\osgplugins\txp\osgdb_txp.dir\release\trpage_pparse.obj
d:\proj\c++_proj\openscenegraph-3.3.1\build\src\osgplugins\txp\osgdb_txp.dir\release\trpage_parse.obj
d:\proj\c++_proj\openscenegraph-3.3.1\build\src\osgplugins\txp\osgdb_txp.dir\release\trpage_nodes.obj
d:\proj\c++_proj\openscenegraph-3.3.1\build\src\osgplugins\txp\osgdb_txp.dir\release\trpage_model.obj
d:\proj\c++_proj\openscenegraph-3.3.1\build\src\osgplugins\txp\osgdb_txp.dir\release\trpage_material.obj
d:\proj\c++_proj\openscenegraph-3.3.1\build\src\osgplugins\txp\osgdb_txp.dir\release\trpage_managers.obj
d:\proj\c++_proj\openscenegraph-3.3.1\build\src\osgplugins\txp\osgdb_txp.dir\release\trpage_main.obj
d:\proj\c++_proj\openscenegraph-3.3.1\build\src\osgplugins\txp\osgdb_txp.dir\release\trpage_light.obj
d:\proj\c++_proj\openscenegraph-3.3.1\build\src\osgplugins\txp\osgdb_txp.dir\release\trpage_label.obj
d:\proj\c++_proj\openscenegraph-3.3.1\build\src\osgplugins\txp\osgdb_txp.dir\release\trpage_header.obj
d:\proj\c++_proj\openscenegraph-3.3.1\build\src\osgplugins\txp\osgdb_txp.dir\release\trpage_geom.obj
d:\proj\c++_proj\openscenegraph-3.3.1\build\src\osgplugins\txp\osgdb_txp.dir\release\trpage_compat.obj
d:\proj\c++_proj\openscenegraph-3.3.1\build\src\osgplugins\txp\osgdb_txp.dir\release\trpage_basic.obj
d:\proj\c++_proj\openscenegraph-3.3.1\build\src\osgplugins\txp\osgdb_txp.dir\release\tilemapper.obj
d:\proj\c++_proj\openscenegraph-3.3.1\build\src\osgplugins\txp\osgdb_txp.dir\release\readerwritertxp.obj
d:\proj\c++_proj\openscenegraph-3.3.1\build\src\osgplugins\txp\osgdb_txp.dir\release\txpseamlod.obj
d:\proj\c++_proj\openscenegraph-3.3.1\build\src\osgplugins\txp\osgdb_txp.dir\release\txpparser.obj
d:\proj\c++_proj\openscenegraph-3.3.1\build\src\osgplugins\txp\osgdb_txp.dir\release\txppagemanager.obj
d:\proj\c++_proj\openscenegraph-3.3.1\build\src\osgplugins\txp\osgdb_txp.dir\release\txppagedlod.obj
d:\proj\c++_proj\openscenegraph-3.3.1\build\src\osgplugins\txp\osgdb_txp.dir\release\txpnode.obj
d:\proj\c++_proj\openscenegraph-3.3.1\build\src\osgplugins\txp\osgdb_txp.dir\release\txpio.obj
d:\proj\c++_proj\openscenegraph-3.3.1\build\src\osgplugins\txp\osgdb_txp.dir\release\txparchive.obj
d:\proj\c++_proj\openscenegraph-3.3.1\build\src\osgplugins\txp\osgdb_txp.dir\release\trpage_writebuf.obj
d:\proj\c++_proj\openscenegraph-3.3.1\build\src\osgplugins\txp\osgdb_txp.dir\release\trpage_warchive.obj
d:\proj\c++_proj\openscenegraph-3.3.1\build\src\osgplugins\txp\osgdb_txp.dir\release\trpage_util.obj
d:\proj\c++_proj\openscenegraph-3.3.1\build\src\osgplugins\txp\osgdb_txp.dir\release\trpage_tile.obj
d:\proj\c++_proj\openscenegraph-3.3.1\build\src\osgplugins\txp\osgdb_txp.dir\release\trpage_swap.obj
d:\proj\c++_proj\openscenegraph-3.3.1\build\src\osgplugins\txp\osgdb_txp.dir\release\trpage_scene.obj
d:\proj\c++_proj\openscenegraph-3.3.1\build\src\osgplugins\txp\cmakefiles\generate.stamp
d:\proj\c++_proj\openscenegraph-3.3.1\build\bin\osgplugins-3.3.1\osgdb_txp.dll
d:\proj\c++_proj\openscenegraph-3.3.1\build\src\osgplugins\txp\osgdb_txp.dir\release\openscenegraphversioninfo.res
d:\proj\c++_proj\openscenegraph-3.3.1\build\src\osgplugins\txp\osgdb_txp.dir\release\plugins txp.tlog\cl.command.1.tlog
d:\proj\c++_proj\openscenegraph-3.3.1\build\src\osgplugins\txp\osgdb_txp.dir\release\plugins txp.tlog\cl.items.tlog
d:\proj\c++_proj\openscenegraph-3.3.1\build\src\osgplugins\txp\osgdb_txp.dir\release\plugins txp.tlog\cl.read.1.tlog
d:\proj\c++_proj\openscenegraph-3.3.1\build\src\osgplugins\txp\osgdb_txp.dir\release\plugins txp.tlog\cl.write.1.tlog
d:\proj\c++_proj\openscenegraph-3.3.1\build\src\osgplugins\txp\osgdb_txp.dir\release\plugins txp.tlog\custombuild.command.1.tlog
d:\proj\c++_proj\openscenegraph-3.3.1\build\src\osgplugins\txp\osgdb_txp.dir\release\plugins txp.tlog\custombuild.read.1.tlog
d:\proj\c++_proj\openscenegraph-3.3.1\build\src\osgplugins\txp\osgdb_txp.dir\release\plugins txp.tlog\custombuild.write.1.tlog
d:\proj\c++_proj\openscenegraph-3.3.1\build\src\osgplugins\txp\osgdb_txp.dir\release\plugins txp.tlog\link.command.1.tlog
d:\proj\c++_proj\openscenegraph-3.3.1\build\src\osgplugins\txp\osgdb_txp.dir\release\plugins txp.tlog\link.read.1.tlog
d:\proj\c++_proj\openscenegraph-3.3.1\build\src\osgplugins\txp\osgdb_txp.dir\release\plugins txp.tlog\link.secondary.1.tlog
d:\proj\c++_proj\openscenegraph-3.3.1\build\src\osgplugins\txp\osgdb_txp.dir\release\plugins txp.tlog\link.write.1.tlog
d:\proj\c++_proj\openscenegraph-3.3.1\build\src\osgplugins\txp\osgdb_txp.dir\release\plugins txp.tlog\rc.command.1.tlog
d:\proj\c++_proj\openscenegraph-3.3.1\build\src\osgplugins\txp\osgdb_txp.dir\release\plugins txp.tlog\rc.read.1.tlog
d:\proj\c++_proj\openscenegraph-3.3.1\build\src\osgplugins\txp\osgdb_txp.dir\release\plugins txp.tlog\rc.write.1.tlog
