d:\proj\c++_proj\openscenegraph-3.3.1\build\src\osgfx\osgfx.dir\release\version.obj
d:\proj\c++_proj\openscenegraph-3.3.1\build\src\osgfx\osgfx.dir\release\validator.obj
d:\proj\c++_proj\openscenegraph-3.3.1\build\src\osgfx\osgfx.dir\release\technique.obj
d:\proj\c++_proj\openscenegraph-3.3.1\build\src\osgfx\osgfx.dir\release\specularhighlights.obj
d:\proj\c++_proj\openscenegraph-3.3.1\build\src\osgfx\osgfx.dir\release\scribe.obj
d:\proj\c++_proj\openscenegraph-3.3.1\build\src\osgfx\osgfx.dir\release\registry.obj
d:\proj\c++_proj\openscenegraph-3.3.1\build\src\osgfx\osgfx.dir\release\outline.obj
d:\proj\c++_proj\openscenegraph-3.3.1\build\src\osgfx\osgfx.dir\release\multitexturecontrol.obj
d:\proj\c++_proj\openscenegraph-3.3.1\build\src\osgfx\osgfx.dir\release\effect.obj
d:\proj\c++_proj\openscenegraph-3.3.1\build\src\osgfx\osgfx.dir\release\cartoon.obj
d:\proj\c++_proj\openscenegraph-3.3.1\build\src\osgfx\osgfx.dir\release\bumpmapping.obj
d:\proj\c++_proj\openscenegraph-3.3.1\build\src\osgfx\osgfx.dir\release\anisotropiclighting.obj
d:\proj\c++_proj\openscenegraph-3.3.1\build\src\osgfx\cmakefiles\generate.stamp
d:\proj\c++_proj\openscenegraph-3.3.1\build\bin\osg111-osgfx.dll
d:\proj\c++_proj\openscenegraph-3.3.1\build\src\osgfx\osgfx.dir\release\openscenegraphversioninfo.res
d:\proj\c++_proj\openscenegraph-3.3.1\build\lib\osgfx.lib
d:\proj\c++_proj\openscenegraph-3.3.1\build\lib\osgfx.exp
d:\proj\c++_proj\openscenegraph-3.3.1\build\src\osgfx\osgfx.dir\release\osgfx.tlog\cl.command.1.tlog
d:\proj\c++_proj\openscenegraph-3.3.1\build\src\osgfx\osgfx.dir\release\osgfx.tlog\cl.items.tlog
d:\proj\c++_proj\openscenegraph-3.3.1\build\src\osgfx\osgfx.dir\release\osgfx.tlog\cl.read.1.tlog
d:\proj\c++_proj\openscenegraph-3.3.1\build\src\osgfx\osgfx.dir\release\osgfx.tlog\cl.write.1.tlog
d:\proj\c++_proj\openscenegraph-3.3.1\build\src\osgfx\osgfx.dir\release\osgfx.tlog\custombuild.command.1.tlog
d:\proj\c++_proj\openscenegraph-3.3.1\build\src\osgfx\osgfx.dir\release\osgfx.tlog\custombuild.read.1.tlog
d:\proj\c++_proj\openscenegraph-3.3.1\build\src\osgfx\osgfx.dir\release\osgfx.tlog\custombuild.write.1.tlog
d:\proj\c++_proj\openscenegraph-3.3.1\build\src\osgfx\osgfx.dir\release\osgfx.tlog\link.command.1.tlog
d:\proj\c++_proj\openscenegraph-3.3.1\build\src\osgfx\osgfx.dir\release\osgfx.tlog\link.read.1.tlog
d:\proj\c++_proj\openscenegraph-3.3.1\build\src\osgfx\osgfx.dir\release\osgfx.tlog\link.secondary.1.tlog
d:\proj\c++_proj\openscenegraph-3.3.1\build\src\osgfx\osgfx.dir\release\osgfx.tlog\link.write.1.tlog
d:\proj\c++_proj\openscenegraph-3.3.1\build\src\osgfx\osgfx.dir\release\osgfx.tlog\rc.command.1.tlog
d:\proj\c++_proj\openscenegraph-3.3.1\build\src\osgfx\osgfx.dir\release\osgfx.tlog\rc.read.1.tlog
d:\proj\c++_proj\openscenegraph-3.3.1\build\src\osgfx\osgfx.dir\release\osgfx.tlog\rc.write.1.tlog
