d:\proj\c++_proj\openscenegraph-3.3.1\build\src\osg\osg.dir\release\clipplane.obj
d:\proj\c++_proj\openscenegraph-3.3.1\build\src\osg\osg.dir\release\clipnode.obj
d:\proj\c++_proj\openscenegraph-3.3.1\build\src\osg\osg.dir\release\clearnode.obj
d:\proj\c++_proj\openscenegraph-3.3.1\build\src\osg\osg.dir\release\clampcolor.obj
d:\proj\c++_proj\openscenegraph-3.3.1\build\src\osg\osg.dir\release\cameraview.obj
d:\proj\c++_proj\openscenegraph-3.3.1\build\src\osg\osg.dir\release\camera.obj
d:\proj\c++_proj\openscenegraph-3.3.1\build\src\osg\osg.dir\release\bufferobject.obj
d:\proj\c++_proj\openscenegraph-3.3.1\build\src\osg\osg.dir\release\bufferindexbinding.obj
d:\proj\c++_proj\openscenegraph-3.3.1\build\src\osg\osg.dir\release\blendfunc.obj
d:\proj\c++_proj\openscenegraph-3.3.1\build\src\osg\osg.dir\release\blendequation.obj
d:\proj\c++_proj\openscenegraph-3.3.1\build\src\osg\osg.dir\release\blendcolor.obj
d:\proj\c++_proj\openscenegraph-3.3.1\build\src\osg\osg.dir\release\billboard.obj
d:\proj\c++_proj\openscenegraph-3.3.1\build\src\osg\osg.dir\release\autotransform.obj
d:\proj\c++_proj\openscenegraph-3.3.1\build\src\osg\osg.dir\release\audiostream.obj
d:\proj\c++_proj\openscenegraph-3.3.1\build\src\osg\osg.dir\release\arraydispatchers.obj
d:\proj\c++_proj\openscenegraph-3.3.1\build\src\osg\osg.dir\release\array.obj
d:\proj\c++_proj\openscenegraph-3.3.1\build\src\osg\osg.dir\release\argumentparser.obj
d:\proj\c++_proj\openscenegraph-3.3.1\build\src\osg\osg.dir\release\applicationusage.obj
d:\proj\c++_proj\openscenegraph-3.3.1\build\src\osg\osg.dir\release\animationpath.obj
d:\proj\c++_proj\openscenegraph-3.3.1\build\src\osg\osg.dir\release\alphafunc.obj
d:\proj\c++_proj\openscenegraph-3.3.1\build\src\osg\osg.dir\release\fog.obj
d:\proj\c++_proj\openscenegraph-3.3.1\build\src\osg\osg.dir\release\dxtctool.obj
d:\proj\c++_proj\openscenegraph-3.3.1\build\src\osg\osg.dir\release\drawpixels.obj
d:\proj\c++_proj\openscenegraph-3.3.1\build\src\osg\osg.dir\release\drawable.obj
d:\proj\c++_proj\openscenegraph-3.3.1\build\src\osg\osg.dir\release\displaysettings.obj
d:\proj\c++_proj\openscenegraph-3.3.1\build\src\osg\osg.dir\release\depth.obj
d:\proj\c++_proj\openscenegraph-3.3.1\build\src\osg\osg.dir\release\deletehandler.obj
d:\proj\c++_proj\openscenegraph-3.3.1\build\src\osg\osg.dir\release\cullstack.obj
d:\proj\c++_proj\openscenegraph-3.3.1\build\src\osg\osg.dir\release\cullsettings.obj
d:\proj\c++_proj\openscenegraph-3.3.1\build\src\osg\osg.dir\release\cullingset.obj
d:\proj\c++_proj\openscenegraph-3.3.1\build\src\osg\osg.dir\release\cullface.obj
d:\proj\c++_proj\openscenegraph-3.3.1\build\src\osg\osg.dir\release\copyop.obj
d:\proj\c++_proj\openscenegraph-3.3.1\build\src\osg\osg.dir\release\coordinatesystemnode.obj
d:\proj\c++_proj\openscenegraph-3.3.1\build\src\osg\osg.dir\release\convexplanarpolygon.obj
d:\proj\c++_proj\openscenegraph-3.3.1\build\src\osg\osg.dir\release\convexplanaroccluder.obj
d:\proj\c++_proj\openscenegraph-3.3.1\build\src\osg\osg.dir\release\computeboundsvisitor.obj
d:\proj\c++_proj\openscenegraph-3.3.1\build\src\osg\osg.dir\release\colormatrix.obj
d:\proj\c++_proj\openscenegraph-3.3.1\build\src\osg\osg.dir\release\colormask.obj
d:\proj\c++_proj\openscenegraph-3.3.1\build\src\osg\osg.dir\release\collectoccludersvisitor.obj
d:\proj\c++_proj\openscenegraph-3.3.1\build\src\osg\osg.dir\release\clustercullingcallback.obj
d:\proj\c++_proj\openscenegraph-3.3.1\build\src\osg\osg.dir\release\imageutils.obj
d:\proj\c++_proj\openscenegraph-3.3.1\build\src\osg\osg.dir\release\imagestream.obj
d:\proj\c++_proj\openscenegraph-3.3.1\build\src\osg\osg.dir\release\imagesequence.obj
d:\proj\c++_proj\openscenegraph-3.3.1\build\src\osg\osg.dir\release\image.obj
d:\proj\c++_proj\openscenegraph-3.3.1\build\src\osg\osg.dir\release\hint.obj
d:\proj\c++_proj\openscenegraph-3.3.1\build\src\osg\osg.dir\release\group.obj
d:\proj\c++_proj\openscenegraph-3.3.1\build\src\osg\osg.dir\release\graphicsthread.obj
d:\proj\c++_proj\openscenegraph-3.3.1\build\src\osg\osg.dir\release\graphicscontext.obj
d:\proj\c++_proj\openscenegraph-3.3.1\build\src\osg\osg.dir\release\graphicscostestimator.obj
d:\proj\c++_proj\openscenegraph-3.3.1\build\src\osg\osg.dir\release\glstaticlibrary.obj
d:\proj\c++_proj\openscenegraph-3.3.1\build\src\osg\osg.dir\release\globjects.obj
d:\proj\c++_proj\openscenegraph-3.3.1\build\src\osg\osg.dir\release\glbeginendadapter.obj
d:\proj\c++_proj\openscenegraph-3.3.1\build\src\osg\osg.dir\release\glextensions.obj
d:\proj\c++_proj\openscenegraph-3.3.1\build\src\osg\osg.dir\release\gl2extensions.obj
d:\proj\c++_proj\openscenegraph-3.3.1\build\src\osg\osg.dir\release\geometry.obj
d:\proj\c++_proj\openscenegraph-3.3.1\build\src\osg\osg.dir\release\geode.obj
d:\proj\c++_proj\openscenegraph-3.3.1\build\src\osg\osg.dir\release\frontface.obj
d:\proj\c++_proj\openscenegraph-3.3.1\build\src\osg\osg.dir\release\framestamp.obj
d:\proj\c++_proj\openscenegraph-3.3.1\build\src\osg\osg.dir\release\framebufferobject.obj
d:\proj\c++_proj\openscenegraph-3.3.1\build\src\osg\osg.dir\release\fragmentprogram.obj
d:\proj\c++_proj\openscenegraph-3.3.1\build\src\osg\osg.dir\release\nodevisitor.obj
d:\proj\c++_proj\openscenegraph-3.3.1\build\src\osg\osg.dir\release\nodetrackercallback.obj
d:\proj\c++_proj\openscenegraph-3.3.1\build\src\osg\osg.dir\release\node.obj
d:\proj\c++_proj\openscenegraph-3.3.1\build\src\osg\osg.dir\release\nodecallback.obj
d:\proj\c++_proj\openscenegraph-3.3.1\build\src\osg\osg.dir\release\multisample.obj
d:\proj\c++_proj\openscenegraph-3.3.1\build\src\osg\osg.dir\release\matrixtransform.obj
d:\proj\c++_proj\openscenegraph-3.3.1\build\src\osg\osg.dir\release\matrixf.obj
d:\proj\c++_proj\openscenegraph-3.3.1\build\src\osg\osg.dir\release\matrixdecomposition.obj
d:\proj\c++_proj\openscenegraph-3.3.1\build\src\osg\osg.dir\release\matrixd.obj
d:\proj\c++_proj\openscenegraph-3.3.1\build\src\osg\osg.dir\release\math.obj
d:\proj\c++_proj\openscenegraph-3.3.1\build\src\osg\osg.dir\release\material.obj
d:\proj\c++_proj\openscenegraph-3.3.1\build\src\osg\osg.dir\release\logicop.obj
d:\proj\c++_proj\openscenegraph-3.3.1\build\src\osg\osg.dir\release\lod.obj
d:\proj\c++_proj\openscenegraph-3.3.1\build\src\osg\osg.dir\release\linewidth.obj
d:\proj\c++_proj\openscenegraph-3.3.1\build\src\osg\osg.dir\release\linestipple.obj
d:\proj\c++_proj\openscenegraph-3.3.1\build\src\osg\osg.dir\release\linesegment.obj
d:\proj\c++_proj\openscenegraph-3.3.1\build\src\osg\osg.dir\release\lightsource.obj
d:\proj\c++_proj\openscenegraph-3.3.1\build\src\osg\osg.dir\release\lightmodel.obj
d:\proj\c++_proj\openscenegraph-3.3.1\build\src\osg\osg.dir\release\light.obj
d:\proj\c++_proj\openscenegraph-3.3.1\build\src\osg\osg.dir\release\kdtree.obj
d:\proj\c++_proj\openscenegraph-3.3.1\build\src\osg\osg.dir\release\proxynode.obj
d:\proj\c++_proj\openscenegraph-3.3.1\build\src\osg\osg.dir\release\projection.obj
d:\proj\c++_proj\openscenegraph-3.3.1\build\src\osg\osg.dir\release\program.obj
d:\proj\c++_proj\openscenegraph-3.3.1\build\src\osg\osg.dir\release\primitiverestartindex.obj
d:\proj\c++_proj\openscenegraph-3.3.1\build\src\osg\osg.dir\release\primitiveset.obj
d:\proj\c++_proj\openscenegraph-3.3.1\build\src\osg\osg.dir\release\positionattitudetransform.obj
d:\proj\c++_proj\openscenegraph-3.3.1\build\src\osg\osg.dir\release\polygonstipple.obj
d:\proj\c++_proj\openscenegraph-3.3.1\build\src\osg\osg.dir\release\polygonoffset.obj
d:\proj\c++_proj\openscenegraph-3.3.1\build\src\osg\osg.dir\release\polygonmode.obj
d:\proj\c++_proj\openscenegraph-3.3.1\build\src\osg\osg.dir\release\pointsprite.obj
d:\proj\c++_proj\openscenegraph-3.3.1\build\src\osg\osg.dir\release\point.obj
d:\proj\c++_proj\openscenegraph-3.3.1\build\src\osg\osg.dir\release\pagedlod.obj
d:\proj\c++_proj\openscenegraph-3.3.1\build\src\osg\osg.dir\release\patchparameter.obj
d:\proj\c++_proj\openscenegraph-3.3.1\build\src\osg\osg.dir\release\operationthread.obj
d:\proj\c++_proj\openscenegraph-3.3.1\build\src\osg\osg.dir\release\occlusionquerynode.obj
d:\proj\c++_proj\openscenegraph-3.3.1\build\src\osg\osg.dir\release\occludernode.obj
d:\proj\c++_proj\openscenegraph-3.3.1\build\src\osg\osg.dir\release\observernodepath.obj
d:\proj\c++_proj\openscenegraph-3.3.1\build\src\osg\osg.dir\release\observer.obj
d:\proj\c++_proj\openscenegraph-3.3.1\build\src\osg\osg.dir\release\object.obj
d:\proj\c++_proj\openscenegraph-3.3.1\build\src\osg\osg.dir\release\notify.obj
d:\proj\c++_proj\openscenegraph-3.3.1\build\src\osg\osg.dir\release\switch.obj
d:\proj\c++_proj\openscenegraph-3.3.1\build\src\osg\osg.dir\release\stenciltwosided.obj
d:\proj\c++_proj\openscenegraph-3.3.1\build\src\osg\osg.dir\release\stencil.obj
d:\proj\c++_proj\openscenegraph-3.3.1\build\src\osg\osg.dir\release\stats.obj
d:\proj\c++_proj\openscenegraph-3.3.1\build\src\osg\osg.dir\release\stateset.obj
d:\proj\c++_proj\openscenegraph-3.3.1\build\src\osg\osg.dir\release\state.obj
d:\proj\c++_proj\openscenegraph-3.3.1\build\src\osg\osg.dir\release\stateattribute.obj
d:\proj\c++_proj\openscenegraph-3.3.1\build\src\osg\osg.dir\release\shapedrawable.obj
d:\proj\c++_proj\openscenegraph-3.3.1\build\src\osg\osg.dir\release\shape.obj
d:\proj\c++_proj\openscenegraph-3.3.1\build\src\osg\osg.dir\release\shadowvolumeoccluder.obj
d:\proj\c++_proj\openscenegraph-3.3.1\build\src\osg\osg.dir\release\shadercomposer.obj
d:\proj\c++_proj\openscenegraph-3.3.1\build\src\osg\osg.dir\release\shaderattribute.obj
d:\proj\c++_proj\openscenegraph-3.3.1\build\src\osg\osg.dir\release\shader.obj
d:\proj\c++_proj\openscenegraph-3.3.1\build\src\osg\osg.dir\release\shademodel.obj
d:\proj\c++_proj\openscenegraph-3.3.1\build\src\osg\osg.dir\release\sequence.obj
d:\proj\c++_proj\openscenegraph-3.3.1\build\src\osg\osg.dir\release\scriptengine.obj
d:\proj\c++_proj\openscenegraph-3.3.1\build\src\osg\osg.dir\release\scissor.obj
d:\proj\c++_proj\openscenegraph-3.3.1\build\src\osg\osg.dir\release\samplemaski.obj
d:\proj\c++_proj\openscenegraph-3.3.1\build\src\osg\osg.dir\release\referenced.obj
d:\proj\c++_proj\openscenegraph-3.3.1\build\src\osg\osg.dir\release\quat.obj
d:\proj\c++_proj\openscenegraph-3.3.1\build\src\osg\osg.dir\release\userdatacontainer.obj
d:\proj\c++_proj\openscenegraph-3.3.1\build\src\osg\osg.dir\release\uniform.obj
d:\proj\c++_proj\openscenegraph-3.3.1\build\src\osg\osg.dir\release\transform.obj
d:\proj\c++_proj\openscenegraph-3.3.1\build\src\osg\osg.dir\release\transferfunction.obj
d:\proj\c++_proj\openscenegraph-3.3.1\build\src\osg\osg.dir\release\timer.obj
d:\proj\c++_proj\openscenegraph-3.3.1\build\src\osg\osg.dir\release\texturerectangle.obj
d:\proj\c++_proj\openscenegraph-3.3.1\build\src\osg\osg.dir\release\texturecubemap.obj
d:\proj\c++_proj\openscenegraph-3.3.1\build\src\osg\osg.dir\release\texturebuffer.obj
d:\proj\c++_proj\openscenegraph-3.3.1\build\src\osg\osg.dir\release\texture.obj
d:\proj\c++_proj\openscenegraph-3.3.1\build\src\osg\osg.dir\release\texture3d.obj
d:\proj\c++_proj\openscenegraph-3.3.1\build\src\osg\osg.dir\release\texture2dmultisample.obj
d:\proj\c++_proj\openscenegraph-3.3.1\build\src\osg\osg.dir\release\texture2d.obj
d:\proj\c++_proj\openscenegraph-3.3.1\build\src\osg\osg.dir\release\texture2darray.obj
d:\proj\c++_proj\openscenegraph-3.3.1\build\src\osg\osg.dir\release\texture1d.obj
d:\proj\c++_proj\openscenegraph-3.3.1\build\src\osg\osg.dir\release\texmat.obj
d:\proj\c++_proj\openscenegraph-3.3.1\build\src\osg\osg.dir\release\texgennode.obj
d:\proj\c++_proj\openscenegraph-3.3.1\build\src\osg\osg.dir\release\texgen.obj
d:\proj\c++_proj\openscenegraph-3.3.1\build\src\osg\osg.dir\release\texenvfilter.obj
d:\proj\c++_proj\openscenegraph-3.3.1\build\src\osg\osg.dir\release\texenv.obj
d:\proj\c++_proj\openscenegraph-3.3.1\build\src\osg\osg.dir\release\texenvcombine.obj
d:\proj\c++_proj\openscenegraph-3.3.1\build\src\osg\osg.dir\release\tess.obj
d:\proj\c++_proj\openscenegraph-3.3.1\build\src\osg\osg.dir\release\geom.obj
d:\proj\c++_proj\openscenegraph-3.3.1\build\src\osg\osg.dir\release\dict.obj
d:\proj\c++_proj\openscenegraph-3.3.1\build\src\osg\osg.dir\release\sweep.obj
d:\proj\c++_proj\openscenegraph-3.3.1\build\src\osg\osg.dir\release\tessmono.obj
d:\proj\c++_proj\openscenegraph-3.3.1\build\src\osg\osg.dir\release\mesh.obj
d:\proj\c++_proj\openscenegraph-3.3.1\build\src\osg\osg.dir\release\render.obj
d:\proj\c++_proj\openscenegraph-3.3.1\build\src\osg\osg.dir\release\priorityq.obj
d:\proj\c++_proj\openscenegraph-3.3.1\build\src\osg\osg.dir\release\memalloc.obj
d:\proj\c++_proj\openscenegraph-3.3.1\build\src\osg\osg.dir\release\normal.obj
d:\proj\c++_proj\openscenegraph-3.3.1\build\src\osg\osg.dir\release\mipmap.obj
d:\proj\c++_proj\openscenegraph-3.3.1\build\src\osg\osg.dir\release\error.obj
d:\proj\c++_proj\openscenegraph-3.3.1\build\src\osg\osg.dir\release\viewport.obj
d:\proj\c++_proj\openscenegraph-3.3.1\build\src\osg\osg.dir\release\view.obj
d:\proj\c++_proj\openscenegraph-3.3.1\build\src\osg\osg.dir\release\vertexprogram.obj
d:\proj\c++_proj\openscenegraph-3.3.1\build\src\osg\osg.dir\release\version.obj
d:\proj\c++_proj\openscenegraph-3.3.1\build\src\osg\cmakefiles\generate.stamp
d:\proj\c++_proj\openscenegraph-3.3.1\build\bin\osg111-osg.dll
d:\proj\c++_proj\openscenegraph-3.3.1\build\src\osg\osg.dir\release\openscenegraphversioninfo.res
d:\proj\c++_proj\openscenegraph-3.3.1\build\lib\osg.lib
d:\proj\c++_proj\openscenegraph-3.3.1\build\lib\osg.exp
d:\proj\c++_proj\openscenegraph-3.3.1\build\src\osg\osg.dir\release\osg.tlog\cl.command.1.tlog
d:\proj\c++_proj\openscenegraph-3.3.1\build\src\osg\osg.dir\release\osg.tlog\cl.items.tlog
d:\proj\c++_proj\openscenegraph-3.3.1\build\src\osg\osg.dir\release\osg.tlog\cl.read.1.tlog
d:\proj\c++_proj\openscenegraph-3.3.1\build\src\osg\osg.dir\release\osg.tlog\cl.write.1.tlog
d:\proj\c++_proj\openscenegraph-3.3.1\build\src\osg\osg.dir\release\osg.tlog\custombuild.command.1.tlog
d:\proj\c++_proj\openscenegraph-3.3.1\build\src\osg\osg.dir\release\osg.tlog\custombuild.read.1.tlog
d:\proj\c++_proj\openscenegraph-3.3.1\build\src\osg\osg.dir\release\osg.tlog\custombuild.write.1.tlog
d:\proj\c++_proj\openscenegraph-3.3.1\build\src\osg\osg.dir\release\osg.tlog\link.command.1.tlog
d:\proj\c++_proj\openscenegraph-3.3.1\build\src\osg\osg.dir\release\osg.tlog\link.read.1.tlog
d:\proj\c++_proj\openscenegraph-3.3.1\build\src\osg\osg.dir\release\osg.tlog\link.secondary.1.tlog
d:\proj\c++_proj\openscenegraph-3.3.1\build\src\osg\osg.dir\release\osg.tlog\link.write.1.tlog
d:\proj\c++_proj\openscenegraph-3.3.1\build\src\osg\osg.dir\release\osg.tlog\rc.command.1.tlog
d:\proj\c++_proj\openscenegraph-3.3.1\build\src\osg\osg.dir\release\osg.tlog\rc.read.1.tlog
d:\proj\c++_proj\openscenegraph-3.3.1\build\src\osg\osg.dir\release\osg.tlog\rc.write.1.tlog
