d:\proj\c++_proj\openscenegraph-3.3.1\build\src\osgplugins\png\osgdb_png.dir\release\readerwriterpng.obj
d:\proj\c++_proj\openscenegraph-3.3.1\build\src\osgplugins\png\cmakefiles\generate.stamp
d:\proj\c++_proj\openscenegraph-3.3.1\build\bin\osgplugins-3.3.1\osgdb_png.dll
d:\proj\c++_proj\openscenegraph-3.3.1\build\bin\osgplugins-3.3.1\libpng16.dll
d:\proj\c++_proj\openscenegraph-3.3.1\build\bin\osgplugins-3.3.1\zlib1.dll
d:\proj\c++_proj\openscenegraph-3.3.1\build\src\osgplugins\png\osgdb_png.dir\release\openscenegraphversioninfo.res
d:\proj\c++_proj\openscenegraph-3.3.1\build\src\osgplugins\png\osgdb_png.dir\release\plugins png.tlog\cl.command.1.tlog
d:\proj\c++_proj\openscenegraph-3.3.1\build\src\osgplugins\png\osgdb_png.dir\release\plugins png.tlog\cl.items.tlog
d:\proj\c++_proj\openscenegraph-3.3.1\build\src\osgplugins\png\osgdb_png.dir\release\plugins png.tlog\cl.read.1.tlog
d:\proj\c++_proj\openscenegraph-3.3.1\build\src\osgplugins\png\osgdb_png.dir\release\plugins png.tlog\cl.write.1.tlog
d:\proj\c++_proj\openscenegraph-3.3.1\build\src\osgplugins\png\osgdb_png.dir\release\plugins png.tlog\custombuild.command.1.tlog
d:\proj\c++_proj\openscenegraph-3.3.1\build\src\osgplugins\png\osgdb_png.dir\release\plugins png.tlog\custombuild.read.1.tlog
d:\proj\c++_proj\openscenegraph-3.3.1\build\src\osgplugins\png\osgdb_png.dir\release\plugins png.tlog\custombuild.write.1.tlog
d:\proj\c++_proj\openscenegraph-3.3.1\build\src\osgplugins\png\osgdb_png.dir\release\plugins png.tlog\link.command.1.tlog
d:\proj\c++_proj\openscenegraph-3.3.1\build\src\osgplugins\png\osgdb_png.dir\release\plugins png.tlog\link.read.1.tlog
d:\proj\c++_proj\openscenegraph-3.3.1\build\src\osgplugins\png\osgdb_png.dir\release\plugins png.tlog\link.secondary.1.tlog
d:\proj\c++_proj\openscenegraph-3.3.1\build\src\osgplugins\png\osgdb_png.dir\release\plugins png.tlog\link.write.1.tlog
d:\proj\c++_proj\openscenegraph-3.3.1\build\src\osgplugins\png\osgdb_png.dir\release\plugins png.tlog\plugins png.write.1u.tlog
d:\proj\c++_proj\openscenegraph-3.3.1\build\src\osgplugins\png\osgdb_png.dir\release\plugins png.tlog\rc.command.1.tlog
d:\proj\c++_proj\openscenegraph-3.3.1\build\src\osgplugins\png\osgdb_png.dir\release\plugins png.tlog\rc.read.1.tlog
d:\proj\c++_proj\openscenegraph-3.3.1\build\src\osgplugins\png\osgdb_png.dir\release\plugins png.tlog\rc.write.1.tlog
