d:\proj\c++_proj\openscenegraph-3.3.1\build\src\osgwrappers\serializers\osganimation\osgdb_serializers_osganimation.dir\release\timeline.obj
d:\proj\c++_proj\openscenegraph-3.3.1\build\src\osgwrappers\serializers\osganimation\osgdb_serializers_osganimation.dir\release\stackedtranslateelement.obj
d:\proj\c++_proj\openscenegraph-3.3.1\build\src\osgwrappers\serializers\osganimation\osgdb_serializers_osganimation.dir\release\stackedtransformelement.obj
d:\proj\c++_proj\openscenegraph-3.3.1\build\src\osgwrappers\serializers\osganimation\osgdb_serializers_osganimation.dir\release\stackedscaleelement.obj
d:\proj\c++_proj\openscenegraph-3.3.1\build\src\osgwrappers\serializers\osganimation\osgdb_serializers_osganimation.dir\release\stackedrotateaxiselement.obj
d:\proj\c++_proj\openscenegraph-3.3.1\build\src\osgwrappers\serializers\osganimation\osgdb_serializers_osganimation.dir\release\stackedquaternionelement.obj
d:\proj\c++_proj\openscenegraph-3.3.1\build\src\osgwrappers\serializers\osganimation\osgdb_serializers_osganimation.dir\release\stackedmatrixelement.obj
d:\proj\c++_proj\openscenegraph-3.3.1\build\src\osgwrappers\serializers\osganimation\osgdb_serializers_osganimation.dir\release\skeleton.obj
d:\proj\c++_proj\openscenegraph-3.3.1\build\src\osgwrappers\serializers\osganimation\osgdb_serializers_osganimation.dir\release\riggeometry.obj
d:\proj\c++_proj\openscenegraph-3.3.1\build\src\osgwrappers\serializers\osganimation\osgdb_serializers_osganimation.dir\release\morphgeometry.obj
d:\proj\c++_proj\openscenegraph-3.3.1\build\src\osgwrappers\serializers\osganimation\osgdb_serializers_osganimation.dir\release\librarywrapper.obj
d:\proj\c++_proj\openscenegraph-3.3.1\build\src\osgwrappers\serializers\osganimation\osgdb_serializers_osganimation.dir\release\bone.obj
d:\proj\c++_proj\openscenegraph-3.3.1\build\src\osgwrappers\serializers\osganimation\osgdb_serializers_osganimation.dir\release\basicanimationmanager.obj
d:\proj\c++_proj\openscenegraph-3.3.1\build\src\osgwrappers\serializers\osganimation\osgdb_serializers_osganimation.dir\release\animationmanagerbase.obj
d:\proj\c++_proj\openscenegraph-3.3.1\build\src\osgwrappers\serializers\osganimation\osgdb_serializers_osganimation.dir\release\animation.obj
d:\proj\c++_proj\openscenegraph-3.3.1\build\src\osgwrappers\serializers\osganimation\osgdb_serializers_osganimation.dir\release\actionstripanimation.obj
d:\proj\c++_proj\openscenegraph-3.3.1\build\src\osgwrappers\serializers\osganimation\osgdb_serializers_osganimation.dir\release\actionblendout.obj
d:\proj\c++_proj\openscenegraph-3.3.1\build\src\osgwrappers\serializers\osganimation\osgdb_serializers_osganimation.dir\release\actionblendin.obj
d:\proj\c++_proj\openscenegraph-3.3.1\build\src\osgwrappers\serializers\osganimation\osgdb_serializers_osganimation.dir\release\actionanimation.obj
d:\proj\c++_proj\openscenegraph-3.3.1\build\src\osgwrappers\serializers\osganimation\osgdb_serializers_osganimation.dir\release\action.obj
d:\proj\c++_proj\openscenegraph-3.3.1\build\src\osgwrappers\serializers\osganimation\osgdb_serializers_osganimation.dir\release\updateskeleton.obj
d:\proj\c++_proj\openscenegraph-3.3.1\build\src\osgwrappers\serializers\osganimation\osgdb_serializers_osganimation.dir\release\updatemorph.obj
d:\proj\c++_proj\openscenegraph-3.3.1\build\src\osgwrappers\serializers\osganimation\osgdb_serializers_osganimation.dir\release\updatematrixtransform.obj
d:\proj\c++_proj\openscenegraph-3.3.1\build\src\osgwrappers\serializers\osganimation\osgdb_serializers_osganimation.dir\release\updatematerial.obj
d:\proj\c++_proj\openscenegraph-3.3.1\build\src\osgwrappers\serializers\osganimation\osgdb_serializers_osganimation.dir\release\updatebone.obj
d:\proj\c++_proj\openscenegraph-3.3.1\build\src\osgwrappers\serializers\osganimation\osgdb_serializers_osganimation.dir\release\timelineanimationmanager.obj
d:\proj\c++_proj\openscenegraph-3.3.1\build\src\osgwrappers\serializers\osganimation\cmakefiles\generate.stamp
d:\proj\c++_proj\openscenegraph-3.3.1\build\bin\osgplugins-3.3.1\osgdb_serializers_osganimation.dll
d:\proj\c++_proj\openscenegraph-3.3.1\build\src\osgwrappers\serializers\osganimation\osgdb_serializers_osganimation.dir\release\openscenegraphversioninfo.res
d:\proj\c++_proj\openscenegraph-3.3.1\build\src\osgwrappers\serializers\osganimation\osgdb_serializers_osganimation.dir\release\plugins .b5161f8d.tlog\cl.command.1.tlog
d:\proj\c++_proj\openscenegraph-3.3.1\build\src\osgwrappers\serializers\osganimation\osgdb_serializers_osganimation.dir\release\plugins .b5161f8d.tlog\cl.items.tlog
d:\proj\c++_proj\openscenegraph-3.3.1\build\src\osgwrappers\serializers\osganimation\osgdb_serializers_osganimation.dir\release\plugins .b5161f8d.tlog\cl.read.1.tlog
d:\proj\c++_proj\openscenegraph-3.3.1\build\src\osgwrappers\serializers\osganimation\osgdb_serializers_osganimation.dir\release\plugins .b5161f8d.tlog\cl.write.1.tlog
d:\proj\c++_proj\openscenegraph-3.3.1\build\src\osgwrappers\serializers\osganimation\osgdb_serializers_osganimation.dir\release\plugins .b5161f8d.tlog\custombuild.command.1.tlog
d:\proj\c++_proj\openscenegraph-3.3.1\build\src\osgwrappers\serializers\osganimation\osgdb_serializers_osganimation.dir\release\plugins .b5161f8d.tlog\custombuild.read.1.tlog
d:\proj\c++_proj\openscenegraph-3.3.1\build\src\osgwrappers\serializers\osganimation\osgdb_serializers_osganimation.dir\release\plugins .b5161f8d.tlog\custombuild.write.1.tlog
d:\proj\c++_proj\openscenegraph-3.3.1\build\src\osgwrappers\serializers\osganimation\osgdb_serializers_osganimation.dir\release\plugins .b5161f8d.tlog\link.command.1.tlog
d:\proj\c++_proj\openscenegraph-3.3.1\build\src\osgwrappers\serializers\osganimation\osgdb_serializers_osganimation.dir\release\plugins .b5161f8d.tlog\link.read.1.tlog
d:\proj\c++_proj\openscenegraph-3.3.1\build\src\osgwrappers\serializers\osganimation\osgdb_serializers_osganimation.dir\release\plugins .b5161f8d.tlog\link.secondary.1.tlog
d:\proj\c++_proj\openscenegraph-3.3.1\build\src\osgwrappers\serializers\osganimation\osgdb_serializers_osganimation.dir\release\plugins .b5161f8d.tlog\link.write.1.tlog
d:\proj\c++_proj\openscenegraph-3.3.1\build\src\osgwrappers\serializers\osganimation\osgdb_serializers_osganimation.dir\release\plugins .b5161f8d.tlog\rc.command.1.tlog
d:\proj\c++_proj\openscenegraph-3.3.1\build\src\osgwrappers\serializers\osganimation\osgdb_serializers_osganimation.dir\release\plugins .b5161f8d.tlog\rc.read.1.tlog
d:\proj\c++_proj\openscenegraph-3.3.1\build\src\osgwrappers\serializers\osganimation\osgdb_serializers_osganimation.dir\release\plugins .b5161f8d.tlog\rc.write.1.tlog
