d:\proj\c++_proj\openscenegraph-3.3.1\build\src\osgwrappers\serializers\osgpresentation\osgdb_serializers_osgpresentation.dir\release\volume.obj
d:\proj\c++_proj\openscenegraph-3.3.1\build\src\osgwrappers\serializers\osgpresentation\osgdb_serializers_osgpresentation.dir\release\text.obj
d:\proj\c++_proj\openscenegraph-3.3.1\build\src\osgwrappers\serializers\osgpresentation\osgdb_serializers_osgpresentation.dir\release\slide.obj
d:\proj\c++_proj\openscenegraph-3.3.1\build\src\osgwrappers\serializers\osgpresentation\osgdb_serializers_osgpresentation.dir\release\show.obj
d:\proj\c++_proj\openscenegraph-3.3.1\build\src\osgwrappers\serializers\osgpresentation\osgdb_serializers_osgpresentation.dir\release\section.obj
d:\proj\c++_proj\openscenegraph-3.3.1\build\src\osgwrappers\serializers\osgpresentation\osgdb_serializers_osgpresentation.dir\release\presentation.obj
d:\proj\c++_proj\openscenegraph-3.3.1\build\src\osgwrappers\serializers\osgpresentation\osgdb_serializers_osgpresentation.dir\release\movie.obj
d:\proj\c++_proj\openscenegraph-3.3.1\build\src\osgwrappers\serializers\osgpresentation\osgdb_serializers_osgpresentation.dir\release\model.obj
d:\proj\c++_proj\openscenegraph-3.3.1\build\src\osgwrappers\serializers\osgpresentation\osgdb_serializers_osgpresentation.dir\release\layer.obj
d:\proj\c++_proj\openscenegraph-3.3.1\build\src\osgwrappers\serializers\osgpresentation\osgdb_serializers_osgpresentation.dir\release\image.obj
d:\proj\c++_proj\openscenegraph-3.3.1\build\src\osgwrappers\serializers\osgpresentation\osgdb_serializers_osgpresentation.dir\release\group.obj
d:\proj\c++_proj\openscenegraph-3.3.1\build\src\osgwrappers\serializers\osgpresentation\osgdb_serializers_osgpresentation.dir\release\element.obj
d:\proj\c++_proj\openscenegraph-3.3.1\build\src\osgwrappers\serializers\osgpresentation\osgdb_serializers_osgpresentation.dir\release\audio.obj
d:\proj\c++_proj\openscenegraph-3.3.1\build\src\osgwrappers\serializers\osgpresentation\cmakefiles\generate.stamp
d:\proj\c++_proj\openscenegraph-3.3.1\build\bin\osgplugins-3.3.1\osgdb_serializers_osgpresentation.dll
d:\proj\c++_proj\openscenegraph-3.3.1\build\src\osgwrappers\serializers\osgpresentation\osgdb_serializers_osgpresentation.dir\release\openscenegraphversioninfo.res
d:\proj\c++_proj\openscenegraph-3.3.1\build\src\osgwrappers\serializers\osgpresentation\osgdb_serializers_osgpresentation.dir\release\plugins .e62a7725.tlog\cl.command.1.tlog
d:\proj\c++_proj\openscenegraph-3.3.1\build\src\osgwrappers\serializers\osgpresentation\osgdb_serializers_osgpresentation.dir\release\plugins .e62a7725.tlog\cl.items.tlog
d:\proj\c++_proj\openscenegraph-3.3.1\build\src\osgwrappers\serializers\osgpresentation\osgdb_serializers_osgpresentation.dir\release\plugins .e62a7725.tlog\cl.read.1.tlog
d:\proj\c++_proj\openscenegraph-3.3.1\build\src\osgwrappers\serializers\osgpresentation\osgdb_serializers_osgpresentation.dir\release\plugins .e62a7725.tlog\cl.write.1.tlog
d:\proj\c++_proj\openscenegraph-3.3.1\build\src\osgwrappers\serializers\osgpresentation\osgdb_serializers_osgpresentation.dir\release\plugins .e62a7725.tlog\custombuild.command.1.tlog
d:\proj\c++_proj\openscenegraph-3.3.1\build\src\osgwrappers\serializers\osgpresentation\osgdb_serializers_osgpresentation.dir\release\plugins .e62a7725.tlog\custombuild.read.1.tlog
d:\proj\c++_proj\openscenegraph-3.3.1\build\src\osgwrappers\serializers\osgpresentation\osgdb_serializers_osgpresentation.dir\release\plugins .e62a7725.tlog\custombuild.write.1.tlog
d:\proj\c++_proj\openscenegraph-3.3.1\build\src\osgwrappers\serializers\osgpresentation\osgdb_serializers_osgpresentation.dir\release\plugins .e62a7725.tlog\link.command.1.tlog
d:\proj\c++_proj\openscenegraph-3.3.1\build\src\osgwrappers\serializers\osgpresentation\osgdb_serializers_osgpresentation.dir\release\plugins .e62a7725.tlog\link.read.1.tlog
d:\proj\c++_proj\openscenegraph-3.3.1\build\src\osgwrappers\serializers\osgpresentation\osgdb_serializers_osgpresentation.dir\release\plugins .e62a7725.tlog\link.secondary.1.tlog
d:\proj\c++_proj\openscenegraph-3.3.1\build\src\osgwrappers\serializers\osgpresentation\osgdb_serializers_osgpresentation.dir\release\plugins .e62a7725.tlog\link.write.1.tlog
d:\proj\c++_proj\openscenegraph-3.3.1\build\src\osgwrappers\serializers\osgpresentation\osgdb_serializers_osgpresentation.dir\release\plugins .e62a7725.tlog\rc.command.1.tlog
d:\proj\c++_proj\openscenegraph-3.3.1\build\src\osgwrappers\serializers\osgpresentation\osgdb_serializers_osgpresentation.dir\release\plugins .e62a7725.tlog\rc.read.1.tlog
d:\proj\c++_proj\openscenegraph-3.3.1\build\src\osgwrappers\serializers\osgpresentation\osgdb_serializers_osgpresentation.dir\release\plugins .e62a7725.tlog\rc.write.1.tlog
