d:\proj\c++_proj\openscenegraph-3.3.1\build\src\osgutil\osgutil.dir\release\printvisitor.obj
d:\proj\c++_proj\openscenegraph-3.3.1\build\src\osgutil\osgutil.dir\release\positionalstatecontainer.obj
d:\proj\c++_proj\openscenegraph-3.3.1\build\src\osgutil\osgutil.dir\release\polytopeintersector.obj
d:\proj\c++_proj\openscenegraph-3.3.1\build\src\osgutil\osgutil.dir\release\planeintersector.obj
d:\proj\c++_proj\openscenegraph-3.3.1\build\src\osgutil\osgutil.dir\release\perlinnoise.obj
d:\proj\c++_proj\openscenegraph-3.3.1\build\src\osgutil\osgutil.dir\release\optimizer.obj
d:\proj\c++_proj\openscenegraph-3.3.1\build\src\osgutil\osgutil.dir\release\meshoptimizers.obj
d:\proj\c++_proj\openscenegraph-3.3.1\build\src\osgutil\osgutil.dir\release\linesegmentintersector.obj
d:\proj\c++_proj\openscenegraph-3.3.1\build\src\osgutil\osgutil.dir\release\incrementalcompileoperation.obj
d:\proj\c++_proj\openscenegraph-3.3.1\build\src\osgutil\osgutil.dir\release\intersectvisitor.obj
d:\proj\c++_proj\openscenegraph-3.3.1\build\src\osgutil\osgutil.dir\release\intersectionvisitor.obj
d:\proj\c++_proj\openscenegraph-3.3.1\build\src\osgutil\osgutil.dir\release\highlightmapgenerator.obj
d:\proj\c++_proj\openscenegraph-3.3.1\build\src\osgutil\osgutil.dir\release\halfwaymapgenerator.obj
d:\proj\c++_proj\openscenegraph-3.3.1\build\src\osgutil\osgutil.dir\release\globjectsvisitor.obj
d:\proj\c++_proj\openscenegraph-3.3.1\build\src\osgutil\osgutil.dir\release\edgecollector.obj
d:\proj\c++_proj\openscenegraph-3.3.1\build\src\osgutil\osgutil.dir\release\drawelementtypesimplifier.obj
d:\proj\c++_proj\openscenegraph-3.3.1\build\src\osgutil\osgutil.dir\release\displayrequirementsvisitor.obj
d:\proj\c++_proj\openscenegraph-3.3.1\build\src\osgutil\osgutil.dir\release\delaunaytriangulator.obj
d:\proj\c++_proj\openscenegraph-3.3.1\build\src\osgutil\osgutil.dir\release\cullvisitor.obj
d:\proj\c++_proj\openscenegraph-3.3.1\build\src\osgutil\osgutil.dir\release\cubemapgenerator.obj
d:\proj\c++_proj\openscenegraph-3.3.1\build\src\osgutil\osgutil.dir\release\tristripvisitor.obj
d:\proj\c++_proj\openscenegraph-3.3.1\build\src\osgutil\osgutil.dir\release\connectivity_graph.obj
d:\proj\c++_proj\openscenegraph-3.3.1\build\src\osgutil\osgutil.dir\release\policy.obj
d:\proj\c++_proj\openscenegraph-3.3.1\build\src\osgutil\osgutil.dir\release\tri_stripper.obj
d:\proj\c++_proj\openscenegraph-3.3.1\build\src\osgutil\osgutil.dir\release\transformcallback.obj
d:\proj\c++_proj\openscenegraph-3.3.1\build\src\osgutil\osgutil.dir\release\transformattributefunctor.obj
d:\proj\c++_proj\openscenegraph-3.3.1\build\src\osgutil\osgutil.dir\release\tessellator.obj
d:\proj\c++_proj\openscenegraph-3.3.1\build\src\osgutil\osgutil.dir\release\tangentspacegenerator.obj
d:\proj\c++_proj\openscenegraph-3.3.1\build\src\osgutil\osgutil.dir\release\statistics.obj
d:\proj\c++_proj\openscenegraph-3.3.1\build\src\osgutil\osgutil.dir\release\stategraph.obj
d:\proj\c++_proj\openscenegraph-3.3.1\build\src\osgutil\osgutil.dir\release\scenegraphbuilder.obj
d:\proj\c++_proj\openscenegraph-3.3.1\build\src\osgutil\osgutil.dir\release\smoothingvisitor.obj
d:\proj\c++_proj\openscenegraph-3.3.1\build\src\osgutil\osgutil.dir\release\simplifier.obj
d:\proj\c++_proj\openscenegraph-3.3.1\build\src\osgutil\osgutil.dir\release\shadergen.obj
d:\proj\c++_proj\openscenegraph-3.3.1\build\src\osgutil\osgutil.dir\release\sceneview.obj
d:\proj\c++_proj\openscenegraph-3.3.1\build\src\osgutil\osgutil.dir\release\reverseprimitivefunctor.obj
d:\proj\c++_proj\openscenegraph-3.3.1\build\src\osgutil\osgutil.dir\release\renderstage.obj
d:\proj\c++_proj\openscenegraph-3.3.1\build\src\osgutil\osgutil.dir\release\renderleaf.obj
d:\proj\c++_proj\openscenegraph-3.3.1\build\src\osgutil\osgutil.dir\release\renderbin.obj
d:\proj\c++_proj\openscenegraph-3.3.1\build\src\osgutil\osgutil.dir\release\rayintersector.obj
d:\proj\c++_proj\openscenegraph-3.3.1\build\src\osgutil\osgutil.dir\release\version.obj
d:\proj\c++_proj\openscenegraph-3.3.1\build\src\osgutil\osgutil.dir\release\updatevisitor.obj
d:\proj\c++_proj\openscenegraph-3.3.1\build\src\osgutil\cmakefiles\generate.stamp
d:\proj\c++_proj\openscenegraph-3.3.1\build\bin\osg111-osgutil.dll
d:\proj\c++_proj\openscenegraph-3.3.1\build\src\osgutil\osgutil.dir\release\openscenegraphversioninfo.res
d:\proj\c++_proj\openscenegraph-3.3.1\build\lib\osgutil.lib
d:\proj\c++_proj\openscenegraph-3.3.1\build\lib\osgutil.exp
d:\proj\c++_proj\openscenegraph-3.3.1\build\src\osgutil\osgutil.dir\release\osgutil.tlog\cl.command.1.tlog
d:\proj\c++_proj\openscenegraph-3.3.1\build\src\osgutil\osgutil.dir\release\osgutil.tlog\cl.items.tlog
d:\proj\c++_proj\openscenegraph-3.3.1\build\src\osgutil\osgutil.dir\release\osgutil.tlog\cl.read.1.tlog
d:\proj\c++_proj\openscenegraph-3.3.1\build\src\osgutil\osgutil.dir\release\osgutil.tlog\cl.write.1.tlog
d:\proj\c++_proj\openscenegraph-3.3.1\build\src\osgutil\osgutil.dir\release\osgutil.tlog\custombuild.command.1.tlog
d:\proj\c++_proj\openscenegraph-3.3.1\build\src\osgutil\osgutil.dir\release\osgutil.tlog\custombuild.read.1.tlog
d:\proj\c++_proj\openscenegraph-3.3.1\build\src\osgutil\osgutil.dir\release\osgutil.tlog\custombuild.write.1.tlog
d:\proj\c++_proj\openscenegraph-3.3.1\build\src\osgutil\osgutil.dir\release\osgutil.tlog\link.command.1.tlog
d:\proj\c++_proj\openscenegraph-3.3.1\build\src\osgutil\osgutil.dir\release\osgutil.tlog\link.read.1.tlog
d:\proj\c++_proj\openscenegraph-3.3.1\build\src\osgutil\osgutil.dir\release\osgutil.tlog\link.secondary.1.tlog
d:\proj\c++_proj\openscenegraph-3.3.1\build\src\osgutil\osgutil.dir\release\osgutil.tlog\link.write.1.tlog
d:\proj\c++_proj\openscenegraph-3.3.1\build\src\osgutil\osgutil.dir\release\osgutil.tlog\rc.command.1.tlog
d:\proj\c++_proj\openscenegraph-3.3.1\build\src\osgutil\osgutil.dir\release\osgutil.tlog\rc.read.1.tlog
d:\proj\c++_proj\openscenegraph-3.3.1\build\src\osgutil\osgutil.dir\release\osgutil.tlog\rc.write.1.tlog
