d:\proj\c++_proj\openscenegraph-3.3.1\build\src\osgwrappers\deprecated-dotosg\osgviewer\osgdb_deprecated_osgviewer.dir\release\viewer.obj
d:\proj\c++_proj\openscenegraph-3.3.1\build\src\osgwrappers\deprecated-dotosg\osgviewer\osgdb_deprecated_osgviewer.dir\release\view.obj
d:\proj\c++_proj\openscenegraph-3.3.1\build\src\osgwrappers\deprecated-dotosg\osgviewer\osgdb_deprecated_osgviewer.dir\release\librarywrapper.obj
d:\proj\c++_proj\openscenegraph-3.3.1\build\src\osgwrappers\deprecated-dotosg\osgviewer\osgdb_deprecated_osgviewer.dir\release\compositeviewer.obj
d:\proj\c++_proj\openscenegraph-3.3.1\build\src\osgwrappers\deprecated-dotosg\osgviewer\cmakefiles\generate.stamp
d:\proj\c++_proj\openscenegraph-3.3.1\build\bin\osgplugins-3.3.1\osgdb_deprecated_osgviewer.dll
d:\proj\c++_proj\openscenegraph-3.3.1\build\src\osgwrappers\deprecated-dotosg\osgviewer\osgdb_deprecated_osgviewer.dir\release\openscenegraphversioninfo.res
d:\proj\c++_proj\openscenegraph-3.3.1\build\src\osgwrappers\deprecated-dotosg\osgviewer\osgdb_deprecated_osgviewer.dir\release\plugins .acb6c374.tlog\cl.command.1.tlog
d:\proj\c++_proj\openscenegraph-3.3.1\build\src\osgwrappers\deprecated-dotosg\osgviewer\osgdb_deprecated_osgviewer.dir\release\plugins .acb6c374.tlog\cl.items.tlog
d:\proj\c++_proj\openscenegraph-3.3.1\build\src\osgwrappers\deprecated-dotosg\osgviewer\osgdb_deprecated_osgviewer.dir\release\plugins .acb6c374.tlog\cl.read.1.tlog
d:\proj\c++_proj\openscenegraph-3.3.1\build\src\osgwrappers\deprecated-dotosg\osgviewer\osgdb_deprecated_osgviewer.dir\release\plugins .acb6c374.tlog\cl.write.1.tlog
d:\proj\c++_proj\openscenegraph-3.3.1\build\src\osgwrappers\deprecated-dotosg\osgviewer\osgdb_deprecated_osgviewer.dir\release\plugins .acb6c374.tlog\custombuild.command.1.tlog
d:\proj\c++_proj\openscenegraph-3.3.1\build\src\osgwrappers\deprecated-dotosg\osgviewer\osgdb_deprecated_osgviewer.dir\release\plugins .acb6c374.tlog\custombuild.read.1.tlog
d:\proj\c++_proj\openscenegraph-3.3.1\build\src\osgwrappers\deprecated-dotosg\osgviewer\osgdb_deprecated_osgviewer.dir\release\plugins .acb6c374.tlog\custombuild.write.1.tlog
d:\proj\c++_proj\openscenegraph-3.3.1\build\src\osgwrappers\deprecated-dotosg\osgviewer\osgdb_deprecated_osgviewer.dir\release\plugins .acb6c374.tlog\link.command.1.tlog
d:\proj\c++_proj\openscenegraph-3.3.1\build\src\osgwrappers\deprecated-dotosg\osgviewer\osgdb_deprecated_osgviewer.dir\release\plugins .acb6c374.tlog\link.read.1.tlog
d:\proj\c++_proj\openscenegraph-3.3.1\build\src\osgwrappers\deprecated-dotosg\osgviewer\osgdb_deprecated_osgviewer.dir\release\plugins .acb6c374.tlog\link.secondary.1.tlog
d:\proj\c++_proj\openscenegraph-3.3.1\build\src\osgwrappers\deprecated-dotosg\osgviewer\osgdb_deprecated_osgviewer.dir\release\plugins .acb6c374.tlog\link.write.1.tlog
d:\proj\c++_proj\openscenegraph-3.3.1\build\src\osgwrappers\deprecated-dotosg\osgviewer\osgdb_deprecated_osgviewer.dir\release\plugins .acb6c374.tlog\rc.command.1.tlog
d:\proj\c++_proj\openscenegraph-3.3.1\build\src\osgwrappers\deprecated-dotosg\osgviewer\osgdb_deprecated_osgviewer.dir\release\plugins .acb6c374.tlog\rc.read.1.tlog
d:\proj\c++_proj\openscenegraph-3.3.1\build\src\osgwrappers\deprecated-dotosg\osgviewer\osgdb_deprecated_osgviewer.dir\release\plugins .acb6c374.tlog\rc.write.1.tlog
