d:\proj\c++_proj\openscenegraph-3.3.1\build\src\osgplugins\zip\osgdb_zip.dir\release\readerwriterzip.obj
d:\proj\c++_proj\openscenegraph-3.3.1\build\src\osgplugins\zip\osgdb_zip.dir\release\ziparchive.obj
d:\proj\c++_proj\openscenegraph-3.3.1\build\src\osgplugins\zip\osgdb_zip.dir\release\unzip.obj
d:\proj\c++_proj\openscenegraph-3.3.1\build\src\osgplugins\zip\cmakefiles\generate.stamp
d:\proj\c++_proj\openscenegraph-3.3.1\build\bin\osgplugins-3.3.1\osgdb_zip.dll
d:\proj\c++_proj\openscenegraph-3.3.1\build\src\osgplugins\zip\osgdb_zip.dir\release\openscenegraphversioninfo.res
d:\proj\c++_proj\openscenegraph-3.3.1\build\src\osgplugins\zip\osgdb_zip.dir\release\plugins zip.tlog\cl.command.1.tlog
d:\proj\c++_proj\openscenegraph-3.3.1\build\src\osgplugins\zip\osgdb_zip.dir\release\plugins zip.tlog\cl.items.tlog
d:\proj\c++_proj\openscenegraph-3.3.1\build\src\osgplugins\zip\osgdb_zip.dir\release\plugins zip.tlog\cl.read.1.tlog
d:\proj\c++_proj\openscenegraph-3.3.1\build\src\osgplugins\zip\osgdb_zip.dir\release\plugins zip.tlog\cl.write.1.tlog
d:\proj\c++_proj\openscenegraph-3.3.1\build\src\osgplugins\zip\osgdb_zip.dir\release\plugins zip.tlog\custombuild.command.1.tlog
d:\proj\c++_proj\openscenegraph-3.3.1\build\src\osgplugins\zip\osgdb_zip.dir\release\plugins zip.tlog\custombuild.read.1.tlog
d:\proj\c++_proj\openscenegraph-3.3.1\build\src\osgplugins\zip\osgdb_zip.dir\release\plugins zip.tlog\custombuild.write.1.tlog
d:\proj\c++_proj\openscenegraph-3.3.1\build\src\osgplugins\zip\osgdb_zip.dir\release\plugins zip.tlog\link.command.1.tlog
d:\proj\c++_proj\openscenegraph-3.3.1\build\src\osgplugins\zip\osgdb_zip.dir\release\plugins zip.tlog\link.read.1.tlog
d:\proj\c++_proj\openscenegraph-3.3.1\build\src\osgplugins\zip\osgdb_zip.dir\release\plugins zip.tlog\link.secondary.1.tlog
d:\proj\c++_proj\openscenegraph-3.3.1\build\src\osgplugins\zip\osgdb_zip.dir\release\plugins zip.tlog\link.write.1.tlog
d:\proj\c++_proj\openscenegraph-3.3.1\build\src\osgplugins\zip\osgdb_zip.dir\release\plugins zip.tlog\rc.command.1.tlog
d:\proj\c++_proj\openscenegraph-3.3.1\build\src\osgplugins\zip\osgdb_zip.dir\release\plugins zip.tlog\rc.read.1.tlog
d:\proj\c++_proj\openscenegraph-3.3.1\build\src\osgplugins\zip\osgdb_zip.dir\release\plugins zip.tlog\rc.write.1.tlog
