d:\proj\c++_proj\openscenegraph-3.3.1\build\src\osgwrappers\deprecated-dotosg\osgshadow\osgdb_deprecated_osgshadow.dir\release\shadowedscene.obj
d:\proj\c++_proj\openscenegraph-3.3.1\build\src\osgwrappers\deprecated-dotosg\osgshadow\osgdb_deprecated_osgshadow.dir\release\shadowvolume.obj
d:\proj\c++_proj\openscenegraph-3.3.1\build\src\osgwrappers\deprecated-dotosg\osgshadow\osgdb_deprecated_osgshadow.dir\release\shadowtexture.obj
d:\proj\c++_proj\openscenegraph-3.3.1\build\src\osgwrappers\deprecated-dotosg\osgshadow\osgdb_deprecated_osgshadow.dir\release\shadowtechnique.obj
d:\proj\c++_proj\openscenegraph-3.3.1\build\src\osgwrappers\deprecated-dotosg\osgshadow\osgdb_deprecated_osgshadow.dir\release\shadowmap.obj
d:\proj\c++_proj\openscenegraph-3.3.1\build\src\osgwrappers\deprecated-dotosg\osgshadow\osgdb_deprecated_osgshadow.dir\release\librarywrapper.obj
d:\proj\c++_proj\openscenegraph-3.3.1\build\src\osgwrappers\deprecated-dotosg\osgshadow\cmakefiles\generate.stamp
d:\proj\c++_proj\openscenegraph-3.3.1\build\bin\osgplugins-3.3.1\osgdb_deprecated_osgshadow.dll
d:\proj\c++_proj\openscenegraph-3.3.1\build\src\osgwrappers\deprecated-dotosg\osgshadow\osgdb_deprecated_osgshadow.dir\release\openscenegraphversioninfo.res
d:\proj\c++_proj\openscenegraph-3.3.1\build\src\osgwrappers\deprecated-dotosg\osgshadow\osgdb_deprecated_osgshadow.dir\release\plugins .46177253.tlog\cl.command.1.tlog
d:\proj\c++_proj\openscenegraph-3.3.1\build\src\osgwrappers\deprecated-dotosg\osgshadow\osgdb_deprecated_osgshadow.dir\release\plugins .46177253.tlog\cl.items.tlog
d:\proj\c++_proj\openscenegraph-3.3.1\build\src\osgwrappers\deprecated-dotosg\osgshadow\osgdb_deprecated_osgshadow.dir\release\plugins .46177253.tlog\cl.read.1.tlog
d:\proj\c++_proj\openscenegraph-3.3.1\build\src\osgwrappers\deprecated-dotosg\osgshadow\osgdb_deprecated_osgshadow.dir\release\plugins .46177253.tlog\cl.write.1.tlog
d:\proj\c++_proj\openscenegraph-3.3.1\build\src\osgwrappers\deprecated-dotosg\osgshadow\osgdb_deprecated_osgshadow.dir\release\plugins .46177253.tlog\custombuild.command.1.tlog
d:\proj\c++_proj\openscenegraph-3.3.1\build\src\osgwrappers\deprecated-dotosg\osgshadow\osgdb_deprecated_osgshadow.dir\release\plugins .46177253.tlog\custombuild.read.1.tlog
d:\proj\c++_proj\openscenegraph-3.3.1\build\src\osgwrappers\deprecated-dotosg\osgshadow\osgdb_deprecated_osgshadow.dir\release\plugins .46177253.tlog\custombuild.write.1.tlog
d:\proj\c++_proj\openscenegraph-3.3.1\build\src\osgwrappers\deprecated-dotosg\osgshadow\osgdb_deprecated_osgshadow.dir\release\plugins .46177253.tlog\link.command.1.tlog
d:\proj\c++_proj\openscenegraph-3.3.1\build\src\osgwrappers\deprecated-dotosg\osgshadow\osgdb_deprecated_osgshadow.dir\release\plugins .46177253.tlog\link.read.1.tlog
d:\proj\c++_proj\openscenegraph-3.3.1\build\src\osgwrappers\deprecated-dotosg\osgshadow\osgdb_deprecated_osgshadow.dir\release\plugins .46177253.tlog\link.secondary.1.tlog
d:\proj\c++_proj\openscenegraph-3.3.1\build\src\osgwrappers\deprecated-dotosg\osgshadow\osgdb_deprecated_osgshadow.dir\release\plugins .46177253.tlog\link.write.1.tlog
d:\proj\c++_proj\openscenegraph-3.3.1\build\src\osgwrappers\deprecated-dotosg\osgshadow\osgdb_deprecated_osgshadow.dir\release\plugins .46177253.tlog\rc.command.1.tlog
d:\proj\c++_proj\openscenegraph-3.3.1\build\src\osgwrappers\deprecated-dotosg\osgshadow\osgdb_deprecated_osgshadow.dir\release\plugins .46177253.tlog\rc.read.1.tlog
d:\proj\c++_proj\openscenegraph-3.3.1\build\src\osgwrappers\deprecated-dotosg\osgshadow\osgdb_deprecated_osgshadow.dir\release\plugins .46177253.tlog\rc.write.1.tlog
