d:\proj\c++_proj\openscenegraph-3.3.1\build\src\osgplugins\x\osgdb_x.dir\release\types.obj
d:\proj\c++_proj\openscenegraph-3.3.1\build\src\osgplugins\x\osgdb_x.dir\release\mesh.obj
d:\proj\c++_proj\openscenegraph-3.3.1\build\src\osgplugins\x\osgdb_x.dir\release\directx.obj
d:\proj\c++_proj\openscenegraph-3.3.1\build\src\osgplugins\x\osgdb_x.dir\release\readerwriterdirectx.obj
d:\proj\c++_proj\openscenegraph-3.3.1\build\src\osgplugins\x\cmakefiles\generate.stamp
d:\proj\c++_proj\openscenegraph-3.3.1\build\bin\osgplugins-3.3.1\osgdb_x.dll
d:\proj\c++_proj\openscenegraph-3.3.1\build\src\osgplugins\x\osgdb_x.dir\release\openscenegraphversioninfo.res
d:\proj\c++_proj\openscenegraph-3.3.1\build\src\osgplugins\x\osgdb_x.dir\release\plugins x.tlog\cl.command.1.tlog
d:\proj\c++_proj\openscenegraph-3.3.1\build\src\osgplugins\x\osgdb_x.dir\release\plugins x.tlog\cl.items.tlog
d:\proj\c++_proj\openscenegraph-3.3.1\build\src\osgplugins\x\osgdb_x.dir\release\plugins x.tlog\cl.read.1.tlog
d:\proj\c++_proj\openscenegraph-3.3.1\build\src\osgplugins\x\osgdb_x.dir\release\plugins x.tlog\cl.write.1.tlog
d:\proj\c++_proj\openscenegraph-3.3.1\build\src\osgplugins\x\osgdb_x.dir\release\plugins x.tlog\custombuild.command.1.tlog
d:\proj\c++_proj\openscenegraph-3.3.1\build\src\osgplugins\x\osgdb_x.dir\release\plugins x.tlog\custombuild.read.1.tlog
d:\proj\c++_proj\openscenegraph-3.3.1\build\src\osgplugins\x\osgdb_x.dir\release\plugins x.tlog\custombuild.write.1.tlog
d:\proj\c++_proj\openscenegraph-3.3.1\build\src\osgplugins\x\osgdb_x.dir\release\plugins x.tlog\link.command.1.tlog
d:\proj\c++_proj\openscenegraph-3.3.1\build\src\osgplugins\x\osgdb_x.dir\release\plugins x.tlog\link.read.1.tlog
d:\proj\c++_proj\openscenegraph-3.3.1\build\src\osgplugins\x\osgdb_x.dir\release\plugins x.tlog\link.secondary.1.tlog
d:\proj\c++_proj\openscenegraph-3.3.1\build\src\osgplugins\x\osgdb_x.dir\release\plugins x.tlog\link.write.1.tlog
d:\proj\c++_proj\openscenegraph-3.3.1\build\src\osgplugins\x\osgdb_x.dir\release\plugins x.tlog\rc.command.1.tlog
d:\proj\c++_proj\openscenegraph-3.3.1\build\src\osgplugins\x\osgdb_x.dir\release\plugins x.tlog\rc.read.1.tlog
d:\proj\c++_proj\openscenegraph-3.3.1\build\src\osgplugins\x\osgdb_x.dir\release\plugins x.tlog\rc.write.1.tlog
