d:\proj\c++_proj\openscenegraph-3.3.1\build\src\osgwrappers\serializers\osgfx\osgdb_serializers_osgfx.dir\release\specularhighlights.obj
d:\proj\c++_proj\openscenegraph-3.3.1\build\src\osgwrappers\serializers\osgfx\osgdb_serializers_osgfx.dir\release\scribe.obj
d:\proj\c++_proj\openscenegraph-3.3.1\build\src\osgwrappers\serializers\osgfx\osgdb_serializers_osgfx.dir\release\outline.obj
d:\proj\c++_proj\openscenegraph-3.3.1\build\src\osgwrappers\serializers\osgfx\osgdb_serializers_osgfx.dir\release\multitexturecontrol.obj
d:\proj\c++_proj\openscenegraph-3.3.1\build\src\osgwrappers\serializers\osgfx\osgdb_serializers_osgfx.dir\release\librarywrapper.obj
d:\proj\c++_proj\openscenegraph-3.3.1\build\src\osgwrappers\serializers\osgfx\osgdb_serializers_osgfx.dir\release\effect.obj
d:\proj\c++_proj\openscenegraph-3.3.1\build\src\osgwrappers\serializers\osgfx\osgdb_serializers_osgfx.dir\release\cartoon.obj
d:\proj\c++_proj\openscenegraph-3.3.1\build\src\osgwrappers\serializers\osgfx\osgdb_serializers_osgfx.dir\release\bumpmapping.obj
d:\proj\c++_proj\openscenegraph-3.3.1\build\src\osgwrappers\serializers\osgfx\osgdb_serializers_osgfx.dir\release\anisotropiclighting.obj
d:\proj\c++_proj\openscenegraph-3.3.1\build\src\osgwrappers\serializers\osgfx\cmakefiles\generate.stamp
d:\proj\c++_proj\openscenegraph-3.3.1\build\bin\osgplugins-3.3.1\osgdb_serializers_osgfx.dll
d:\proj\c++_proj\openscenegraph-3.3.1\build\src\osgwrappers\serializers\osgfx\osgdb_serializers_osgfx.dir\release\openscenegraphversioninfo.res
d:\proj\c++_proj\openscenegraph-3.3.1\build\src\osgwrappers\serializers\osgfx\osgdb_serializers_osgfx.dir\release\plugins .d134496e.tlog\cl.command.1.tlog
d:\proj\c++_proj\openscenegraph-3.3.1\build\src\osgwrappers\serializers\osgfx\osgdb_serializers_osgfx.dir\release\plugins .d134496e.tlog\cl.items.tlog
d:\proj\c++_proj\openscenegraph-3.3.1\build\src\osgwrappers\serializers\osgfx\osgdb_serializers_osgfx.dir\release\plugins .d134496e.tlog\cl.read.1.tlog
d:\proj\c++_proj\openscenegraph-3.3.1\build\src\osgwrappers\serializers\osgfx\osgdb_serializers_osgfx.dir\release\plugins .d134496e.tlog\cl.write.1.tlog
d:\proj\c++_proj\openscenegraph-3.3.1\build\src\osgwrappers\serializers\osgfx\osgdb_serializers_osgfx.dir\release\plugins .d134496e.tlog\custombuild.command.1.tlog
d:\proj\c++_proj\openscenegraph-3.3.1\build\src\osgwrappers\serializers\osgfx\osgdb_serializers_osgfx.dir\release\plugins .d134496e.tlog\custombuild.read.1.tlog
d:\proj\c++_proj\openscenegraph-3.3.1\build\src\osgwrappers\serializers\osgfx\osgdb_serializers_osgfx.dir\release\plugins .d134496e.tlog\custombuild.write.1.tlog
d:\proj\c++_proj\openscenegraph-3.3.1\build\src\osgwrappers\serializers\osgfx\osgdb_serializers_osgfx.dir\release\plugins .d134496e.tlog\link.command.1.tlog
d:\proj\c++_proj\openscenegraph-3.3.1\build\src\osgwrappers\serializers\osgfx\osgdb_serializers_osgfx.dir\release\plugins .d134496e.tlog\link.read.1.tlog
d:\proj\c++_proj\openscenegraph-3.3.1\build\src\osgwrappers\serializers\osgfx\osgdb_serializers_osgfx.dir\release\plugins .d134496e.tlog\link.secondary.1.tlog
d:\proj\c++_proj\openscenegraph-3.3.1\build\src\osgwrappers\serializers\osgfx\osgdb_serializers_osgfx.dir\release\plugins .d134496e.tlog\link.write.1.tlog
d:\proj\c++_proj\openscenegraph-3.3.1\build\src\osgwrappers\serializers\osgfx\osgdb_serializers_osgfx.dir\release\plugins .d134496e.tlog\rc.command.1.tlog
d:\proj\c++_proj\openscenegraph-3.3.1\build\src\osgwrappers\serializers\osgfx\osgdb_serializers_osgfx.dir\release\plugins .d134496e.tlog\rc.read.1.tlog
d:\proj\c++_proj\openscenegraph-3.3.1\build\src\osgwrappers\serializers\osgfx\osgdb_serializers_osgfx.dir\release\plugins .d134496e.tlog\rc.write.1.tlog
