d:\proj\c++_proj\openscenegraph-3.3.1\build\src\osgplugins\ive\osgdb_ive.dir\release\colormask.obj
d:\proj\c++_proj\openscenegraph-3.3.1\build\src\osgplugins\ive\osgdb_ive.dir\release\clustercullingcallback.obj
d:\proj\c++_proj\openscenegraph-3.3.1\build\src\osgplugins\ive\osgdb_ive.dir\release\clipplane.obj
d:\proj\c++_proj\openscenegraph-3.3.1\build\src\osgplugins\ive\osgdb_ive.dir\release\clipnode.obj
d:\proj\c++_proj\openscenegraph-3.3.1\build\src\osgplugins\ive\osgdb_ive.dir\release\cartoon.obj
d:\proj\c++_proj\openscenegraph-3.3.1\build\src\osgplugins\ive\osgdb_ive.dir\release\cameraview.obj
d:\proj\c++_proj\openscenegraph-3.3.1\build\src\osgplugins\ive\osgdb_ive.dir\release\camera.obj
d:\proj\c++_proj\openscenegraph-3.3.1\build\src\osgplugins\ive\osgdb_ive.dir\release\bumpmapping.obj
d:\proj\c++_proj\openscenegraph-3.3.1\build\src\osgplugins\ive\osgdb_ive.dir\release\blinksequence.obj
d:\proj\c++_proj\openscenegraph-3.3.1\build\src\osgplugins\ive\osgdb_ive.dir\release\blendfunc.obj
d:\proj\c++_proj\openscenegraph-3.3.1\build\src\osgplugins\ive\osgdb_ive.dir\release\blendequation.obj
d:\proj\c++_proj\openscenegraph-3.3.1\build\src\osgplugins\ive\osgdb_ive.dir\release\blendcolor.obj
d:\proj\c++_proj\openscenegraph-3.3.1\build\src\osgplugins\ive\osgdb_ive.dir\release\billboard.obj
d:\proj\c++_proj\openscenegraph-3.3.1\build\src\osgplugins\ive\osgdb_ive.dir\release\azimsector.obj
d:\proj\c++_proj\openscenegraph-3.3.1\build\src\osgplugins\ive\osgdb_ive.dir\release\azimelevationsector.obj
d:\proj\c++_proj\openscenegraph-3.3.1\build\src\osgplugins\ive\osgdb_ive.dir\release\autotransform.obj
d:\proj\c++_proj\openscenegraph-3.3.1\build\src\osgplugins\ive\osgdb_ive.dir\release\anisotropiclighting.obj
d:\proj\c++_proj\openscenegraph-3.3.1\build\src\osgplugins\ive\osgdb_ive.dir\release\animationpath.obj
d:\proj\c++_proj\openscenegraph-3.3.1\build\src\osgplugins\ive\osgdb_ive.dir\release\animationpathcallback.obj
d:\proj\c++_proj\openscenegraph-3.3.1\build\src\osgplugins\ive\osgdb_ive.dir\release\alphafunc.obj
d:\proj\c++_proj\openscenegraph-3.3.1\build\src\osgplugins\ive\osgdb_ive.dir\release\ellipsoidmodel.obj
d:\proj\c++_proj\openscenegraph-3.3.1\build\src\osgplugins\ive\osgdb_ive.dir\release\elevationsector.obj
d:\proj\c++_proj\openscenegraph-3.3.1\build\src\osgplugins\ive\osgdb_ive.dir\release\effect.obj
d:\proj\c++_proj\openscenegraph-3.3.1\build\src\osgplugins\ive\osgdb_ive.dir\release\drawelementsushort.obj
d:\proj\c++_proj\openscenegraph-3.3.1\build\src\osgplugins\ive\osgdb_ive.dir\release\drawelementsuint.obj
d:\proj\c++_proj\openscenegraph-3.3.1\build\src\osgplugins\ive\osgdb_ive.dir\release\drawelementsubyte.obj
d:\proj\c++_proj\openscenegraph-3.3.1\build\src\osgplugins\ive\osgdb_ive.dir\release\drawarrays.obj
d:\proj\c++_proj\openscenegraph-3.3.1\build\src\osgplugins\ive\osgdb_ive.dir\release\drawarraylengths.obj
d:\proj\c++_proj\openscenegraph-3.3.1\build\src\osgplugins\ive\osgdb_ive.dir\release\drawable.obj
d:\proj\c++_proj\openscenegraph-3.3.1\build\src\osgplugins\ive\osgdb_ive.dir\release\doftransform.obj
d:\proj\c++_proj\openscenegraph-3.3.1\build\src\osgplugins\ive\osgdb_ive.dir\release\directionalsector.obj
d:\proj\c++_proj\openscenegraph-3.3.1\build\src\osgplugins\ive\osgdb_ive.dir\release\depth.obj
d:\proj\c++_proj\openscenegraph-3.3.1\build\src\osgplugins\ive\osgdb_ive.dir\release\dataoutputstream.obj
d:\proj\c++_proj\openscenegraph-3.3.1\build\src\osgplugins\ive\osgdb_ive.dir\release\datainputstream.obj
d:\proj\c++_proj\openscenegraph-3.3.1\build\src\osgplugins\ive\osgdb_ive.dir\release\cullface.obj
d:\proj\c++_proj\openscenegraph-3.3.1\build\src\osgplugins\ive\osgdb_ive.dir\release\coordinatesystemnode.obj
d:\proj\c++_proj\openscenegraph-3.3.1\build\src\osgplugins\ive\osgdb_ive.dir\release\convexplanarpolygon.obj
d:\proj\c++_proj\openscenegraph-3.3.1\build\src\osgplugins\ive\osgdb_ive.dir\release\convexplanaroccluder.obj
d:\proj\c++_proj\openscenegraph-3.3.1\build\src\osgplugins\ive\osgdb_ive.dir\release\conesector.obj
d:\proj\c++_proj\openscenegraph-3.3.1\build\src\osgplugins\ive\osgdb_ive.dir\release\compositelayer.obj
d:\proj\c++_proj\openscenegraph-3.3.1\build\src\osgplugins\ive\osgdb_ive.dir\release\linestipple.obj
d:\proj\c++_proj\openscenegraph-3.3.1\build\src\osgplugins\ive\osgdb_ive.dir\release\lightsource.obj
d:\proj\c++_proj\openscenegraph-3.3.1\build\src\osgplugins\ive\osgdb_ive.dir\release\lightpointnode.obj
d:\proj\c++_proj\openscenegraph-3.3.1\build\src\osgplugins\ive\osgdb_ive.dir\release\lightpoint.obj
d:\proj\c++_proj\openscenegraph-3.3.1\build\src\osgplugins\ive\osgdb_ive.dir\release\lightmodel.obj
d:\proj\c++_proj\openscenegraph-3.3.1\build\src\osgplugins\ive\osgdb_ive.dir\release\light.obj
d:\proj\c++_proj\openscenegraph-3.3.1\build\src\osgplugins\ive\osgdb_ive.dir\release\layer.obj
d:\proj\c++_proj\openscenegraph-3.3.1\build\src\osgplugins\ive\osgdb_ive.dir\release\impostor.obj
d:\proj\c++_proj\openscenegraph-3.3.1\build\src\osgplugins\ive\osgdb_ive.dir\release\imagesequence.obj
d:\proj\c++_proj\openscenegraph-3.3.1\build\src\osgplugins\ive\osgdb_ive.dir\release\imagelayer.obj
d:\proj\c++_proj\openscenegraph-3.3.1\build\src\osgplugins\ive\osgdb_ive.dir\release\image.obj
d:\proj\c++_proj\openscenegraph-3.3.1\build\src\osgplugins\ive\osgdb_ive.dir\release\heightfieldlayer.obj
d:\proj\c++_proj\openscenegraph-3.3.1\build\src\osgplugins\ive\osgdb_ive.dir\release\group.obj
d:\proj\c++_proj\openscenegraph-3.3.1\build\src\osgplugins\ive\osgdb_ive.dir\release\geometry.obj
d:\proj\c++_proj\openscenegraph-3.3.1\build\src\osgplugins\ive\osgdb_ive.dir\release\geode.obj
d:\proj\c++_proj\openscenegraph-3.3.1\build\src\osgplugins\ive\osgdb_ive.dir\release\frontface.obj
d:\proj\c++_proj\openscenegraph-3.3.1\build\src\osgplugins\ive\osgdb_ive.dir\release\fragmentprogram.obj
d:\proj\c++_proj\openscenegraph-3.3.1\build\src\osgplugins\ive\osgdb_ive.dir\release\fog.obj
d:\proj\c++_proj\openscenegraph-3.3.1\build\src\osgplugins\ive\osgdb_ive.dir\release\fadetext.obj
d:\proj\c++_proj\openscenegraph-3.3.1\build\src\osgplugins\ive\osgdb_ive.dir\release\exception.obj
d:\proj\c++_proj\openscenegraph-3.3.1\build\src\osgplugins\ive\osgdb_ive.dir\release\primitiveset.obj
d:\proj\c++_proj\openscenegraph-3.3.1\build\src\osgplugins\ive\osgdb_ive.dir\release\positionattitudetransform.obj
d:\proj\c++_proj\openscenegraph-3.3.1\build\src\osgplugins\ive\osgdb_ive.dir\release\polygonstipple.obj
d:\proj\c++_proj\openscenegraph-3.3.1\build\src\osgplugins\ive\osgdb_ive.dir\release\polygonoffset.obj
d:\proj\c++_proj\openscenegraph-3.3.1\build\src\osgplugins\ive\osgdb_ive.dir\release\polygonmode.obj
d:\proj\c++_proj\openscenegraph-3.3.1\build\src\osgplugins\ive\osgdb_ive.dir\release\pointsprite.obj
d:\proj\c++_proj\openscenegraph-3.3.1\build\src\osgplugins\ive\osgdb_ive.dir\release\point.obj
d:\proj\c++_proj\openscenegraph-3.3.1\build\src\osgplugins\ive\osgdb_ive.dir\release\pagedlod.obj
d:\proj\c++_proj\openscenegraph-3.3.1\build\src\osgplugins\ive\osgdb_ive.dir\release\occlusionquerynode.obj
d:\proj\c++_proj\openscenegraph-3.3.1\build\src\osgplugins\ive\osgdb_ive.dir\release\occludernode.obj
d:\proj\c++_proj\openscenegraph-3.3.1\build\src\osgplugins\ive\osgdb_ive.dir\release\object.obj
d:\proj\c++_proj\openscenegraph-3.3.1\build\src\osgplugins\ive\osgdb_ive.dir\release\node.obj
d:\proj\c++_proj\openscenegraph-3.3.1\build\src\osgplugins\ive\osgdb_ive.dir\release\multitexturecontrol.obj
d:\proj\c++_proj\openscenegraph-3.3.1\build\src\osgplugins\ive\osgdb_ive.dir\release\multiswitch.obj
d:\proj\c++_proj\openscenegraph-3.3.1\build\src\osgplugins\ive\osgdb_ive.dir\release\multisample.obj
d:\proj\c++_proj\openscenegraph-3.3.1\build\src\osgplugins\ive\osgdb_ive.dir\release\matrixtransform.obj
d:\proj\c++_proj\openscenegraph-3.3.1\build\src\osgplugins\ive\osgdb_ive.dir\release\material.obj
d:\proj\c++_proj\openscenegraph-3.3.1\build\src\osgplugins\ive\osgdb_ive.dir\release\lod.obj
d:\proj\c++_proj\openscenegraph-3.3.1\build\src\osgplugins\ive\osgdb_ive.dir\release\locator.obj
d:\proj\c++_proj\openscenegraph-3.3.1\build\src\osgplugins\ive\osgdb_ive.dir\release\linewidth.obj
d:\proj\c++_proj\openscenegraph-3.3.1\build\src\osgplugins\ive\osgdb_ive.dir\release\texenvcombine.obj
d:\proj\c++_proj\openscenegraph-3.3.1\build\src\osgplugins\ive\osgdb_ive.dir\release\terraintile.obj
d:\proj\c++_proj\openscenegraph-3.3.1\build\src\osgplugins\ive\osgdb_ive.dir\release\terrain.obj
d:\proj\c++_proj\openscenegraph-3.3.1\build\src\osgplugins\ive\osgdb_ive.dir\release\switchlayer.obj
d:\proj\c++_proj\openscenegraph-3.3.1\build\src\osgplugins\ive\osgdb_ive.dir\release\switch.obj
d:\proj\c++_proj\openscenegraph-3.3.1\build\src\osgplugins\ive\osgdb_ive.dir\release\stenciltwosided.obj
d:\proj\c++_proj\openscenegraph-3.3.1\build\src\osgplugins\ive\osgdb_ive.dir\release\stencil.obj
d:\proj\c++_proj\openscenegraph-3.3.1\build\src\osgplugins\ive\osgdb_ive.dir\release\stateset.obj
d:\proj\c++_proj\openscenegraph-3.3.1\build\src\osgplugins\ive\osgdb_ive.dir\release\specularhighlights.obj
d:\proj\c++_proj\openscenegraph-3.3.1\build\src\osgplugins\ive\osgdb_ive.dir\release\shapedrawable.obj
d:\proj\c++_proj\openscenegraph-3.3.1\build\src\osgplugins\ive\osgdb_ive.dir\release\shape.obj
d:\proj\c++_proj\openscenegraph-3.3.1\build\src\osgplugins\ive\osgdb_ive.dir\release\shapeattributelist.obj
d:\proj\c++_proj\openscenegraph-3.3.1\build\src\osgplugins\ive\osgdb_ive.dir\release\shader.obj
d:\proj\c++_proj\openscenegraph-3.3.1\build\src\osgplugins\ive\osgdb_ive.dir\release\shademodel.obj
d:\proj\c++_proj\openscenegraph-3.3.1\build\src\osgplugins\ive\osgdb_ive.dir\release\sequence.obj
d:\proj\c++_proj\openscenegraph-3.3.1\build\src\osgplugins\ive\osgdb_ive.dir\release\scribe.obj
d:\proj\c++_proj\openscenegraph-3.3.1\build\src\osgplugins\ive\osgdb_ive.dir\release\scissor.obj
d:\proj\c++_proj\openscenegraph-3.3.1\build\src\osgplugins\ive\osgdb_ive.dir\release\readerwriterive.obj
d:\proj\c++_proj\openscenegraph-3.3.1\build\src\osgplugins\ive\osgdb_ive.dir\release\proxynode.obj
d:\proj\c++_proj\openscenegraph-3.3.1\build\src\osgplugins\ive\osgdb_ive.dir\release\program.obj
d:\proj\c++_proj\openscenegraph-3.3.1\build\src\osgplugins\ive\osgdb_ive.dir\release\volumecompositeproperty.obj
d:\proj\c++_proj\openscenegraph-3.3.1\build\src\osgplugins\ive\osgdb_ive.dir\release\volumecompositelayer.obj
d:\proj\c++_proj\openscenegraph-3.3.1\build\src\osgplugins\ive\osgdb_ive.dir\release\visibilitygroup.obj
d:\proj\c++_proj\openscenegraph-3.3.1\build\src\osgplugins\ive\osgdb_ive.dir\release\viewport.obj
d:\proj\c++_proj\openscenegraph-3.3.1\build\src\osgplugins\ive\osgdb_ive.dir\release\vertexprogram.obj
d:\proj\c++_proj\openscenegraph-3.3.1\build\src\osgplugins\ive\osgdb_ive.dir\release\uniform.obj
d:\proj\c++_proj\openscenegraph-3.3.1\build\src\osgplugins\ive\osgdb_ive.dir\release\transform.obj
d:\proj\c++_proj\openscenegraph-3.3.1\build\src\osgplugins\ive\osgdb_ive.dir\release\texturerectangle.obj
d:\proj\c++_proj\openscenegraph-3.3.1\build\src\osgplugins\ive\osgdb_ive.dir\release\texturecubemap.obj
d:\proj\c++_proj\openscenegraph-3.3.1\build\src\osgplugins\ive\osgdb_ive.dir\release\texture.obj
d:\proj\c++_proj\openscenegraph-3.3.1\build\src\osgplugins\ive\osgdb_ive.dir\release\texture3d.obj
d:\proj\c++_proj\openscenegraph-3.3.1\build\src\osgplugins\ive\osgdb_ive.dir\release\texture2darray.obj
d:\proj\c++_proj\openscenegraph-3.3.1\build\src\osgplugins\ive\osgdb_ive.dir\release\texture2d.obj
d:\proj\c++_proj\openscenegraph-3.3.1\build\src\osgplugins\ive\osgdb_ive.dir\release\texture1d.obj
d:\proj\c++_proj\openscenegraph-3.3.1\build\src\osgplugins\ive\osgdb_ive.dir\release\text.obj
d:\proj\c++_proj\openscenegraph-3.3.1\build\src\osgplugins\ive\osgdb_ive.dir\release\text3d.obj
d:\proj\c++_proj\openscenegraph-3.3.1\build\src\osgplugins\ive\osgdb_ive.dir\release\texmat.obj
d:\proj\c++_proj\openscenegraph-3.3.1\build\src\osgplugins\ive\osgdb_ive.dir\release\texgennode.obj
d:\proj\c++_proj\openscenegraph-3.3.1\build\src\osgplugins\ive\osgdb_ive.dir\release\texgen.obj
d:\proj\c++_proj\openscenegraph-3.3.1\build\src\osgplugins\ive\osgdb_ive.dir\release\texenv.obj
d:\proj\c++_proj\openscenegraph-3.3.1\build\src\osgplugins\ive\osgdb_ive.dir\release\volumetile.obj
d:\proj\c++_proj\openscenegraph-3.3.1\build\src\osgplugins\ive\osgdb_ive.dir\release\volumelocator.obj
d:\proj\c++_proj\openscenegraph-3.3.1\build\src\osgplugins\ive\osgdb_ive.dir\release\volumelayer.obj
d:\proj\c++_proj\openscenegraph-3.3.1\build\src\osgplugins\ive\osgdb_ive.dir\release\volumeimagelayer.obj
d:\proj\c++_proj\openscenegraph-3.3.1\build\src\osgplugins\ive\osgdb_ive.dir\release\volume.obj
d:\proj\c++_proj\openscenegraph-3.3.1\build\src\osgplugins\ive\osgdb_ive.dir\release\volumepropertyadjustmentcallback.obj
d:\proj\c++_proj\openscenegraph-3.3.1\build\src\osgplugins\ive\osgdb_ive.dir\release\volumetransferfunctionproperty.obj
d:\proj\c++_proj\openscenegraph-3.3.1\build\src\osgplugins\ive\osgdb_ive.dir\release\volumescalarproperty.obj
d:\proj\c++_proj\openscenegraph-3.3.1\build\src\osgplugins\ive\osgdb_ive.dir\release\volumeswitchproperty.obj
d:\proj\c++_proj\openscenegraph-3.3.1\build\src\osgplugins\ive\cmakefiles\generate.stamp
d:\proj\c++_proj\openscenegraph-3.3.1\build\bin\osgplugins-3.3.1\osgdb_ive.dll
d:\proj\c++_proj\openscenegraph-3.3.1\build\bin\osgplugins-3.3.1\zlib1.dll
d:\proj\c++_proj\openscenegraph-3.3.1\build\src\osgplugins\ive\osgdb_ive.dir\release\openscenegraphversioninfo.res
d:\proj\c++_proj\openscenegraph-3.3.1\build\src\osgplugins\ive\osgdb_ive.dir\release\plugins ive.tlog\cl.command.1.tlog
d:\proj\c++_proj\openscenegraph-3.3.1\build\src\osgplugins\ive\osgdb_ive.dir\release\plugins ive.tlog\cl.items.tlog
d:\proj\c++_proj\openscenegraph-3.3.1\build\src\osgplugins\ive\osgdb_ive.dir\release\plugins ive.tlog\cl.read.1.tlog
d:\proj\c++_proj\openscenegraph-3.3.1\build\src\osgplugins\ive\osgdb_ive.dir\release\plugins ive.tlog\cl.write.1.tlog
d:\proj\c++_proj\openscenegraph-3.3.1\build\src\osgplugins\ive\osgdb_ive.dir\release\plugins ive.tlog\custombuild.command.1.tlog
d:\proj\c++_proj\openscenegraph-3.3.1\build\src\osgplugins\ive\osgdb_ive.dir\release\plugins ive.tlog\custombuild.read.1.tlog
d:\proj\c++_proj\openscenegraph-3.3.1\build\src\osgplugins\ive\osgdb_ive.dir\release\plugins ive.tlog\custombuild.write.1.tlog
d:\proj\c++_proj\openscenegraph-3.3.1\build\src\osgplugins\ive\osgdb_ive.dir\release\plugins ive.tlog\link.command.1.tlog
d:\proj\c++_proj\openscenegraph-3.3.1\build\src\osgplugins\ive\osgdb_ive.dir\release\plugins ive.tlog\link.read.1.tlog
d:\proj\c++_proj\openscenegraph-3.3.1\build\src\osgplugins\ive\osgdb_ive.dir\release\plugins ive.tlog\link.secondary.1.tlog
d:\proj\c++_proj\openscenegraph-3.3.1\build\src\osgplugins\ive\osgdb_ive.dir\release\plugins ive.tlog\link.write.1.tlog
d:\proj\c++_proj\openscenegraph-3.3.1\build\src\osgplugins\ive\osgdb_ive.dir\release\plugins ive.tlog\plugins ive.write.1u.tlog
d:\proj\c++_proj\openscenegraph-3.3.1\build\src\osgplugins\ive\osgdb_ive.dir\release\plugins ive.tlog\rc.command.1.tlog
d:\proj\c++_proj\openscenegraph-3.3.1\build\src\osgplugins\ive\osgdb_ive.dir\release\plugins ive.tlog\rc.read.1.tlog
d:\proj\c++_proj\openscenegraph-3.3.1\build\src\osgplugins\ive\osgdb_ive.dir\release\plugins ive.tlog\rc.write.1.tlog
