d:\proj\c++_proj\openscenegraph-3.3.1\build\src\osgwrappers\serializers\osgsim\osgdb_serializers_osgsim.dir\release\visibilitygroup.obj
d:\proj\c++_proj\openscenegraph-3.3.1\build\src\osgwrappers\serializers\osgsim\osgdb_serializers_osgsim.dir\release\spheresegment.obj
d:\proj\c++_proj\openscenegraph-3.3.1\build\src\osgwrappers\serializers\osgsim\osgdb_serializers_osgsim.dir\release\shapeattributelist.obj
d:\proj\c++_proj\openscenegraph-3.3.1\build\src\osgwrappers\serializers\osgsim\osgdb_serializers_osgsim.dir\release\sequencegroup.obj
d:\proj\c++_proj\openscenegraph-3.3.1\build\src\osgwrappers\serializers\osgsim\osgdb_serializers_osgsim.dir\release\sector.obj
d:\proj\c++_proj\openscenegraph-3.3.1\build\src\osgwrappers\serializers\osgsim\osgdb_serializers_osgsim.dir\release\scalarbar.obj
d:\proj\c++_proj\openscenegraph-3.3.1\build\src\osgwrappers\serializers\osgsim\osgdb_serializers_osgsim.dir\release\overlaynode.obj
d:\proj\c++_proj\openscenegraph-3.3.1\build\src\osgwrappers\serializers\osgsim\osgdb_serializers_osgsim.dir\release\objectrecorddata.obj
d:\proj\c++_proj\openscenegraph-3.3.1\build\src\osgwrappers\serializers\osgsim\osgdb_serializers_osgsim.dir\release\multiswitch.obj
d:\proj\c++_proj\openscenegraph-3.3.1\build\src\osgwrappers\serializers\osgsim\osgdb_serializers_osgsim.dir\release\lightpointsystem.obj
d:\proj\c++_proj\openscenegraph-3.3.1\build\src\osgwrappers\serializers\osgsim\osgdb_serializers_osgsim.dir\release\lightpointnode.obj
d:\proj\c++_proj\openscenegraph-3.3.1\build\src\osgwrappers\serializers\osgsim\osgdb_serializers_osgsim.dir\release\librarywrapper.obj
d:\proj\c++_proj\openscenegraph-3.3.1\build\src\osgwrappers\serializers\osgsim\osgdb_serializers_osgsim.dir\release\impostor.obj
d:\proj\c++_proj\openscenegraph-3.3.1\build\src\osgwrappers\serializers\osgsim\osgdb_serializers_osgsim.dir\release\elevationsector.obj
d:\proj\c++_proj\openscenegraph-3.3.1\build\src\osgwrappers\serializers\osgsim\osgdb_serializers_osgsim.dir\release\directionalsector.obj
d:\proj\c++_proj\openscenegraph-3.3.1\build\src\osgwrappers\serializers\osgsim\osgdb_serializers_osgsim.dir\release\doftransform.obj
d:\proj\c++_proj\openscenegraph-3.3.1\build\src\osgwrappers\serializers\osgsim\osgdb_serializers_osgsim.dir\release\conesector.obj
d:\proj\c++_proj\openscenegraph-3.3.1\build\src\osgwrappers\serializers\osgsim\osgdb_serializers_osgsim.dir\release\blinksequence.obj
d:\proj\c++_proj\openscenegraph-3.3.1\build\src\osgwrappers\serializers\osgsim\osgdb_serializers_osgsim.dir\release\azimsector.obj
d:\proj\c++_proj\openscenegraph-3.3.1\build\src\osgwrappers\serializers\osgsim\osgdb_serializers_osgsim.dir\release\azimelevationsector.obj
d:\proj\c++_proj\openscenegraph-3.3.1\build\src\osgwrappers\serializers\osgsim\cmakefiles\generate.stamp
d:\proj\c++_proj\openscenegraph-3.3.1\build\bin\osgplugins-3.3.1\osgdb_serializers_osgsim.dll
d:\proj\c++_proj\openscenegraph-3.3.1\build\src\osgwrappers\serializers\osgsim\osgdb_serializers_osgsim.dir\release\openscenegraphversioninfo.res
d:\proj\c++_proj\openscenegraph-3.3.1\build\src\osgwrappers\serializers\osgsim\osgdb_serializers_osgsim.dir\release\plugins .eb026b8a.tlog\cl.command.1.tlog
d:\proj\c++_proj\openscenegraph-3.3.1\build\src\osgwrappers\serializers\osgsim\osgdb_serializers_osgsim.dir\release\plugins .eb026b8a.tlog\cl.items.tlog
d:\proj\c++_proj\openscenegraph-3.3.1\build\src\osgwrappers\serializers\osgsim\osgdb_serializers_osgsim.dir\release\plugins .eb026b8a.tlog\cl.read.1.tlog
d:\proj\c++_proj\openscenegraph-3.3.1\build\src\osgwrappers\serializers\osgsim\osgdb_serializers_osgsim.dir\release\plugins .eb026b8a.tlog\cl.write.1.tlog
d:\proj\c++_proj\openscenegraph-3.3.1\build\src\osgwrappers\serializers\osgsim\osgdb_serializers_osgsim.dir\release\plugins .eb026b8a.tlog\custombuild.command.1.tlog
d:\proj\c++_proj\openscenegraph-3.3.1\build\src\osgwrappers\serializers\osgsim\osgdb_serializers_osgsim.dir\release\plugins .eb026b8a.tlog\custombuild.read.1.tlog
d:\proj\c++_proj\openscenegraph-3.3.1\build\src\osgwrappers\serializers\osgsim\osgdb_serializers_osgsim.dir\release\plugins .eb026b8a.tlog\custombuild.write.1.tlog
d:\proj\c++_proj\openscenegraph-3.3.1\build\src\osgwrappers\serializers\osgsim\osgdb_serializers_osgsim.dir\release\plugins .eb026b8a.tlog\link.command.1.tlog
d:\proj\c++_proj\openscenegraph-3.3.1\build\src\osgwrappers\serializers\osgsim\osgdb_serializers_osgsim.dir\release\plugins .eb026b8a.tlog\link.read.1.tlog
d:\proj\c++_proj\openscenegraph-3.3.1\build\src\osgwrappers\serializers\osgsim\osgdb_serializers_osgsim.dir\release\plugins .eb026b8a.tlog\link.secondary.1.tlog
d:\proj\c++_proj\openscenegraph-3.3.1\build\src\osgwrappers\serializers\osgsim\osgdb_serializers_osgsim.dir\release\plugins .eb026b8a.tlog\link.write.1.tlog
d:\proj\c++_proj\openscenegraph-3.3.1\build\src\osgwrappers\serializers\osgsim\osgdb_serializers_osgsim.dir\release\plugins .eb026b8a.tlog\rc.command.1.tlog
d:\proj\c++_proj\openscenegraph-3.3.1\build\src\osgwrappers\serializers\osgsim\osgdb_serializers_osgsim.dir\release\plugins .eb026b8a.tlog\rc.read.1.tlog
d:\proj\c++_proj\openscenegraph-3.3.1\build\src\osgwrappers\serializers\osgsim\osgdb_serializers_osgsim.dir\release\plugins .eb026b8a.tlog\rc.write.1.tlog
