d:\proj\c++_proj\openscenegraph-3.3.1\build\src\osgwrappers\deprecated-dotosg\osgvolume\osgdb_deprecated_osgvolume.dir\release\volumetile.obj
d:\proj\c++_proj\openscenegraph-3.3.1\build\src\osgwrappers\deprecated-dotosg\osgvolume\osgdb_deprecated_osgvolume.dir\release\volume.obj
d:\proj\c++_proj\openscenegraph-3.3.1\build\src\osgwrappers\deprecated-dotosg\osgvolume\osgdb_deprecated_osgvolume.dir\release\transferfunctionproperty.obj
d:\proj\c++_proj\openscenegraph-3.3.1\build\src\osgwrappers\deprecated-dotosg\osgvolume\osgdb_deprecated_osgvolume.dir\release\switchproperty.obj
d:\proj\c++_proj\openscenegraph-3.3.1\build\src\osgwrappers\deprecated-dotosg\osgvolume\osgdb_deprecated_osgvolume.dir\release\scalarproperty.obj
d:\proj\c++_proj\openscenegraph-3.3.1\build\src\osgwrappers\deprecated-dotosg\osgvolume\osgdb_deprecated_osgvolume.dir\release\raytracedtechnique.obj
d:\proj\c++_proj\openscenegraph-3.3.1\build\src\osgwrappers\deprecated-dotosg\osgvolume\osgdb_deprecated_osgvolume.dir\release\propertyadjustmentcallback.obj
d:\proj\c++_proj\openscenegraph-3.3.1\build\src\osgwrappers\deprecated-dotosg\osgvolume\osgdb_deprecated_osgvolume.dir\release\property.obj
d:\proj\c++_proj\openscenegraph-3.3.1\build\src\osgwrappers\deprecated-dotosg\osgvolume\osgdb_deprecated_osgvolume.dir\release\locator.obj
d:\proj\c++_proj\openscenegraph-3.3.1\build\src\osgwrappers\deprecated-dotosg\osgvolume\osgdb_deprecated_osgvolume.dir\release\librarywrapper.obj
d:\proj\c++_proj\openscenegraph-3.3.1\build\src\osgwrappers\deprecated-dotosg\osgvolume\osgdb_deprecated_osgvolume.dir\release\layer.obj
d:\proj\c++_proj\openscenegraph-3.3.1\build\src\osgwrappers\deprecated-dotosg\osgvolume\osgdb_deprecated_osgvolume.dir\release\imagelayer.obj
d:\proj\c++_proj\openscenegraph-3.3.1\build\src\osgwrappers\deprecated-dotosg\osgvolume\osgdb_deprecated_osgvolume.dir\release\fixedfunctiontechnique.obj
d:\proj\c++_proj\openscenegraph-3.3.1\build\src\osgwrappers\deprecated-dotosg\osgvolume\osgdb_deprecated_osgvolume.dir\release\compositeproperty.obj
d:\proj\c++_proj\openscenegraph-3.3.1\build\src\osgwrappers\deprecated-dotosg\osgvolume\cmakefiles\generate.stamp
d:\proj\c++_proj\openscenegraph-3.3.1\build\bin\osgplugins-3.3.1\osgdb_deprecated_osgvolume.dll
d:\proj\c++_proj\openscenegraph-3.3.1\build\src\osgwrappers\deprecated-dotosg\osgvolume\osgdb_deprecated_osgvolume.dir\release\openscenegraphversioninfo.res
d:\proj\c++_proj\openscenegraph-3.3.1\build\src\osgwrappers\deprecated-dotosg\osgvolume\osgdb_deprecated_osgvolume.dir\release\plugins .50f2374c.tlog\cl.command.1.tlog
d:\proj\c++_proj\openscenegraph-3.3.1\build\src\osgwrappers\deprecated-dotosg\osgvolume\osgdb_deprecated_osgvolume.dir\release\plugins .50f2374c.tlog\cl.items.tlog
d:\proj\c++_proj\openscenegraph-3.3.1\build\src\osgwrappers\deprecated-dotosg\osgvolume\osgdb_deprecated_osgvolume.dir\release\plugins .50f2374c.tlog\cl.read.1.tlog
d:\proj\c++_proj\openscenegraph-3.3.1\build\src\osgwrappers\deprecated-dotosg\osgvolume\osgdb_deprecated_osgvolume.dir\release\plugins .50f2374c.tlog\cl.write.1.tlog
d:\proj\c++_proj\openscenegraph-3.3.1\build\src\osgwrappers\deprecated-dotosg\osgvolume\osgdb_deprecated_osgvolume.dir\release\plugins .50f2374c.tlog\custombuild.command.1.tlog
d:\proj\c++_proj\openscenegraph-3.3.1\build\src\osgwrappers\deprecated-dotosg\osgvolume\osgdb_deprecated_osgvolume.dir\release\plugins .50f2374c.tlog\custombuild.read.1.tlog
d:\proj\c++_proj\openscenegraph-3.3.1\build\src\osgwrappers\deprecated-dotosg\osgvolume\osgdb_deprecated_osgvolume.dir\release\plugins .50f2374c.tlog\custombuild.write.1.tlog
d:\proj\c++_proj\openscenegraph-3.3.1\build\src\osgwrappers\deprecated-dotosg\osgvolume\osgdb_deprecated_osgvolume.dir\release\plugins .50f2374c.tlog\link.command.1.tlog
d:\proj\c++_proj\openscenegraph-3.3.1\build\src\osgwrappers\deprecated-dotosg\osgvolume\osgdb_deprecated_osgvolume.dir\release\plugins .50f2374c.tlog\link.read.1.tlog
d:\proj\c++_proj\openscenegraph-3.3.1\build\src\osgwrappers\deprecated-dotosg\osgvolume\osgdb_deprecated_osgvolume.dir\release\plugins .50f2374c.tlog\link.secondary.1.tlog
d:\proj\c++_proj\openscenegraph-3.3.1\build\src\osgwrappers\deprecated-dotosg\osgvolume\osgdb_deprecated_osgvolume.dir\release\plugins .50f2374c.tlog\link.write.1.tlog
d:\proj\c++_proj\openscenegraph-3.3.1\build\src\osgwrappers\deprecated-dotosg\osgvolume\osgdb_deprecated_osgvolume.dir\release\plugins .50f2374c.tlog\rc.command.1.tlog
d:\proj\c++_proj\openscenegraph-3.3.1\build\src\osgwrappers\deprecated-dotosg\osgvolume\osgdb_deprecated_osgvolume.dir\release\plugins .50f2374c.tlog\rc.read.1.tlog
d:\proj\c++_proj\openscenegraph-3.3.1\build\src\osgwrappers\deprecated-dotosg\osgvolume\osgdb_deprecated_osgvolume.dir\release\plugins .50f2374c.tlog\rc.write.1.tlog
