d:\proj\c++_proj\openscenegraph-3.3.1\build\src\osgplugins\cfg\osgdb_cfg.dir\release\visualchooser.obj
d:\proj\c++_proj\openscenegraph-3.3.1\build\src\osgplugins\cfg\osgdb_cfg.dir\release\rendersurface.obj
d:\proj\c++_proj\openscenegraph-3.3.1\build\src\osgplugins\cfg\osgdb_cfg.dir\release\readerwritercfg.obj
d:\proj\c++_proj\openscenegraph-3.3.1\build\src\osgplugins\cfg\osgdb_cfg.dir\release\configparser.obj
d:\proj\c++_proj\openscenegraph-3.3.1\build\src\osgplugins\cfg\osgdb_cfg.dir\release\configlexer.obj
d:\proj\c++_proj\openscenegraph-3.3.1\build\src\osgplugins\cfg\osgdb_cfg.dir\release\camera.obj
d:\proj\c++_proj\openscenegraph-3.3.1\build\src\osgplugins\cfg\osgdb_cfg.dir\release\cameraconfig.obj
d:\proj\c++_proj\openscenegraph-3.3.1\build\src\osgplugins\cfg\cmakefiles\generate.stamp
d:\proj\c++_proj\openscenegraph-3.3.1\build\bin\osgplugins-3.3.1\osgdb_cfg.dll
d:\proj\c++_proj\openscenegraph-3.3.1\build\src\osgplugins\cfg\osgdb_cfg.dir\release\openscenegraphversioninfo.res
d:\proj\c++_proj\openscenegraph-3.3.1\build\src\osgplugins\cfg\osgdb_cfg.dir\release\plugins cfg.tlog\cl.command.1.tlog
d:\proj\c++_proj\openscenegraph-3.3.1\build\src\osgplugins\cfg\osgdb_cfg.dir\release\plugins cfg.tlog\cl.items.tlog
d:\proj\c++_proj\openscenegraph-3.3.1\build\src\osgplugins\cfg\osgdb_cfg.dir\release\plugins cfg.tlog\cl.read.1.tlog
d:\proj\c++_proj\openscenegraph-3.3.1\build\src\osgplugins\cfg\osgdb_cfg.dir\release\plugins cfg.tlog\cl.write.1.tlog
d:\proj\c++_proj\openscenegraph-3.3.1\build\src\osgplugins\cfg\osgdb_cfg.dir\release\plugins cfg.tlog\custombuild.command.1.tlog
d:\proj\c++_proj\openscenegraph-3.3.1\build\src\osgplugins\cfg\osgdb_cfg.dir\release\plugins cfg.tlog\custombuild.read.1.tlog
d:\proj\c++_proj\openscenegraph-3.3.1\build\src\osgplugins\cfg\osgdb_cfg.dir\release\plugins cfg.tlog\custombuild.write.1.tlog
d:\proj\c++_proj\openscenegraph-3.3.1\build\src\osgplugins\cfg\osgdb_cfg.dir\release\plugins cfg.tlog\link.command.1.tlog
d:\proj\c++_proj\openscenegraph-3.3.1\build\src\osgplugins\cfg\osgdb_cfg.dir\release\plugins cfg.tlog\link.read.1.tlog
d:\proj\c++_proj\openscenegraph-3.3.1\build\src\osgplugins\cfg\osgdb_cfg.dir\release\plugins cfg.tlog\link.secondary.1.tlog
d:\proj\c++_proj\openscenegraph-3.3.1\build\src\osgplugins\cfg\osgdb_cfg.dir\release\plugins cfg.tlog\link.write.1.tlog
d:\proj\c++_proj\openscenegraph-3.3.1\build\src\osgplugins\cfg\osgdb_cfg.dir\release\plugins cfg.tlog\rc.command.1.tlog
d:\proj\c++_proj\openscenegraph-3.3.1\build\src\osgplugins\cfg\osgdb_cfg.dir\release\plugins cfg.tlog\rc.read.1.tlog
d:\proj\c++_proj\openscenegraph-3.3.1\build\src\osgplugins\cfg\osgdb_cfg.dir\release\plugins cfg.tlog\rc.write.1.tlog
