d:\proj\c++_proj\openscenegraph-3.3.1\build\cmakefiles\generate.stamp
d:\proj\c++_proj\openscenegraph-3.3.1\build\src\cmakefiles\generate.stamp
d:\proj\c++_proj\openscenegraph-3.3.1\build\src\openthreads\cmakefiles\generate.stamp
d:\proj\c++_proj\openscenegraph-3.3.1\build\src\openthreads\win32\cmakefiles\generate.stamp
d:\proj\c++_proj\openscenegraph-3.3.1\build\src\osg\cmakefiles\generate.stamp
d:\proj\c++_proj\openscenegraph-3.3.1\build\src\osgdb\cmakefiles\generate.stamp
d:\proj\c++_proj\openscenegraph-3.3.1\build\src\osgutil\cmakefiles\generate.stamp
d:\proj\c++_proj\openscenegraph-3.3.1\build\src\osgga\cmakefiles\generate.stamp
d:\proj\c++_proj\openscenegraph-3.3.1\build\src\osgtext\cmakefiles\generate.stamp
d:\proj\c++_proj\openscenegraph-3.3.1\build\src\osgviewer\cmakefiles\generate.stamp
d:\proj\c++_proj\openscenegraph-3.3.1\build\src\osganimation\cmakefiles\generate.stamp
d:\proj\c++_proj\openscenegraph-3.3.1\build\src\osgfx\cmakefiles\generate.stamp
d:\proj\c++_proj\openscenegraph-3.3.1\build\src\osgmanipulator\cmakefiles\generate.stamp
d:\proj\c++_proj\openscenegraph-3.3.1\build\src\osgparticle\cmakefiles\generate.stamp
d:\proj\c++_proj\openscenegraph-3.3.1\build\src\osgpresentation\cmakefiles\generate.stamp
d:\proj\c++_proj\openscenegraph-3.3.1\build\src\osgshadow\cmakefiles\generate.stamp
d:\proj\c++_proj\openscenegraph-3.3.1\build\src\osgsim\cmakefiles\generate.stamp
d:\proj\c++_proj\openscenegraph-3.3.1\build\src\osgterrain\cmakefiles\generate.stamp
d:\proj\c++_proj\openscenegraph-3.3.1\build\src\osgwidget\cmakefiles\generate.stamp
d:\proj\c++_proj\openscenegraph-3.3.1\build\src\osgvolume\cmakefiles\generate.stamp
d:\proj\c++_proj\openscenegraph-3.3.1\build\src\osgwrappers\serializers\cmakefiles\generate.stamp
d:\proj\c++_proj\openscenegraph-3.3.1\build\src\osgwrappers\serializers\osg\cmakefiles\generate.stamp
d:\proj\c++_proj\openscenegraph-3.3.1\build\src\osgwrappers\serializers\osganimation\cmakefiles\generate.stamp
d:\proj\c++_proj\openscenegraph-3.3.1\build\src\osgwrappers\serializers\osgfx\cmakefiles\generate.stamp
d:\proj\c++_proj\openscenegraph-3.3.1\build\src\osgwrappers\serializers\osgmanipulator\cmakefiles\generate.stamp
d:\proj\c++_proj\openscenegraph-3.3.1\build\src\osgwrappers\serializers\osgparticle\cmakefiles\generate.stamp
d:\proj\c++_proj\openscenegraph-3.3.1\build\src\osgwrappers\serializers\osgsim\cmakefiles\generate.stamp
d:\proj\c++_proj\openscenegraph-3.3.1\build\src\osgwrappers\serializers\osgshadow\cmakefiles\generate.stamp
d:\proj\c++_proj\openscenegraph-3.3.1\build\src\osgwrappers\serializers\osgga\cmakefiles\generate.stamp
d:\proj\c++_proj\openscenegraph-3.3.1\build\src\osgwrappers\serializers\osgterrain\cmakefiles\generate.stamp
d:\proj\c++_proj\openscenegraph-3.3.1\build\src\osgwrappers\serializers\osgtext\cmakefiles\generate.stamp
d:\proj\c++_proj\openscenegraph-3.3.1\build\src\osgwrappers\serializers\osgvolume\cmakefiles\generate.stamp
d:\proj\c++_proj\openscenegraph-3.3.1\build\src\osgwrappers\serializers\osgpresentation\cmakefiles\generate.stamp
d:\proj\c++_proj\openscenegraph-3.3.1\build\src\osgwrappers\serializers\osgviewer\cmakefiles\generate.stamp
d:\proj\c++_proj\openscenegraph-3.3.1\build\src\osgwrappers\deprecated-dotosg\cmakefiles\generate.stamp
d:\proj\c++_proj\openscenegraph-3.3.1\build\src\osgwrappers\deprecated-dotosg\osg\cmakefiles\generate.stamp
d:\proj\c++_proj\openscenegraph-3.3.1\build\src\osgwrappers\deprecated-dotosg\osgparticle\cmakefiles\generate.stamp
d:\proj\c++_proj\openscenegraph-3.3.1\build\src\osgwrappers\deprecated-dotosg\osganimation\cmakefiles\generate.stamp
d:\proj\c++_proj\openscenegraph-3.3.1\build\src\osgwrappers\deprecated-dotosg\osgfx\cmakefiles\generate.stamp
d:\proj\c++_proj\openscenegraph-3.3.1\build\src\osgwrappers\deprecated-dotosg\osgsim\cmakefiles\generate.stamp
d:\proj\c++_proj\openscenegraph-3.3.1\build\src\osgwrappers\deprecated-dotosg\osgtext\cmakefiles\generate.stamp
d:\proj\c++_proj\openscenegraph-3.3.1\build\src\osgwrappers\deprecated-dotosg\osgviewer\cmakefiles\generate.stamp
d:\proj\c++_proj\openscenegraph-3.3.1\build\src\osgwrappers\deprecated-dotosg\osgshadow\cmakefiles\generate.stamp
d:\proj\c++_proj\openscenegraph-3.3.1\build\src\osgwrappers\deprecated-dotosg\osgterrain\cmakefiles\generate.stamp
d:\proj\c++_proj\openscenegraph-3.3.1\build\src\osgwrappers\deprecated-dotosg\osgvolume\cmakefiles\generate.stamp
d:\proj\c++_proj\openscenegraph-3.3.1\build\src\osgwrappers\deprecated-dotosg\osgwidget\cmakefiles\generate.stamp
d:\proj\c++_proj\openscenegraph-3.3.1\build\src\osgplugins\cmakefiles\generate.stamp
d:\proj\c++_proj\openscenegraph-3.3.1\build\src\osgplugins\osga\cmakefiles\generate.stamp
d:\proj\c++_proj\openscenegraph-3.3.1\build\src\osgplugins\rot\cmakefiles\generate.stamp
d:\proj\c++_proj\openscenegraph-3.3.1\build\src\osgplugins\scale\cmakefiles\generate.stamp
d:\proj\c++_proj\openscenegraph-3.3.1\build\src\osgplugins\trans\cmakefiles\generate.stamp
d:\proj\c++_proj\openscenegraph-3.3.1\build\src\osgplugins\normals\cmakefiles\generate.stamp
d:\proj\c++_proj\openscenegraph-3.3.1\build\src\osgplugins\revisions\cmakefiles\generate.stamp
d:\proj\c++_proj\openscenegraph-3.3.1\build\src\osgplugins\view\cmakefiles\generate.stamp
d:\proj\c++_proj\openscenegraph-3.3.1\build\src\osgplugins\shadow\cmakefiles\generate.stamp
d:\proj\c++_proj\openscenegraph-3.3.1\build\src\osgplugins\terrain\cmakefiles\generate.stamp
d:\proj\c++_proj\openscenegraph-3.3.1\build\src\osgplugins\osg\cmakefiles\generate.stamp
d:\proj\c++_proj\openscenegraph-3.3.1\build\src\osgplugins\ive\cmakefiles\generate.stamp
d:\proj\c++_proj\openscenegraph-3.3.1\build\src\osgplugins\cfg\cmakefiles\generate.stamp
d:\proj\c++_proj\openscenegraph-3.3.1\build\src\osgplugins\glsl\cmakefiles\generate.stamp
d:\proj\c++_proj\openscenegraph-3.3.1\build\src\osgplugins\rgb\cmakefiles\generate.stamp
d:\proj\c++_proj\openscenegraph-3.3.1\build\src\osgplugins\bmp\cmakefiles\generate.stamp
d:\proj\c++_proj\openscenegraph-3.3.1\build\src\osgplugins\pnm\cmakefiles\generate.stamp
d:\proj\c++_proj\openscenegraph-3.3.1\build\src\osgplugins\dds\cmakefiles\generate.stamp
d:\proj\c++_proj\openscenegraph-3.3.1\build\src\osgplugins\tga\cmakefiles\generate.stamp
d:\proj\c++_proj\openscenegraph-3.3.1\build\src\osgplugins\hdr\cmakefiles\generate.stamp
d:\proj\c++_proj\openscenegraph-3.3.1\build\src\osgplugins\dot\cmakefiles\generate.stamp
d:\proj\c++_proj\openscenegraph-3.3.1\build\src\osgplugins\vtf\cmakefiles\generate.stamp
d:\proj\c++_proj\openscenegraph-3.3.1\build\src\osgplugins\ktx\cmakefiles\generate.stamp
d:\proj\c++_proj\openscenegraph-3.3.1\build\src\osgplugins\jpeg\cmakefiles\generate.stamp
d:\proj\c++_proj\openscenegraph-3.3.1\build\src\osgplugins\png\cmakefiles\generate.stamp
d:\proj\c++_proj\openscenegraph-3.3.1\build\src\osgplugins\tiff\cmakefiles\generate.stamp
d:\proj\c++_proj\openscenegraph-3.3.1\build\src\osgplugins\3dc\cmakefiles\generate.stamp
d:\proj\c++_proj\openscenegraph-3.3.1\build\src\osgplugins\p3d\cmakefiles\generate.stamp
d:\proj\c++_proj\openscenegraph-3.3.1\build\src\osgplugins\curl\cmakefiles\generate.stamp
d:\proj\c++_proj\openscenegraph-3.3.1\build\src\osgplugins\gz\cmakefiles\generate.stamp
d:\proj\c++_proj\openscenegraph-3.3.1\build\src\osgplugins\dw\cmakefiles\generate.stamp
d:\proj\c++_proj\openscenegraph-3.3.1\build\src\osgplugins\bvh\cmakefiles\generate.stamp
d:\proj\c++_proj\openscenegraph-3.3.1\build\src\osgplugins\x\cmakefiles\generate.stamp
d:\proj\c++_proj\openscenegraph-3.3.1\build\src\osgplugins\dxf\cmakefiles\generate.stamp
d:\proj\c++_proj\openscenegraph-3.3.1\build\src\osgplugins\openflight\cmakefiles\generate.stamp
d:\proj\c++_proj\openscenegraph-3.3.1\build\src\osgplugins\obj\cmakefiles\generate.stamp
d:\proj\c++_proj\openscenegraph-3.3.1\build\src\osgplugins\pic\cmakefiles\generate.stamp
d:\proj\c++_proj\openscenegraph-3.3.1\build\src\osgplugins\stl\cmakefiles\generate.stamp
d:\proj\c++_proj\openscenegraph-3.3.1\build\src\osgplugins\3ds\cmakefiles\generate.stamp
d:\proj\c++_proj\openscenegraph-3.3.1\build\src\osgplugins\ac\cmakefiles\generate.stamp
d:\proj\c++_proj\openscenegraph-3.3.1\build\src\osgplugins\pov\cmakefiles\generate.stamp
d:\proj\c++_proj\openscenegraph-3.3.1\build\src\osgplugins\logo\cmakefiles\generate.stamp
d:\proj\c++_proj\openscenegraph-3.3.1\build\src\osgplugins\lws\cmakefiles\generate.stamp
d:\proj\c++_proj\openscenegraph-3.3.1\build\src\osgplugins\md2\cmakefiles\generate.stamp
d:\proj\c++_proj\openscenegraph-3.3.1\build\src\osgplugins\osgtgz\cmakefiles\generate.stamp
d:\proj\c++_proj\openscenegraph-3.3.1\build\src\osgplugins\tgz\cmakefiles\generate.stamp
d:\proj\c++_proj\openscenegraph-3.3.1\build\src\osgplugins\shp\cmakefiles\generate.stamp
d:\proj\c++_proj\openscenegraph-3.3.1\build\src\osgplugins\txf\cmakefiles\generate.stamp
d:\proj\c++_proj\openscenegraph-3.3.1\build\src\osgplugins\bsp\cmakefiles\generate.stamp
d:\proj\c++_proj\openscenegraph-3.3.1\build\src\osgplugins\mdl\cmakefiles\generate.stamp
d:\proj\c++_proj\openscenegraph-3.3.1\build\src\osgplugins\lwo\cmakefiles\generate.stamp
d:\proj\c++_proj\openscenegraph-3.3.1\build\src\osgplugins\ply\cmakefiles\generate.stamp
d:\proj\c++_proj\openscenegraph-3.3.1\build\src\osgplugins\txp\cmakefiles\generate.stamp
d:\proj\c++_proj\openscenegraph-3.3.1\build\src\osgplugins\zip\cmakefiles\generate.stamp
d:\proj\c++_proj\openscenegraph-3.3.1\build\src\osgplugins\pvr\cmakefiles\generate.stamp
d:\proj\c++_proj\openscenegraph-3.3.1\build\src\osgplugins\osc\cmakefiles\generate.stamp
d:\proj\c++_proj\openscenegraph-3.3.1\build\src\osgplugins\trk\cmakefiles\generate.stamp
d:\proj\c++_proj\openscenegraph-3.3.1\build\applications\cmakefiles\generate.stamp
d:\proj\c++_proj\openscenegraph-3.3.1\build\applications\osgviewer\cmakefiles\generate.stamp
d:\proj\c++_proj\openscenegraph-3.3.1\build\applications\osgarchive\cmakefiles\generate.stamp
d:\proj\c++_proj\openscenegraph-3.3.1\build\applications\osgconv\cmakefiles\generate.stamp
d:\proj\c++_proj\openscenegraph-3.3.1\build\applications\osgfilecache\cmakefiles\generate.stamp
d:\proj\c++_proj\openscenegraph-3.3.1\build\applications\osgversion\cmakefiles\generate.stamp
d:\proj\c++_proj\openscenegraph-3.3.1\build\applications\present3d\cmakefiles\generate.stamp
d:\proj\c++_proj\openscenegraph-3.3.1\build\x64\release\zero_check\zero_check.tlog\custombuild.command.1.tlog
d:\proj\c++_proj\openscenegraph-3.3.1\build\x64\release\zero_check\zero_check.tlog\custombuild.read.1.tlog
d:\proj\c++_proj\openscenegraph-3.3.1\build\x64\release\zero_check\zero_check.tlog\custombuild.write.1.tlog
