d:\proj\c++_proj\openscenegraph-3.3.1\build\src\osgwrappers\deprecated-dotosg\osgfx\osgdb_deprecated_osgfx.dir\release\librarywrapper.obj
d:\proj\c++_proj\openscenegraph-3.3.1\build\src\osgwrappers\deprecated-dotosg\osgfx\osgdb_deprecated_osgfx.dir\release\io_specularhighlights.obj
d:\proj\c++_proj\openscenegraph-3.3.1\build\src\osgwrappers\deprecated-dotosg\osgfx\osgdb_deprecated_osgfx.dir\release\io_scribe.obj
d:\proj\c++_proj\openscenegraph-3.3.1\build\src\osgwrappers\deprecated-dotosg\osgfx\osgdb_deprecated_osgfx.dir\release\io_outline.obj
d:\proj\c++_proj\openscenegraph-3.3.1\build\src\osgwrappers\deprecated-dotosg\osgfx\osgdb_deprecated_osgfx.dir\release\io_multitexturecontrol.obj
d:\proj\c++_proj\openscenegraph-3.3.1\build\src\osgwrappers\deprecated-dotosg\osgfx\osgdb_deprecated_osgfx.dir\release\io_effect.obj
d:\proj\c++_proj\openscenegraph-3.3.1\build\src\osgwrappers\deprecated-dotosg\osgfx\osgdb_deprecated_osgfx.dir\release\io_cartoon.obj
d:\proj\c++_proj\openscenegraph-3.3.1\build\src\osgwrappers\deprecated-dotosg\osgfx\osgdb_deprecated_osgfx.dir\release\io_bumpmapping.obj
d:\proj\c++_proj\openscenegraph-3.3.1\build\src\osgwrappers\deprecated-dotosg\osgfx\osgdb_deprecated_osgfx.dir\release\io_anisotropiclighting.obj
d:\proj\c++_proj\openscenegraph-3.3.1\build\src\osgwrappers\deprecated-dotosg\osgfx\cmakefiles\generate.stamp
d:\proj\c++_proj\openscenegraph-3.3.1\build\bin\osgplugins-3.3.1\osgdb_deprecated_osgfx.dll
d:\proj\c++_proj\openscenegraph-3.3.1\build\src\osgwrappers\deprecated-dotosg\osgfx\osgdb_deprecated_osgfx.dir\release\openscenegraphversioninfo.res
d:\proj\c++_proj\openscenegraph-3.3.1\build\src\osgwrappers\deprecated-dotosg\osgfx\osgdb_deprecated_osgfx.dir\release\plugins .f832480a.tlog\cl.command.1.tlog
d:\proj\c++_proj\openscenegraph-3.3.1\build\src\osgwrappers\deprecated-dotosg\osgfx\osgdb_deprecated_osgfx.dir\release\plugins .f832480a.tlog\cl.items.tlog
d:\proj\c++_proj\openscenegraph-3.3.1\build\src\osgwrappers\deprecated-dotosg\osgfx\osgdb_deprecated_osgfx.dir\release\plugins .f832480a.tlog\cl.read.1.tlog
d:\proj\c++_proj\openscenegraph-3.3.1\build\src\osgwrappers\deprecated-dotosg\osgfx\osgdb_deprecated_osgfx.dir\release\plugins .f832480a.tlog\cl.write.1.tlog
d:\proj\c++_proj\openscenegraph-3.3.1\build\src\osgwrappers\deprecated-dotosg\osgfx\osgdb_deprecated_osgfx.dir\release\plugins .f832480a.tlog\custombuild.command.1.tlog
d:\proj\c++_proj\openscenegraph-3.3.1\build\src\osgwrappers\deprecated-dotosg\osgfx\osgdb_deprecated_osgfx.dir\release\plugins .f832480a.tlog\custombuild.read.1.tlog
d:\proj\c++_proj\openscenegraph-3.3.1\build\src\osgwrappers\deprecated-dotosg\osgfx\osgdb_deprecated_osgfx.dir\release\plugins .f832480a.tlog\custombuild.write.1.tlog
d:\proj\c++_proj\openscenegraph-3.3.1\build\src\osgwrappers\deprecated-dotosg\osgfx\osgdb_deprecated_osgfx.dir\release\plugins .f832480a.tlog\link.command.1.tlog
d:\proj\c++_proj\openscenegraph-3.3.1\build\src\osgwrappers\deprecated-dotosg\osgfx\osgdb_deprecated_osgfx.dir\release\plugins .f832480a.tlog\link.read.1.tlog
d:\proj\c++_proj\openscenegraph-3.3.1\build\src\osgwrappers\deprecated-dotosg\osgfx\osgdb_deprecated_osgfx.dir\release\plugins .f832480a.tlog\link.secondary.1.tlog
d:\proj\c++_proj\openscenegraph-3.3.1\build\src\osgwrappers\deprecated-dotosg\osgfx\osgdb_deprecated_osgfx.dir\release\plugins .f832480a.tlog\link.write.1.tlog
d:\proj\c++_proj\openscenegraph-3.3.1\build\src\osgwrappers\deprecated-dotosg\osgfx\osgdb_deprecated_osgfx.dir\release\plugins .f832480a.tlog\rc.command.1.tlog
d:\proj\c++_proj\openscenegraph-3.3.1\build\src\osgwrappers\deprecated-dotosg\osgfx\osgdb_deprecated_osgfx.dir\release\plugins .f832480a.tlog\rc.read.1.tlog
d:\proj\c++_proj\openscenegraph-3.3.1\build\src\osgwrappers\deprecated-dotosg\osgfx\osgdb_deprecated_osgfx.dir\release\plugins .f832480a.tlog\rc.write.1.tlog
