d:\proj\c++_proj\openscenegraph-3.3.1\build\src\osgplugins\tiff\osgdb_tiff.dir\release\readerwritertiff.obj
d:\proj\c++_proj\openscenegraph-3.3.1\build\src\osgplugins\tiff\cmakefiles\generate.stamp
d:\proj\c++_proj\openscenegraph-3.3.1\build\bin\osgplugins-3.3.1\osgdb_tiff.dll
d:\proj\c++_proj\openscenegraph-3.3.1\build\bin\osgplugins-3.3.1\tiff.dll
d:\proj\c++_proj\openscenegraph-3.3.1\build\bin\osgplugins-3.3.1\zlib1.dll
d:\proj\c++_proj\openscenegraph-3.3.1\build\bin\osgplugins-3.3.1\jpeg62.dll
d:\proj\c++_proj\openscenegraph-3.3.1\build\bin\osgplugins-3.3.1\liblzma.dll
d:\proj\c++_proj\openscenegraph-3.3.1\build\src\osgplugins\tiff\osgdb_tiff.dir\release\openscenegraphversioninfo.res
d:\proj\c++_proj\openscenegraph-3.3.1\build\src\osgplugins\tiff\osgdb_tiff.dir\release\plugins tiff.tlog\cl.command.1.tlog
d:\proj\c++_proj\openscenegraph-3.3.1\build\src\osgplugins\tiff\osgdb_tiff.dir\release\plugins tiff.tlog\cl.items.tlog
d:\proj\c++_proj\openscenegraph-3.3.1\build\src\osgplugins\tiff\osgdb_tiff.dir\release\plugins tiff.tlog\cl.read.1.tlog
d:\proj\c++_proj\openscenegraph-3.3.1\build\src\osgplugins\tiff\osgdb_tiff.dir\release\plugins tiff.tlog\cl.write.1.tlog
d:\proj\c++_proj\openscenegraph-3.3.1\build\src\osgplugins\tiff\osgdb_tiff.dir\release\plugins tiff.tlog\custombuild.command.1.tlog
d:\proj\c++_proj\openscenegraph-3.3.1\build\src\osgplugins\tiff\osgdb_tiff.dir\release\plugins tiff.tlog\custombuild.read.1.tlog
d:\proj\c++_proj\openscenegraph-3.3.1\build\src\osgplugins\tiff\osgdb_tiff.dir\release\plugins tiff.tlog\custombuild.write.1.tlog
d:\proj\c++_proj\openscenegraph-3.3.1\build\src\osgplugins\tiff\osgdb_tiff.dir\release\plugins tiff.tlog\link.command.1.tlog
d:\proj\c++_proj\openscenegraph-3.3.1\build\src\osgplugins\tiff\osgdb_tiff.dir\release\plugins tiff.tlog\link.read.1.tlog
d:\proj\c++_proj\openscenegraph-3.3.1\build\src\osgplugins\tiff\osgdb_tiff.dir\release\plugins tiff.tlog\link.secondary.1.tlog
d:\proj\c++_proj\openscenegraph-3.3.1\build\src\osgplugins\tiff\osgdb_tiff.dir\release\plugins tiff.tlog\link.write.1.tlog
d:\proj\c++_proj\openscenegraph-3.3.1\build\src\osgplugins\tiff\osgdb_tiff.dir\release\plugins tiff.tlog\plugins tiff.write.1u.tlog
d:\proj\c++_proj\openscenegraph-3.3.1\build\src\osgplugins\tiff\osgdb_tiff.dir\release\plugins tiff.tlog\rc.command.1.tlog
d:\proj\c++_proj\openscenegraph-3.3.1\build\src\osgplugins\tiff\osgdb_tiff.dir\release\plugins tiff.tlog\rc.read.1.tlog
d:\proj\c++_proj\openscenegraph-3.3.1\build\src\osgplugins\tiff\osgdb_tiff.dir\release\plugins tiff.tlog\rc.write.1.tlog
