d:\proj\c++_proj\openscenegraph-3.3.1\build\src\osgwrappers\serializers\osgtext\osgdb_serializers_osgtext.dir\release\textbase.obj
d:\proj\c++_proj\openscenegraph-3.3.1\build\src\osgwrappers\serializers\osgtext\osgdb_serializers_osgtext.dir\release\text3d.obj
d:\proj\c++_proj\openscenegraph-3.3.1\build\src\osgwrappers\serializers\osgtext\osgdb_serializers_osgtext.dir\release\text.obj
d:\proj\c++_proj\openscenegraph-3.3.1\build\src\osgwrappers\serializers\osgtext\osgdb_serializers_osgtext.dir\release\librarywrapper.obj
d:\proj\c++_proj\openscenegraph-3.3.1\build\src\osgwrappers\serializers\osgtext\osgdb_serializers_osgtext.dir\release\fadetext.obj
d:\proj\c++_proj\openscenegraph-3.3.1\build\src\osgwrappers\serializers\osgtext\cmakefiles\generate.stamp
d:\proj\c++_proj\openscenegraph-3.3.1\build\bin\osgplugins-3.3.1\osgdb_serializers_osgtext.dll
d:\proj\c++_proj\openscenegraph-3.3.1\build\src\osgwrappers\serializers\osgtext\osgdb_serializers_osgtext.dir\release\openscenegraphversioninfo.res
d:\proj\c++_proj\openscenegraph-3.3.1\build\src\osgwrappers\serializers\osgtext\osgdb_serializers_osgtext.dir\release\plugins .824ac923.tlog\cl.command.1.tlog
d:\proj\c++_proj\openscenegraph-3.3.1\build\src\osgwrappers\serializers\osgtext\osgdb_serializers_osgtext.dir\release\plugins .824ac923.tlog\cl.items.tlog
d:\proj\c++_proj\openscenegraph-3.3.1\build\src\osgwrappers\serializers\osgtext\osgdb_serializers_osgtext.dir\release\plugins .824ac923.tlog\cl.read.1.tlog
d:\proj\c++_proj\openscenegraph-3.3.1\build\src\osgwrappers\serializers\osgtext\osgdb_serializers_osgtext.dir\release\plugins .824ac923.tlog\cl.write.1.tlog
d:\proj\c++_proj\openscenegraph-3.3.1\build\src\osgwrappers\serializers\osgtext\osgdb_serializers_osgtext.dir\release\plugins .824ac923.tlog\custombuild.command.1.tlog
d:\proj\c++_proj\openscenegraph-3.3.1\build\src\osgwrappers\serializers\osgtext\osgdb_serializers_osgtext.dir\release\plugins .824ac923.tlog\custombuild.read.1.tlog
d:\proj\c++_proj\openscenegraph-3.3.1\build\src\osgwrappers\serializers\osgtext\osgdb_serializers_osgtext.dir\release\plugins .824ac923.tlog\custombuild.write.1.tlog
d:\proj\c++_proj\openscenegraph-3.3.1\build\src\osgwrappers\serializers\osgtext\osgdb_serializers_osgtext.dir\release\plugins .824ac923.tlog\link.command.1.tlog
d:\proj\c++_proj\openscenegraph-3.3.1\build\src\osgwrappers\serializers\osgtext\osgdb_serializers_osgtext.dir\release\plugins .824ac923.tlog\link.read.1.tlog
d:\proj\c++_proj\openscenegraph-3.3.1\build\src\osgwrappers\serializers\osgtext\osgdb_serializers_osgtext.dir\release\plugins .824ac923.tlog\link.secondary.1.tlog
d:\proj\c++_proj\openscenegraph-3.3.1\build\src\osgwrappers\serializers\osgtext\osgdb_serializers_osgtext.dir\release\plugins .824ac923.tlog\link.write.1.tlog
d:\proj\c++_proj\openscenegraph-3.3.1\build\src\osgwrappers\serializers\osgtext\osgdb_serializers_osgtext.dir\release\plugins .824ac923.tlog\rc.command.1.tlog
d:\proj\c++_proj\openscenegraph-3.3.1\build\src\osgwrappers\serializers\osgtext\osgdb_serializers_osgtext.dir\release\plugins .824ac923.tlog\rc.read.1.tlog
d:\proj\c++_proj\openscenegraph-3.3.1\build\src\osgwrappers\serializers\osgtext\osgdb_serializers_osgtext.dir\release\plugins .824ac923.tlog\rc.write.1.tlog
