d:\proj\c++_proj\openscenegraph-3.3.1\build\src\osgplugins\lwo\osgdb_lwo.dir\release\vertexmap.obj
d:\proj\c++_proj\openscenegraph-3.3.1\build\src\osgplugins\lwo\osgdb_lwo.dir\release\unit.obj
d:\proj\c++_proj\openscenegraph-3.3.1\build\src\osgplugins\lwo\osgdb_lwo.dir\release\tessellator.obj
d:\proj\c++_proj\openscenegraph-3.3.1\build\src\osgplugins\lwo\osgdb_lwo.dir\release\surface.obj
d:\proj\c++_proj\openscenegraph-3.3.1\build\src\osgplugins\lwo\osgdb_lwo.dir\release\readerwriterlwo.obj
d:\proj\c++_proj\openscenegraph-3.3.1\build\src\osgplugins\lwo\osgdb_lwo.dir\release\polygon.obj
d:\proj\c++_proj\openscenegraph-3.3.1\build\src\osgplugins\lwo\osgdb_lwo.dir\release\old_lwo2layer.obj
d:\proj\c++_proj\openscenegraph-3.3.1\build\src\osgplugins\lwo\osgdb_lwo.dir\release\old_lwo2.obj
d:\proj\c++_proj\openscenegraph-3.3.1\build\src\osgplugins\lwo\osgdb_lwo.dir\release\old_lw.obj
d:\proj\c++_proj\openscenegraph-3.3.1\build\src\osgplugins\lwo\osgdb_lwo.dir\release\object.obj
d:\proj\c++_proj\openscenegraph-3.3.1\build\src\osgplugins\lwo\osgdb_lwo.dir\release\converter.obj
d:\proj\c++_proj\openscenegraph-3.3.1\build\src\osgplugins\lwo\osgdb_lwo.dir\release\clip.obj
d:\proj\c++_proj\openscenegraph-3.3.1\build\src\osgplugins\lwo\osgdb_lwo.dir\release\block.obj
d:\proj\c++_proj\openscenegraph-3.3.1\build\src\osgplugins\lwo\cmakefiles\generate.stamp
d:\proj\c++_proj\openscenegraph-3.3.1\build\bin\osgplugins-3.3.1\osgdb_lwo.dll
d:\proj\c++_proj\openscenegraph-3.3.1\build\src\osgplugins\lwo\osgdb_lwo.dir\release\openscenegraphversioninfo.res
d:\proj\c++_proj\openscenegraph-3.3.1\build\src\osgplugins\lwo\osgdb_lwo.dir\release\plugins lwo.tlog\cl.command.1.tlog
d:\proj\c++_proj\openscenegraph-3.3.1\build\src\osgplugins\lwo\osgdb_lwo.dir\release\plugins lwo.tlog\cl.items.tlog
d:\proj\c++_proj\openscenegraph-3.3.1\build\src\osgplugins\lwo\osgdb_lwo.dir\release\plugins lwo.tlog\cl.read.1.tlog
d:\proj\c++_proj\openscenegraph-3.3.1\build\src\osgplugins\lwo\osgdb_lwo.dir\release\plugins lwo.tlog\cl.write.1.tlog
d:\proj\c++_proj\openscenegraph-3.3.1\build\src\osgplugins\lwo\osgdb_lwo.dir\release\plugins lwo.tlog\custombuild.command.1.tlog
d:\proj\c++_proj\openscenegraph-3.3.1\build\src\osgplugins\lwo\osgdb_lwo.dir\release\plugins lwo.tlog\custombuild.read.1.tlog
d:\proj\c++_proj\openscenegraph-3.3.1\build\src\osgplugins\lwo\osgdb_lwo.dir\release\plugins lwo.tlog\custombuild.write.1.tlog
d:\proj\c++_proj\openscenegraph-3.3.1\build\src\osgplugins\lwo\osgdb_lwo.dir\release\plugins lwo.tlog\link.command.1.tlog
d:\proj\c++_proj\openscenegraph-3.3.1\build\src\osgplugins\lwo\osgdb_lwo.dir\release\plugins lwo.tlog\link.read.1.tlog
d:\proj\c++_proj\openscenegraph-3.3.1\build\src\osgplugins\lwo\osgdb_lwo.dir\release\plugins lwo.tlog\link.secondary.1.tlog
d:\proj\c++_proj\openscenegraph-3.3.1\build\src\osgplugins\lwo\osgdb_lwo.dir\release\plugins lwo.tlog\link.write.1.tlog
d:\proj\c++_proj\openscenegraph-3.3.1\build\src\osgplugins\lwo\osgdb_lwo.dir\release\plugins lwo.tlog\rc.command.1.tlog
d:\proj\c++_proj\openscenegraph-3.3.1\build\src\osgplugins\lwo\osgdb_lwo.dir\release\plugins lwo.tlog\rc.read.1.tlog
d:\proj\c++_proj\openscenegraph-3.3.1\build\src\osgplugins\lwo\osgdb_lwo.dir\release\plugins lwo.tlog\rc.write.1.tlog
