d:\proj\c++_proj\openscenegraph-3.3.1\build\src\osgwrappers\deprecated-dotosg\osgwidget\osgdb_deprecated_osgwidget.dir\release\windowmanager.obj
d:\proj\c++_proj\openscenegraph-3.3.1\build\src\osgwrappers\deprecated-dotosg\osgwidget\osgdb_deprecated_osgwidget.dir\release\widget.obj
d:\proj\c++_proj\openscenegraph-3.3.1\build\src\osgwrappers\deprecated-dotosg\osgwidget\osgdb_deprecated_osgwidget.dir\release\table.obj
d:\proj\c++_proj\openscenegraph-3.3.1\build\src\osgwrappers\deprecated-dotosg\osgwidget\osgdb_deprecated_osgwidget.dir\release\librarywrapper.obj
d:\proj\c++_proj\openscenegraph-3.3.1\build\src\osgwrappers\deprecated-dotosg\osgwidget\osgdb_deprecated_osgwidget.dir\release\label.obj
d:\proj\c++_proj\openscenegraph-3.3.1\build\src\osgwrappers\deprecated-dotosg\osgwidget\osgdb_deprecated_osgwidget.dir\release\input.obj
d:\proj\c++_proj\openscenegraph-3.3.1\build\src\osgwrappers\deprecated-dotosg\osgwidget\osgdb_deprecated_osgwidget.dir\release\frame.obj
d:\proj\c++_proj\openscenegraph-3.3.1\build\src\osgwrappers\deprecated-dotosg\osgwidget\osgdb_deprecated_osgwidget.dir\release\embeddedwindow.obj
d:\proj\c++_proj\openscenegraph-3.3.1\build\src\osgwrappers\deprecated-dotosg\osgwidget\osgdb_deprecated_osgwidget.dir\release\box.obj
d:\proj\c++_proj\openscenegraph-3.3.1\build\src\osgwrappers\deprecated-dotosg\osgwidget\cmakefiles\generate.stamp
d:\proj\c++_proj\openscenegraph-3.3.1\build\bin\osgplugins-3.3.1\osgdb_deprecated_osgwidget.dll
d:\proj\c++_proj\openscenegraph-3.3.1\build\src\osgwrappers\deprecated-dotosg\osgwidget\osgdb_deprecated_osgwidget.dir\release\openscenegraphversioninfo.res
d:\proj\c++_proj\openscenegraph-3.3.1\build\src\osgwrappers\deprecated-dotosg\osgwidget\osgdb_deprecated_osgwidget.dir\release\plugins .8ee9d7a8.tlog\cl.command.1.tlog
d:\proj\c++_proj\openscenegraph-3.3.1\build\src\osgwrappers\deprecated-dotosg\osgwidget\osgdb_deprecated_osgwidget.dir\release\plugins .8ee9d7a8.tlog\cl.items.tlog
d:\proj\c++_proj\openscenegraph-3.3.1\build\src\osgwrappers\deprecated-dotosg\osgwidget\osgdb_deprecated_osgwidget.dir\release\plugins .8ee9d7a8.tlog\cl.read.1.tlog
d:\proj\c++_proj\openscenegraph-3.3.1\build\src\osgwrappers\deprecated-dotosg\osgwidget\osgdb_deprecated_osgwidget.dir\release\plugins .8ee9d7a8.tlog\cl.write.1.tlog
d:\proj\c++_proj\openscenegraph-3.3.1\build\src\osgwrappers\deprecated-dotosg\osgwidget\osgdb_deprecated_osgwidget.dir\release\plugins .8ee9d7a8.tlog\custombuild.command.1.tlog
d:\proj\c++_proj\openscenegraph-3.3.1\build\src\osgwrappers\deprecated-dotosg\osgwidget\osgdb_deprecated_osgwidget.dir\release\plugins .8ee9d7a8.tlog\custombuild.read.1.tlog
d:\proj\c++_proj\openscenegraph-3.3.1\build\src\osgwrappers\deprecated-dotosg\osgwidget\osgdb_deprecated_osgwidget.dir\release\plugins .8ee9d7a8.tlog\custombuild.write.1.tlog
d:\proj\c++_proj\openscenegraph-3.3.1\build\src\osgwrappers\deprecated-dotosg\osgwidget\osgdb_deprecated_osgwidget.dir\release\plugins .8ee9d7a8.tlog\link.command.1.tlog
d:\proj\c++_proj\openscenegraph-3.3.1\build\src\osgwrappers\deprecated-dotosg\osgwidget\osgdb_deprecated_osgwidget.dir\release\plugins .8ee9d7a8.tlog\link.read.1.tlog
d:\proj\c++_proj\openscenegraph-3.3.1\build\src\osgwrappers\deprecated-dotosg\osgwidget\osgdb_deprecated_osgwidget.dir\release\plugins .8ee9d7a8.tlog\link.secondary.1.tlog
d:\proj\c++_proj\openscenegraph-3.3.1\build\src\osgwrappers\deprecated-dotosg\osgwidget\osgdb_deprecated_osgwidget.dir\release\plugins .8ee9d7a8.tlog\link.write.1.tlog
d:\proj\c++_proj\openscenegraph-3.3.1\build\src\osgwrappers\deprecated-dotosg\osgwidget\osgdb_deprecated_osgwidget.dir\release\plugins .8ee9d7a8.tlog\rc.command.1.tlog
d:\proj\c++_proj\openscenegraph-3.3.1\build\src\osgwrappers\deprecated-dotosg\osgwidget\osgdb_deprecated_osgwidget.dir\release\plugins .8ee9d7a8.tlog\rc.read.1.tlog
d:\proj\c++_proj\openscenegraph-3.3.1\build\src\osgwrappers\deprecated-dotosg\osgwidget\osgdb_deprecated_osgwidget.dir\release\plugins .8ee9d7a8.tlog\rc.write.1.tlog
