d:\proj\c++_proj\openscenegraph-3.3.1\build\src\osgwrappers\serializers\osgvolume\osgdb_serializers_osgvolume.dir\release\transparencyproperty.obj
d:\proj\c++_proj\openscenegraph-3.3.1\build\src\osgwrappers\serializers\osgvolume\osgdb_serializers_osgvolume.dir\release\transferfunctionproperty.obj
d:\proj\c++_proj\openscenegraph-3.3.1\build\src\osgwrappers\serializers\osgvolume\osgdb_serializers_osgvolume.dir\release\switchproperty.obj
d:\proj\c++_proj\openscenegraph-3.3.1\build\src\osgwrappers\serializers\osgvolume\osgdb_serializers_osgvolume.dir\release\scalarproperty.obj
d:\proj\c++_proj\openscenegraph-3.3.1\build\src\osgwrappers\serializers\osgvolume\osgdb_serializers_osgvolume.dir\release\sampledensityproperty.obj
d:\proj\c++_proj\openscenegraph-3.3.1\build\src\osgwrappers\serializers\osgvolume\osgdb_serializers_osgvolume.dir\release\raytracedtechnique.obj
d:\proj\c++_proj\openscenegraph-3.3.1\build\src\osgwrappers\serializers\osgvolume\osgdb_serializers_osgvolume.dir\release\propertyadjustmentcallback.obj
d:\proj\c++_proj\openscenegraph-3.3.1\build\src\osgwrappers\serializers\osgvolume\osgdb_serializers_osgvolume.dir\release\property.obj
d:\proj\c++_proj\openscenegraph-3.3.1\build\src\osgwrappers\serializers\osgvolume\osgdb_serializers_osgvolume.dir\release\maximumintensityprojectionproperty.obj
d:\proj\c++_proj\openscenegraph-3.3.1\build\src\osgwrappers\serializers\osgvolume\osgdb_serializers_osgvolume.dir\release\locator.obj
d:\proj\c++_proj\openscenegraph-3.3.1\build\src\osgwrappers\serializers\osgvolume\osgdb_serializers_osgvolume.dir\release\lightingproperty.obj
d:\proj\c++_proj\openscenegraph-3.3.1\build\src\osgwrappers\serializers\osgvolume\osgdb_serializers_osgvolume.dir\release\librarywrapper.obj
d:\proj\c++_proj\openscenegraph-3.3.1\build\src\osgwrappers\serializers\osgvolume\osgdb_serializers_osgvolume.dir\release\layer.obj
d:\proj\c++_proj\openscenegraph-3.3.1\build\src\osgwrappers\serializers\osgvolume\osgdb_serializers_osgvolume.dir\release\isosurfaceproperty.obj
d:\proj\c++_proj\openscenegraph-3.3.1\build\src\osgwrappers\serializers\osgvolume\osgdb_serializers_osgvolume.dir\release\imagelayer.obj
d:\proj\c++_proj\openscenegraph-3.3.1\build\src\osgwrappers\serializers\osgvolume\osgdb_serializers_osgvolume.dir\release\imagedetails.obj
d:\proj\c++_proj\openscenegraph-3.3.1\build\src\osgwrappers\serializers\osgvolume\osgdb_serializers_osgvolume.dir\release\fixedfunctiontechnique.obj
d:\proj\c++_proj\openscenegraph-3.3.1\build\src\osgwrappers\serializers\osgvolume\osgdb_serializers_osgvolume.dir\release\compositeproperty.obj
d:\proj\c++_proj\openscenegraph-3.3.1\build\src\osgwrappers\serializers\osgvolume\osgdb_serializers_osgvolume.dir\release\compositelayer.obj
d:\proj\c++_proj\openscenegraph-3.3.1\build\src\osgwrappers\serializers\osgvolume\osgdb_serializers_osgvolume.dir\release\alphafuncproperty.obj
d:\proj\c++_proj\openscenegraph-3.3.1\build\src\osgwrappers\serializers\osgvolume\osgdb_serializers_osgvolume.dir\release\volumetile.obj
d:\proj\c++_proj\openscenegraph-3.3.1\build\src\osgwrappers\serializers\osgvolume\osgdb_serializers_osgvolume.dir\release\volumetechnique.obj
d:\proj\c++_proj\openscenegraph-3.3.1\build\src\osgwrappers\serializers\osgvolume\osgdb_serializers_osgvolume.dir\release\volume.obj
d:\proj\c++_proj\openscenegraph-3.3.1\build\src\osgwrappers\serializers\osgvolume\cmakefiles\generate.stamp
d:\proj\c++_proj\openscenegraph-3.3.1\build\bin\osgplugins-3.3.1\osgdb_serializers_osgvolume.dll
d:\proj\c++_proj\openscenegraph-3.3.1\build\src\osgwrappers\serializers\osgvolume\osgdb_serializers_osgvolume.dir\release\openscenegraphversioninfo.res
d:\proj\c++_proj\openscenegraph-3.3.1\build\src\osgwrappers\serializers\osgvolume\osgdb_serializers_osgvolume.dir\release\plugins .bc20ab4e.tlog\cl.command.1.tlog
d:\proj\c++_proj\openscenegraph-3.3.1\build\src\osgwrappers\serializers\osgvolume\osgdb_serializers_osgvolume.dir\release\plugins .bc20ab4e.tlog\cl.items.tlog
d:\proj\c++_proj\openscenegraph-3.3.1\build\src\osgwrappers\serializers\osgvolume\osgdb_serializers_osgvolume.dir\release\plugins .bc20ab4e.tlog\cl.read.1.tlog
d:\proj\c++_proj\openscenegraph-3.3.1\build\src\osgwrappers\serializers\osgvolume\osgdb_serializers_osgvolume.dir\release\plugins .bc20ab4e.tlog\cl.write.1.tlog
d:\proj\c++_proj\openscenegraph-3.3.1\build\src\osgwrappers\serializers\osgvolume\osgdb_serializers_osgvolume.dir\release\plugins .bc20ab4e.tlog\custombuild.command.1.tlog
d:\proj\c++_proj\openscenegraph-3.3.1\build\src\osgwrappers\serializers\osgvolume\osgdb_serializers_osgvolume.dir\release\plugins .bc20ab4e.tlog\custombuild.read.1.tlog
d:\proj\c++_proj\openscenegraph-3.3.1\build\src\osgwrappers\serializers\osgvolume\osgdb_serializers_osgvolume.dir\release\plugins .bc20ab4e.tlog\custombuild.write.1.tlog
d:\proj\c++_proj\openscenegraph-3.3.1\build\src\osgwrappers\serializers\osgvolume\osgdb_serializers_osgvolume.dir\release\plugins .bc20ab4e.tlog\link.command.1.tlog
d:\proj\c++_proj\openscenegraph-3.3.1\build\src\osgwrappers\serializers\osgvolume\osgdb_serializers_osgvolume.dir\release\plugins .bc20ab4e.tlog\link.read.1.tlog
d:\proj\c++_proj\openscenegraph-3.3.1\build\src\osgwrappers\serializers\osgvolume\osgdb_serializers_osgvolume.dir\release\plugins .bc20ab4e.tlog\link.secondary.1.tlog
d:\proj\c++_proj\openscenegraph-3.3.1\build\src\osgwrappers\serializers\osgvolume\osgdb_serializers_osgvolume.dir\release\plugins .bc20ab4e.tlog\link.write.1.tlog
d:\proj\c++_proj\openscenegraph-3.3.1\build\src\osgwrappers\serializers\osgvolume\osgdb_serializers_osgvolume.dir\release\plugins .bc20ab4e.tlog\rc.command.1.tlog
d:\proj\c++_proj\openscenegraph-3.3.1\build\src\osgwrappers\serializers\osgvolume\osgdb_serializers_osgvolume.dir\release\plugins .bc20ab4e.tlog\rc.read.1.tlog
d:\proj\c++_proj\openscenegraph-3.3.1\build\src\osgwrappers\serializers\osgvolume\osgdb_serializers_osgvolume.dir\release\plugins .bc20ab4e.tlog\rc.write.1.tlog
