d:\proj\c++_proj\openscenegraph-3.3.1\build\src\osgplugins\obj\osgdb_obj.dir\release\obj.obj
d:\proj\c++_proj\openscenegraph-3.3.1\build\src\osgplugins\obj\osgdb_obj.dir\release\readerwriterobj.obj
d:\proj\c++_proj\openscenegraph-3.3.1\build\src\osgplugins\obj\osgdb_obj.dir\release\objwriternodevisitor.obj
d:\proj\c++_proj\openscenegraph-3.3.1\build\src\osgplugins\obj\cmakefiles\generate.stamp
d:\proj\c++_proj\openscenegraph-3.3.1\build\bin\osgplugins-3.3.1\osgdb_obj.dll
d:\proj\c++_proj\openscenegraph-3.3.1\build\src\osgplugins\obj\osgdb_obj.dir\release\openscenegraphversioninfo.res
d:\proj\c++_proj\openscenegraph-3.3.1\build\src\osgplugins\obj\osgdb_obj.dir\release\plugins obj.tlog\cl.command.1.tlog
d:\proj\c++_proj\openscenegraph-3.3.1\build\src\osgplugins\obj\osgdb_obj.dir\release\plugins obj.tlog\cl.items.tlog
d:\proj\c++_proj\openscenegraph-3.3.1\build\src\osgplugins\obj\osgdb_obj.dir\release\plugins obj.tlog\cl.read.1.tlog
d:\proj\c++_proj\openscenegraph-3.3.1\build\src\osgplugins\obj\osgdb_obj.dir\release\plugins obj.tlog\cl.write.1.tlog
d:\proj\c++_proj\openscenegraph-3.3.1\build\src\osgplugins\obj\osgdb_obj.dir\release\plugins obj.tlog\custombuild.command.1.tlog
d:\proj\c++_proj\openscenegraph-3.3.1\build\src\osgplugins\obj\osgdb_obj.dir\release\plugins obj.tlog\custombuild.read.1.tlog
d:\proj\c++_proj\openscenegraph-3.3.1\build\src\osgplugins\obj\osgdb_obj.dir\release\plugins obj.tlog\custombuild.write.1.tlog
d:\proj\c++_proj\openscenegraph-3.3.1\build\src\osgplugins\obj\osgdb_obj.dir\release\plugins obj.tlog\link.command.1.tlog
d:\proj\c++_proj\openscenegraph-3.3.1\build\src\osgplugins\obj\osgdb_obj.dir\release\plugins obj.tlog\link.read.1.tlog
d:\proj\c++_proj\openscenegraph-3.3.1\build\src\osgplugins\obj\osgdb_obj.dir\release\plugins obj.tlog\link.secondary.1.tlog
d:\proj\c++_proj\openscenegraph-3.3.1\build\src\osgplugins\obj\osgdb_obj.dir\release\plugins obj.tlog\link.write.1.tlog
d:\proj\c++_proj\openscenegraph-3.3.1\build\src\osgplugins\obj\osgdb_obj.dir\release\plugins obj.tlog\rc.command.1.tlog
d:\proj\c++_proj\openscenegraph-3.3.1\build\src\osgplugins\obj\osgdb_obj.dir\release\plugins obj.tlog\rc.read.1.tlog
d:\proj\c++_proj\openscenegraph-3.3.1\build\src\osgplugins\obj\osgdb_obj.dir\release\plugins obj.tlog\rc.write.1.tlog
