d:\proj\c++_proj\openscenegraph-3.3.1\build\src\osgwrappers\deprecated-dotosg\osgsim\osgdb_deprecated_osgsim.dir\release\librarywrapper.obj
d:\proj\c++_proj\openscenegraph-3.3.1\build\src\osgwrappers\deprecated-dotosg\osgsim\osgdb_deprecated_osgsim.dir\release\io_visibilitygroup.obj
d:\proj\c++_proj\openscenegraph-3.3.1\build\src\osgwrappers\deprecated-dotosg\osgsim\osgdb_deprecated_osgsim.dir\release\io_shapeattribute.obj
d:\proj\c++_proj\openscenegraph-3.3.1\build\src\osgwrappers\deprecated-dotosg\osgsim\osgdb_deprecated_osgsim.dir\release\io_sector.obj
d:\proj\c++_proj\openscenegraph-3.3.1\build\src\osgwrappers\deprecated-dotosg\osgsim\osgdb_deprecated_osgsim.dir\release\io_overlaynode.obj
d:\proj\c++_proj\openscenegraph-3.3.1\build\src\osgwrappers\deprecated-dotosg\osgsim\osgdb_deprecated_osgsim.dir\release\io_objectrecorddata.obj
d:\proj\c++_proj\openscenegraph-3.3.1\build\src\osgwrappers\deprecated-dotosg\osgsim\osgdb_deprecated_osgsim.dir\release\io_multiswitch.obj
d:\proj\c++_proj\openscenegraph-3.3.1\build\src\osgwrappers\deprecated-dotosg\osgsim\osgdb_deprecated_osgsim.dir\release\io_lightpointnode.obj
d:\proj\c++_proj\openscenegraph-3.3.1\build\src\osgwrappers\deprecated-dotosg\osgsim\osgdb_deprecated_osgsim.dir\release\io_lightpoint.obj
d:\proj\c++_proj\openscenegraph-3.3.1\build\src\osgwrappers\deprecated-dotosg\osgsim\osgdb_deprecated_osgsim.dir\release\io_impostor.obj
d:\proj\c++_proj\openscenegraph-3.3.1\build\src\osgwrappers\deprecated-dotosg\osgsim\osgdb_deprecated_osgsim.dir\release\io_doftransform.obj
d:\proj\c++_proj\openscenegraph-3.3.1\build\src\osgwrappers\deprecated-dotosg\osgsim\osgdb_deprecated_osgsim.dir\release\io_blinksequence.obj
d:\proj\c++_proj\openscenegraph-3.3.1\build\src\osgwrappers\deprecated-dotosg\osgsim\cmakefiles\generate.stamp
d:\proj\c++_proj\openscenegraph-3.3.1\build\bin\osgplugins-3.3.1\osgdb_deprecated_osgsim.dll
d:\proj\c++_proj\openscenegraph-3.3.1\build\src\osgwrappers\deprecated-dotosg\osgsim\osgdb_deprecated_osgsim.dir\release\openscenegraphversioninfo.res
d:\proj\c++_proj\openscenegraph-3.3.1\build\src\osgwrappers\deprecated-dotosg\osgsim\osgdb_deprecated_osgsim.dir\release\plugins .be9d4e6d.tlog\cl.command.1.tlog
d:\proj\c++_proj\openscenegraph-3.3.1\build\src\osgwrappers\deprecated-dotosg\osgsim\osgdb_deprecated_osgsim.dir\release\plugins .be9d4e6d.tlog\cl.items.tlog
d:\proj\c++_proj\openscenegraph-3.3.1\build\src\osgwrappers\deprecated-dotosg\osgsim\osgdb_deprecated_osgsim.dir\release\plugins .be9d4e6d.tlog\cl.read.1.tlog
d:\proj\c++_proj\openscenegraph-3.3.1\build\src\osgwrappers\deprecated-dotosg\osgsim\osgdb_deprecated_osgsim.dir\release\plugins .be9d4e6d.tlog\cl.write.1.tlog
d:\proj\c++_proj\openscenegraph-3.3.1\build\src\osgwrappers\deprecated-dotosg\osgsim\osgdb_deprecated_osgsim.dir\release\plugins .be9d4e6d.tlog\custombuild.command.1.tlog
d:\proj\c++_proj\openscenegraph-3.3.1\build\src\osgwrappers\deprecated-dotosg\osgsim\osgdb_deprecated_osgsim.dir\release\plugins .be9d4e6d.tlog\custombuild.read.1.tlog
d:\proj\c++_proj\openscenegraph-3.3.1\build\src\osgwrappers\deprecated-dotosg\osgsim\osgdb_deprecated_osgsim.dir\release\plugins .be9d4e6d.tlog\custombuild.write.1.tlog
d:\proj\c++_proj\openscenegraph-3.3.1\build\src\osgwrappers\deprecated-dotosg\osgsim\osgdb_deprecated_osgsim.dir\release\plugins .be9d4e6d.tlog\link.command.1.tlog
d:\proj\c++_proj\openscenegraph-3.3.1\build\src\osgwrappers\deprecated-dotosg\osgsim\osgdb_deprecated_osgsim.dir\release\plugins .be9d4e6d.tlog\link.read.1.tlog
d:\proj\c++_proj\openscenegraph-3.3.1\build\src\osgwrappers\deprecated-dotosg\osgsim\osgdb_deprecated_osgsim.dir\release\plugins .be9d4e6d.tlog\link.secondary.1.tlog
d:\proj\c++_proj\openscenegraph-3.3.1\build\src\osgwrappers\deprecated-dotosg\osgsim\osgdb_deprecated_osgsim.dir\release\plugins .be9d4e6d.tlog\link.write.1.tlog
d:\proj\c++_proj\openscenegraph-3.3.1\build\src\osgwrappers\deprecated-dotosg\osgsim\osgdb_deprecated_osgsim.dir\release\plugins .be9d4e6d.tlog\rc.command.1.tlog
d:\proj\c++_proj\openscenegraph-3.3.1\build\src\osgwrappers\deprecated-dotosg\osgsim\osgdb_deprecated_osgsim.dir\release\plugins .be9d4e6d.tlog\rc.read.1.tlog
d:\proj\c++_proj\openscenegraph-3.3.1\build\src\osgwrappers\deprecated-dotosg\osgsim\osgdb_deprecated_osgsim.dir\release\plugins .be9d4e6d.tlog\rc.write.1.tlog
