d:\proj\c++_proj\openscenegraph-3.3.1\build\src\osgtext\osgtext.dir\release\version.obj
d:\proj\c++_proj\openscenegraph-3.3.1\build\src\osgtext\osgtext.dir\release\text3d.obj
d:\proj\c++_proj\openscenegraph-3.3.1\build\src\osgtext\osgtext.dir\release\text.obj
d:\proj\c++_proj\openscenegraph-3.3.1\build\src\osgtext\osgtext.dir\release\textbase.obj
d:\proj\c++_proj\openscenegraph-3.3.1\build\src\osgtext\osgtext.dir\release\style.obj
d:\proj\c++_proj\openscenegraph-3.3.1\build\src\osgtext\osgtext.dir\release\string.obj
d:\proj\c++_proj\openscenegraph-3.3.1\build\src\osgtext\osgtext.dir\release\glyph.obj
d:\proj\c++_proj\openscenegraph-3.3.1\build\src\osgtext\osgtext.dir\release\fadetext.obj
d:\proj\c++_proj\openscenegraph-3.3.1\build\src\osgtext\osgtext.dir\release\font.obj
d:\proj\c++_proj\openscenegraph-3.3.1\build\src\osgtext\osgtext.dir\release\glyphgeometry.obj
d:\proj\c++_proj\openscenegraph-3.3.1\build\src\osgtext\osgtext.dir\release\defaultfont.obj
d:\proj\c++_proj\openscenegraph-3.3.1\build\src\osgtext\cmakefiles\generate.stamp
d:\proj\c++_proj\openscenegraph-3.3.1\build\bin\osg111-osgtext.dll
d:\proj\c++_proj\openscenegraph-3.3.1\build\src\osgtext\osgtext.dir\release\openscenegraphversioninfo.res
d:\proj\c++_proj\openscenegraph-3.3.1\build\lib\osgtext.lib
d:\proj\c++_proj\openscenegraph-3.3.1\build\lib\osgtext.exp
d:\proj\c++_proj\openscenegraph-3.3.1\build\src\osgtext\osgtext.dir\release\osgtext.tlog\cl.command.1.tlog
d:\proj\c++_proj\openscenegraph-3.3.1\build\src\osgtext\osgtext.dir\release\osgtext.tlog\cl.items.tlog
d:\proj\c++_proj\openscenegraph-3.3.1\build\src\osgtext\osgtext.dir\release\osgtext.tlog\cl.read.1.tlog
d:\proj\c++_proj\openscenegraph-3.3.1\build\src\osgtext\osgtext.dir\release\osgtext.tlog\cl.write.1.tlog
d:\proj\c++_proj\openscenegraph-3.3.1\build\src\osgtext\osgtext.dir\release\osgtext.tlog\custombuild.command.1.tlog
d:\proj\c++_proj\openscenegraph-3.3.1\build\src\osgtext\osgtext.dir\release\osgtext.tlog\custombuild.read.1.tlog
d:\proj\c++_proj\openscenegraph-3.3.1\build\src\osgtext\osgtext.dir\release\osgtext.tlog\custombuild.write.1.tlog
d:\proj\c++_proj\openscenegraph-3.3.1\build\src\osgtext\osgtext.dir\release\osgtext.tlog\link.command.1.tlog
d:\proj\c++_proj\openscenegraph-3.3.1\build\src\osgtext\osgtext.dir\release\osgtext.tlog\link.read.1.tlog
d:\proj\c++_proj\openscenegraph-3.3.1\build\src\osgtext\osgtext.dir\release\osgtext.tlog\link.secondary.1.tlog
d:\proj\c++_proj\openscenegraph-3.3.1\build\src\osgtext\osgtext.dir\release\osgtext.tlog\link.write.1.tlog
d:\proj\c++_proj\openscenegraph-3.3.1\build\src\osgtext\osgtext.dir\release\osgtext.tlog\rc.command.1.tlog
d:\proj\c++_proj\openscenegraph-3.3.1\build\src\osgtext\osgtext.dir\release\osgtext.tlog\rc.read.1.tlog
d:\proj\c++_proj\openscenegraph-3.3.1\build\src\osgtext\osgtext.dir\release\osgtext.tlog\rc.write.1.tlog
