d:\proj\c++_proj\openscenegraph-3.3.1\build\src\osgga\osgga.dir\release\terrainmanipulator.obj
d:\proj\c++_proj\openscenegraph-3.3.1\build\src\osgga\osgga.dir\release\statesetmanipulator.obj
d:\proj\c++_proj\openscenegraph-3.3.1\build\src\osgga\osgga.dir\release\sphericalmanipulator.obj
d:\proj\c++_proj\openscenegraph-3.3.1\build\src\osgga\osgga.dir\release\standardmanipulator.obj
d:\proj\c++_proj\openscenegraph-3.3.1\build\src\osgga\osgga.dir\release\orbitmanipulator.obj
d:\proj\c++_proj\openscenegraph-3.3.1\build\src\osgga\osgga.dir\release\nodetrackermanipulator.obj
d:\proj\c++_proj\openscenegraph-3.3.1\build\src\osgga\osgga.dir\release\multitouchtrackballmanipulator.obj
d:\proj\c++_proj\openscenegraph-3.3.1\build\src\osgga\osgga.dir\release\cameramanipulator.obj
d:\proj\c++_proj\openscenegraph-3.3.1\build\src\osgga\osgga.dir\release\keyswitchmatrixmanipulator.obj
d:\proj\c++_proj\openscenegraph-3.3.1\build\src\osgga\osgga.dir\release\guieventhandler.obj
d:\proj\c++_proj\openscenegraph-3.3.1\build\src\osgga\osgga.dir\release\guieventadapter.obj
d:\proj\c++_proj\openscenegraph-3.3.1\build\src\osgga\osgga.dir\release\flightmanipulator.obj
d:\proj\c++_proj\openscenegraph-3.3.1\build\src\osgga\osgga.dir\release\firstpersonmanipulator.obj
d:\proj\c++_proj\openscenegraph-3.3.1\build\src\osgga\osgga.dir\release\eventvisitor.obj
d:\proj\c++_proj\openscenegraph-3.3.1\build\src\osgga\osgga.dir\release\eventqueue.obj
d:\proj\c++_proj\openscenegraph-3.3.1\build\src\osgga\osgga.dir\release\eventhandler.obj
d:\proj\c++_proj\openscenegraph-3.3.1\build\src\osgga\osgga.dir\release\event.obj
d:\proj\c++_proj\openscenegraph-3.3.1\build\src\osgga\osgga.dir\release\device.obj
d:\proj\c++_proj\openscenegraph-3.3.1\build\src\osgga\osgga.dir\release\drivemanipulator.obj
d:\proj\c++_proj\openscenegraph-3.3.1\build\src\osgga\osgga.dir\release\animationpathmanipulator.obj
d:\proj\c++_proj\openscenegraph-3.3.1\build\src\osgga\osgga.dir\release\cameraviewswitchmanipulator.obj
d:\proj\c++_proj\openscenegraph-3.3.1\build\src\osgga\osgga.dir\release\version.obj
d:\proj\c++_proj\openscenegraph-3.3.1\build\src\osgga\osgga.dir\release\ufomanipulator.obj
d:\proj\c++_proj\openscenegraph-3.3.1\build\src\osgga\osgga.dir\release\trackballmanipulator.obj
d:\proj\c++_proj\openscenegraph-3.3.1\build\src\osgga\cmakefiles\generate.stamp
d:\proj\c++_proj\openscenegraph-3.3.1\build\bin\osg111-osgga.dll
d:\proj\c++_proj\openscenegraph-3.3.1\build\src\osgga\osgga.dir\release\openscenegraphversioninfo.res
d:\proj\c++_proj\openscenegraph-3.3.1\build\lib\osgga.lib
d:\proj\c++_proj\openscenegraph-3.3.1\build\lib\osgga.exp
d:\proj\c++_proj\openscenegraph-3.3.1\build\src\osgga\osgga.dir\release\osgga.tlog\cl.command.1.tlog
d:\proj\c++_proj\openscenegraph-3.3.1\build\src\osgga\osgga.dir\release\osgga.tlog\cl.items.tlog
d:\proj\c++_proj\openscenegraph-3.3.1\build\src\osgga\osgga.dir\release\osgga.tlog\cl.read.1.tlog
d:\proj\c++_proj\openscenegraph-3.3.1\build\src\osgga\osgga.dir\release\osgga.tlog\cl.write.1.tlog
d:\proj\c++_proj\openscenegraph-3.3.1\build\src\osgga\osgga.dir\release\osgga.tlog\custombuild.command.1.tlog
d:\proj\c++_proj\openscenegraph-3.3.1\build\src\osgga\osgga.dir\release\osgga.tlog\custombuild.read.1.tlog
d:\proj\c++_proj\openscenegraph-3.3.1\build\src\osgga\osgga.dir\release\osgga.tlog\custombuild.write.1.tlog
d:\proj\c++_proj\openscenegraph-3.3.1\build\src\osgga\osgga.dir\release\osgga.tlog\link.command.1.tlog
d:\proj\c++_proj\openscenegraph-3.3.1\build\src\osgga\osgga.dir\release\osgga.tlog\link.read.1.tlog
d:\proj\c++_proj\openscenegraph-3.3.1\build\src\osgga\osgga.dir\release\osgga.tlog\link.secondary.1.tlog
d:\proj\c++_proj\openscenegraph-3.3.1\build\src\osgga\osgga.dir\release\osgga.tlog\link.write.1.tlog
d:\proj\c++_proj\openscenegraph-3.3.1\build\src\osgga\osgga.dir\release\osgga.tlog\rc.command.1.tlog
d:\proj\c++_proj\openscenegraph-3.3.1\build\src\osgga\osgga.dir\release\osgga.tlog\rc.read.1.tlog
d:\proj\c++_proj\openscenegraph-3.3.1\build\src\osgga\osgga.dir\release\osgga.tlog\rc.write.1.tlog
