d:\proj\c++_proj\openscenegraph-3.3.1\build\src\osgsim\osgsim.dir\release\spheresegment.obj
d:\proj\c++_proj\openscenegraph-3.3.1\build\src\osgsim\osgsim.dir\release\shapeattribute.obj
d:\proj\c++_proj\openscenegraph-3.3.1\build\src\osgsim\osgsim.dir\release\sector.obj
d:\proj\c++_proj\openscenegraph-3.3.1\build\src\osgsim\osgsim.dir\release\scalarstocolors.obj
d:\proj\c++_proj\openscenegraph-3.3.1\build\src\osgsim\osgsim.dir\release\scalarbar.obj
d:\proj\c++_proj\openscenegraph-3.3.1\build\src\osgsim\osgsim.dir\release\overlaynode.obj
d:\proj\c++_proj\openscenegraph-3.3.1\build\src\osgsim\osgsim.dir\release\multiswitch.obj
d:\proj\c++_proj\openscenegraph-3.3.1\build\src\osgsim\osgsim.dir\release\lineofsight.obj
d:\proj\c++_proj\openscenegraph-3.3.1\build\src\osgsim\osgsim.dir\release\lightpointspritedrawable.obj
d:\proj\c++_proj\openscenegraph-3.3.1\build\src\osgsim\osgsim.dir\release\lightpointnode.obj
d:\proj\c++_proj\openscenegraph-3.3.1\build\src\osgsim\osgsim.dir\release\lightpointdrawable.obj
d:\proj\c++_proj\openscenegraph-3.3.1\build\src\osgsim\osgsim.dir\release\lightpoint.obj
d:\proj\c++_proj\openscenegraph-3.3.1\build\src\osgsim\osgsim.dir\release\insertimpostorsvisitor.obj
d:\proj\c++_proj\openscenegraph-3.3.1\build\src\osgsim\osgsim.dir\release\impostorsprite.obj
d:\proj\c++_proj\openscenegraph-3.3.1\build\src\osgsim\osgsim.dir\release\impostor.obj
d:\proj\c++_proj\openscenegraph-3.3.1\build\src\osgsim\osgsim.dir\release\heightaboveterrain.obj
d:\proj\c++_proj\openscenegraph-3.3.1\build\src\osgsim\osgsim.dir\release\elevationslice.obj
d:\proj\c++_proj\openscenegraph-3.3.1\build\src\osgsim\osgsim.dir\release\doftransform.obj
d:\proj\c++_proj\openscenegraph-3.3.1\build\src\osgsim\osgsim.dir\release\colorrange.obj
d:\proj\c++_proj\openscenegraph-3.3.1\build\src\osgsim\osgsim.dir\release\blinksequence.obj
d:\proj\c++_proj\openscenegraph-3.3.1\build\src\osgsim\osgsim.dir\release\visibilitygroup.obj
d:\proj\c++_proj\openscenegraph-3.3.1\build\src\osgsim\osgsim.dir\release\version.obj
d:\proj\c++_proj\openscenegraph-3.3.1\build\src\osgsim\cmakefiles\generate.stamp
d:\proj\c++_proj\openscenegraph-3.3.1\build\bin\osg111-osgsim.dll
d:\proj\c++_proj\openscenegraph-3.3.1\build\src\osgsim\osgsim.dir\release\openscenegraphversioninfo.res
d:\proj\c++_proj\openscenegraph-3.3.1\build\lib\osgsim.lib
d:\proj\c++_proj\openscenegraph-3.3.1\build\lib\osgsim.exp
d:\proj\c++_proj\openscenegraph-3.3.1\build\src\osgsim\osgsim.dir\release\osgsim.tlog\cl.command.1.tlog
d:\proj\c++_proj\openscenegraph-3.3.1\build\src\osgsim\osgsim.dir\release\osgsim.tlog\cl.items.tlog
d:\proj\c++_proj\openscenegraph-3.3.1\build\src\osgsim\osgsim.dir\release\osgsim.tlog\cl.read.1.tlog
d:\proj\c++_proj\openscenegraph-3.3.1\build\src\osgsim\osgsim.dir\release\osgsim.tlog\cl.write.1.tlog
d:\proj\c++_proj\openscenegraph-3.3.1\build\src\osgsim\osgsim.dir\release\osgsim.tlog\custombuild.command.1.tlog
d:\proj\c++_proj\openscenegraph-3.3.1\build\src\osgsim\osgsim.dir\release\osgsim.tlog\custombuild.read.1.tlog
d:\proj\c++_proj\openscenegraph-3.3.1\build\src\osgsim\osgsim.dir\release\osgsim.tlog\custombuild.write.1.tlog
d:\proj\c++_proj\openscenegraph-3.3.1\build\src\osgsim\osgsim.dir\release\osgsim.tlog\link.command.1.tlog
d:\proj\c++_proj\openscenegraph-3.3.1\build\src\osgsim\osgsim.dir\release\osgsim.tlog\link.read.1.tlog
d:\proj\c++_proj\openscenegraph-3.3.1\build\src\osgsim\osgsim.dir\release\osgsim.tlog\link.secondary.1.tlog
d:\proj\c++_proj\openscenegraph-3.3.1\build\src\osgsim\osgsim.dir\release\osgsim.tlog\link.write.1.tlog
d:\proj\c++_proj\openscenegraph-3.3.1\build\src\osgsim\osgsim.dir\release\osgsim.tlog\rc.command.1.tlog
d:\proj\c++_proj\openscenegraph-3.3.1\build\src\osgsim\osgsim.dir\release\osgsim.tlog\rc.read.1.tlog
d:\proj\c++_proj\openscenegraph-3.3.1\build\src\osgsim\osgsim.dir\release\osgsim.tlog\rc.write.1.tlog
