d:\proj\c++_proj\openscenegraph-3.3.1\build\src\osgplugins\mdl\osgdb_mdl.dir\release\vvdreader.obj
d:\proj\c++_proj\openscenegraph-3.3.1\build\src\osgplugins\mdl\osgdb_mdl.dir\release\vtxreader.obj
d:\proj\c++_proj\openscenegraph-3.3.1\build\src\osgplugins\mdl\osgdb_mdl.dir\release\mdlroot.obj
d:\proj\c++_proj\openscenegraph-3.3.1\build\src\osgplugins\mdl\osgdb_mdl.dir\release\mdlreader.obj
d:\proj\c++_proj\openscenegraph-3.3.1\build\src\osgplugins\mdl\osgdb_mdl.dir\release\model.obj
d:\proj\c++_proj\openscenegraph-3.3.1\build\src\osgplugins\mdl\osgdb_mdl.dir\release\mesh.obj
d:\proj\c++_proj\openscenegraph-3.3.1\build\src\osgplugins\mdl\osgdb_mdl.dir\release\bodypart.obj
d:\proj\c++_proj\openscenegraph-3.3.1\build\src\osgplugins\mdl\osgdb_mdl.dir\release\readerwritermdl.obj
d:\proj\c++_proj\openscenegraph-3.3.1\build\src\osgplugins\mdl\cmakefiles\generate.stamp
d:\proj\c++_proj\openscenegraph-3.3.1\build\bin\osgplugins-3.3.1\osgdb_mdl.dll
d:\proj\c++_proj\openscenegraph-3.3.1\build\src\osgplugins\mdl\osgdb_mdl.dir\release\openscenegraphversioninfo.res
d:\proj\c++_proj\openscenegraph-3.3.1\build\src\osgplugins\mdl\osgdb_mdl.dir\release\plugins mdl.tlog\cl.command.1.tlog
d:\proj\c++_proj\openscenegraph-3.3.1\build\src\osgplugins\mdl\osgdb_mdl.dir\release\plugins mdl.tlog\cl.items.tlog
d:\proj\c++_proj\openscenegraph-3.3.1\build\src\osgplugins\mdl\osgdb_mdl.dir\release\plugins mdl.tlog\cl.read.1.tlog
d:\proj\c++_proj\openscenegraph-3.3.1\build\src\osgplugins\mdl\osgdb_mdl.dir\release\plugins mdl.tlog\cl.write.1.tlog
d:\proj\c++_proj\openscenegraph-3.3.1\build\src\osgplugins\mdl\osgdb_mdl.dir\release\plugins mdl.tlog\custombuild.command.1.tlog
d:\proj\c++_proj\openscenegraph-3.3.1\build\src\osgplugins\mdl\osgdb_mdl.dir\release\plugins mdl.tlog\custombuild.read.1.tlog
d:\proj\c++_proj\openscenegraph-3.3.1\build\src\osgplugins\mdl\osgdb_mdl.dir\release\plugins mdl.tlog\custombuild.write.1.tlog
d:\proj\c++_proj\openscenegraph-3.3.1\build\src\osgplugins\mdl\osgdb_mdl.dir\release\plugins mdl.tlog\link.command.1.tlog
d:\proj\c++_proj\openscenegraph-3.3.1\build\src\osgplugins\mdl\osgdb_mdl.dir\release\plugins mdl.tlog\link.read.1.tlog
d:\proj\c++_proj\openscenegraph-3.3.1\build\src\osgplugins\mdl\osgdb_mdl.dir\release\plugins mdl.tlog\link.secondary.1.tlog
d:\proj\c++_proj\openscenegraph-3.3.1\build\src\osgplugins\mdl\osgdb_mdl.dir\release\plugins mdl.tlog\link.write.1.tlog
d:\proj\c++_proj\openscenegraph-3.3.1\build\src\osgplugins\mdl\osgdb_mdl.dir\release\plugins mdl.tlog\rc.command.1.tlog
d:\proj\c++_proj\openscenegraph-3.3.1\build\src\osgplugins\mdl\osgdb_mdl.dir\release\plugins mdl.tlog\rc.read.1.tlog
d:\proj\c++_proj\openscenegraph-3.3.1\build\src\osgplugins\mdl\osgdb_mdl.dir\release\plugins mdl.tlog\rc.write.1.tlog
