d:\proj\c++_proj\openscenegraph-3.3.1\build\applications\present3d\application_present3d.dir\release\spellchecker.obj
d:\proj\c++_proj\openscenegraph-3.3.1\build\applications\present3d\application_present3d.dir\release\showeventhandler.obj
d:\proj\c++_proj\openscenegraph-3.3.1\build\applications\present3d\application_present3d.dir\release\readshowfile.obj
d:\proj\c++_proj\openscenegraph-3.3.1\build\applications\present3d\application_present3d.dir\release\present3d.obj
d:\proj\c++_proj\openscenegraph-3.3.1\build\applications\present3d\application_present3d.dir\release\pointseventhandler.obj
d:\proj\c++_proj\openscenegraph-3.3.1\build\applications\present3d\application_present3d.dir\release\exporthtml.obj
d:\proj\c++_proj\openscenegraph-3.3.1\build\applications\present3d\application_present3d.dir\release\cluster.obj
d:\proj\c++_proj\openscenegraph-3.3.1\build\applications\present3d\cmakefiles\generate.stamp
d:\proj\c++_proj\openscenegraph-3.3.1\build\bin\present3d.exe
d:\proj\c++_proj\openscenegraph-3.3.1\build\applications\present3d\application_present3d.dir\release\applicat.5247899d.tlog\cl.command.1.tlog
d:\proj\c++_proj\openscenegraph-3.3.1\build\applications\present3d\application_present3d.dir\release\applicat.5247899d.tlog\cl.items.tlog
d:\proj\c++_proj\openscenegraph-3.3.1\build\applications\present3d\application_present3d.dir\release\applicat.5247899d.tlog\cl.read.1.tlog
d:\proj\c++_proj\openscenegraph-3.3.1\build\applications\present3d\application_present3d.dir\release\applicat.5247899d.tlog\cl.write.1.tlog
d:\proj\c++_proj\openscenegraph-3.3.1\build\applications\present3d\application_present3d.dir\release\applicat.5247899d.tlog\custombuild.command.1.tlog
d:\proj\c++_proj\openscenegraph-3.3.1\build\applications\present3d\application_present3d.dir\release\applicat.5247899d.tlog\custombuild.read.1.tlog
d:\proj\c++_proj\openscenegraph-3.3.1\build\applications\present3d\application_present3d.dir\release\applicat.5247899d.tlog\custombuild.write.1.tlog
d:\proj\c++_proj\openscenegraph-3.3.1\build\applications\present3d\application_present3d.dir\release\applicat.5247899d.tlog\link.command.1.tlog
d:\proj\c++_proj\openscenegraph-3.3.1\build\applications\present3d\application_present3d.dir\release\applicat.5247899d.tlog\link.read.1.tlog
d:\proj\c++_proj\openscenegraph-3.3.1\build\applications\present3d\application_present3d.dir\release\applicat.5247899d.tlog\link.secondary.1.tlog
d:\proj\c++_proj\openscenegraph-3.3.1\build\applications\present3d\application_present3d.dir\release\applicat.5247899d.tlog\link.write.1.tlog
