d:\proj\c++_proj\openscenegraph-3.3.1\build\src\osgplugins\ply\osgdb_ply.dir\release\plyfile.obj
d:\proj\c++_proj\openscenegraph-3.3.1\build\src\osgplugins\ply\osgdb_ply.dir\release\vertexdata.obj
d:\proj\c++_proj\openscenegraph-3.3.1\build\src\osgplugins\ply\osgdb_ply.dir\release\readerwriterply.obj
d:\proj\c++_proj\openscenegraph-3.3.1\build\src\osgplugins\ply\cmakefiles\generate.stamp
d:\proj\c++_proj\openscenegraph-3.3.1\build\bin\osgplugins-3.3.1\osgdb_ply.dll
d:\proj\c++_proj\openscenegraph-3.3.1\build\src\osgplugins\ply\osgdb_ply.dir\release\openscenegraphversioninfo.res
d:\proj\c++_proj\openscenegraph-3.3.1\build\src\osgplugins\ply\osgdb_ply.dir\release\plugins ply.tlog\cl.command.1.tlog
d:\proj\c++_proj\openscenegraph-3.3.1\build\src\osgplugins\ply\osgdb_ply.dir\release\plugins ply.tlog\cl.items.tlog
d:\proj\c++_proj\openscenegraph-3.3.1\build\src\osgplugins\ply\osgdb_ply.dir\release\plugins ply.tlog\cl.read.1.tlog
d:\proj\c++_proj\openscenegraph-3.3.1\build\src\osgplugins\ply\osgdb_ply.dir\release\plugins ply.tlog\cl.write.1.tlog
d:\proj\c++_proj\openscenegraph-3.3.1\build\src\osgplugins\ply\osgdb_ply.dir\release\plugins ply.tlog\custombuild.command.1.tlog
d:\proj\c++_proj\openscenegraph-3.3.1\build\src\osgplugins\ply\osgdb_ply.dir\release\plugins ply.tlog\custombuild.read.1.tlog
d:\proj\c++_proj\openscenegraph-3.3.1\build\src\osgplugins\ply\osgdb_ply.dir\release\plugins ply.tlog\custombuild.write.1.tlog
d:\proj\c++_proj\openscenegraph-3.3.1\build\src\osgplugins\ply\osgdb_ply.dir\release\plugins ply.tlog\link.command.1.tlog
d:\proj\c++_proj\openscenegraph-3.3.1\build\src\osgplugins\ply\osgdb_ply.dir\release\plugins ply.tlog\link.read.1.tlog
d:\proj\c++_proj\openscenegraph-3.3.1\build\src\osgplugins\ply\osgdb_ply.dir\release\plugins ply.tlog\link.secondary.1.tlog
d:\proj\c++_proj\openscenegraph-3.3.1\build\src\osgplugins\ply\osgdb_ply.dir\release\plugins ply.tlog\link.write.1.tlog
d:\proj\c++_proj\openscenegraph-3.3.1\build\src\osgplugins\ply\osgdb_ply.dir\release\plugins ply.tlog\rc.command.1.tlog
d:\proj\c++_proj\openscenegraph-3.3.1\build\src\osgplugins\ply\osgdb_ply.dir\release\plugins ply.tlog\rc.read.1.tlog
d:\proj\c++_proj\openscenegraph-3.3.1\build\src\osgplugins\ply\osgdb_ply.dir\release\plugins ply.tlog\rc.write.1.tlog
