d:\proj\c++_proj\openscenegraph-3.3.1\build\src\osgplugins\gz\osgdb_gz.dir\release\readerwritergz.obj
d:\proj\c++_proj\openscenegraph-3.3.1\build\src\osgplugins\gz\cmakefiles\generate.stamp
d:\proj\c++_proj\openscenegraph-3.3.1\build\bin\osgplugins-3.3.1\osgdb_gz.dll
d:\proj\c++_proj\openscenegraph-3.3.1\build\bin\osgplugins-3.3.1\zlib1.dll
d:\proj\c++_proj\openscenegraph-3.3.1\build\src\osgplugins\gz\osgdb_gz.dir\release\openscenegraphversioninfo.res
d:\proj\c++_proj\openscenegraph-3.3.1\build\src\osgplugins\gz\osgdb_gz.dir\release\plugins gz.tlog\cl.command.1.tlog
d:\proj\c++_proj\openscenegraph-3.3.1\build\src\osgplugins\gz\osgdb_gz.dir\release\plugins gz.tlog\cl.items.tlog
d:\proj\c++_proj\openscenegraph-3.3.1\build\src\osgplugins\gz\osgdb_gz.dir\release\plugins gz.tlog\cl.read.1.tlog
d:\proj\c++_proj\openscenegraph-3.3.1\build\src\osgplugins\gz\osgdb_gz.dir\release\plugins gz.tlog\cl.write.1.tlog
d:\proj\c++_proj\openscenegraph-3.3.1\build\src\osgplugins\gz\osgdb_gz.dir\release\plugins gz.tlog\custombuild.command.1.tlog
d:\proj\c++_proj\openscenegraph-3.3.1\build\src\osgplugins\gz\osgdb_gz.dir\release\plugins gz.tlog\custombuild.read.1.tlog
d:\proj\c++_proj\openscenegraph-3.3.1\build\src\osgplugins\gz\osgdb_gz.dir\release\plugins gz.tlog\custombuild.write.1.tlog
d:\proj\c++_proj\openscenegraph-3.3.1\build\src\osgplugins\gz\osgdb_gz.dir\release\plugins gz.tlog\link.command.1.tlog
d:\proj\c++_proj\openscenegraph-3.3.1\build\src\osgplugins\gz\osgdb_gz.dir\release\plugins gz.tlog\link.read.1.tlog
d:\proj\c++_proj\openscenegraph-3.3.1\build\src\osgplugins\gz\osgdb_gz.dir\release\plugins gz.tlog\link.secondary.1.tlog
d:\proj\c++_proj\openscenegraph-3.3.1\build\src\osgplugins\gz\osgdb_gz.dir\release\plugins gz.tlog\link.write.1.tlog
d:\proj\c++_proj\openscenegraph-3.3.1\build\src\osgplugins\gz\osgdb_gz.dir\release\plugins gz.tlog\plugins gz.write.1u.tlog
d:\proj\c++_proj\openscenegraph-3.3.1\build\src\osgplugins\gz\osgdb_gz.dir\release\plugins gz.tlog\rc.command.1.tlog
d:\proj\c++_proj\openscenegraph-3.3.1\build\src\osgplugins\gz\osgdb_gz.dir\release\plugins gz.tlog\rc.read.1.tlog
d:\proj\c++_proj\openscenegraph-3.3.1\build\src\osgplugins\gz\osgdb_gz.dir\release\plugins gz.tlog\rc.write.1.tlog
