d:\proj\c++_proj\openscenegraph-3.3.1\build\src\osgplugins\jpeg\osgdb_jpeg.dir\release\readerwriterjpeg.obj
d:\proj\c++_proj\openscenegraph-3.3.1\build\src\osgplugins\jpeg\cmakefiles\generate.stamp
d:\proj\c++_proj\openscenegraph-3.3.1\build\bin\osgplugins-3.3.1\osgdb_jpeg.dll
d:\proj\c++_proj\openscenegraph-3.3.1\build\bin\osgplugins-3.3.1\jpeg62.dll
d:\proj\c++_proj\openscenegraph-3.3.1\build\src\osgplugins\jpeg\osgdb_jpeg.dir\release\openscenegraphversioninfo.res
d:\proj\c++_proj\openscenegraph-3.3.1\build\src\osgplugins\jpeg\osgdb_jpeg.dir\release\plugins jpeg.tlog\cl.command.1.tlog
d:\proj\c++_proj\openscenegraph-3.3.1\build\src\osgplugins\jpeg\osgdb_jpeg.dir\release\plugins jpeg.tlog\cl.items.tlog
d:\proj\c++_proj\openscenegraph-3.3.1\build\src\osgplugins\jpeg\osgdb_jpeg.dir\release\plugins jpeg.tlog\cl.read.1.tlog
d:\proj\c++_proj\openscenegraph-3.3.1\build\src\osgplugins\jpeg\osgdb_jpeg.dir\release\plugins jpeg.tlog\cl.write.1.tlog
d:\proj\c++_proj\openscenegraph-3.3.1\build\src\osgplugins\jpeg\osgdb_jpeg.dir\release\plugins jpeg.tlog\custombuild.command.1.tlog
d:\proj\c++_proj\openscenegraph-3.3.1\build\src\osgplugins\jpeg\osgdb_jpeg.dir\release\plugins jpeg.tlog\custombuild.read.1.tlog
d:\proj\c++_proj\openscenegraph-3.3.1\build\src\osgplugins\jpeg\osgdb_jpeg.dir\release\plugins jpeg.tlog\custombuild.write.1.tlog
d:\proj\c++_proj\openscenegraph-3.3.1\build\src\osgplugins\jpeg\osgdb_jpeg.dir\release\plugins jpeg.tlog\link.command.1.tlog
d:\proj\c++_proj\openscenegraph-3.3.1\build\src\osgplugins\jpeg\osgdb_jpeg.dir\release\plugins jpeg.tlog\link.read.1.tlog
d:\proj\c++_proj\openscenegraph-3.3.1\build\src\osgplugins\jpeg\osgdb_jpeg.dir\release\plugins jpeg.tlog\link.secondary.1.tlog
d:\proj\c++_proj\openscenegraph-3.3.1\build\src\osgplugins\jpeg\osgdb_jpeg.dir\release\plugins jpeg.tlog\link.write.1.tlog
d:\proj\c++_proj\openscenegraph-3.3.1\build\src\osgplugins\jpeg\osgdb_jpeg.dir\release\plugins jpeg.tlog\plugins jpeg.write.1u.tlog
d:\proj\c++_proj\openscenegraph-3.3.1\build\src\osgplugins\jpeg\osgdb_jpeg.dir\release\plugins jpeg.tlog\rc.command.1.tlog
d:\proj\c++_proj\openscenegraph-3.3.1\build\src\osgplugins\jpeg\osgdb_jpeg.dir\release\plugins jpeg.tlog\rc.read.1.tlog
d:\proj\c++_proj\openscenegraph-3.3.1\build\src\osgplugins\jpeg\osgdb_jpeg.dir\release\plugins jpeg.tlog\rc.write.1.tlog
