d:\proj\c++_proj\openscenegraph-3.3.1\build\src\osgplugins\ac\osgdb_ac.dir\release\ac3d.obj
d:\proj\c++_proj\openscenegraph-3.3.1\build\src\osgplugins\ac\osgdb_ac.dir\release\geode.obj
d:\proj\c++_proj\openscenegraph-3.3.1\build\src\osgplugins\ac\osgdb_ac.dir\release\exception.obj
d:\proj\c++_proj\openscenegraph-3.3.1\build\src\osgplugins\ac\cmakefiles\generate.stamp
d:\proj\c++_proj\openscenegraph-3.3.1\build\bin\osgplugins-3.3.1\osgdb_ac.dll
d:\proj\c++_proj\openscenegraph-3.3.1\build\src\osgplugins\ac\osgdb_ac.dir\release\openscenegraphversioninfo.res
d:\proj\c++_proj\openscenegraph-3.3.1\build\src\osgplugins\ac\osgdb_ac.dir\release\plugins ac.tlog\cl.command.1.tlog
d:\proj\c++_proj\openscenegraph-3.3.1\build\src\osgplugins\ac\osgdb_ac.dir\release\plugins ac.tlog\cl.items.tlog
d:\proj\c++_proj\openscenegraph-3.3.1\build\src\osgplugins\ac\osgdb_ac.dir\release\plugins ac.tlog\cl.read.1.tlog
d:\proj\c++_proj\openscenegraph-3.3.1\build\src\osgplugins\ac\osgdb_ac.dir\release\plugins ac.tlog\cl.write.1.tlog
d:\proj\c++_proj\openscenegraph-3.3.1\build\src\osgplugins\ac\osgdb_ac.dir\release\plugins ac.tlog\custombuild.command.1.tlog
d:\proj\c++_proj\openscenegraph-3.3.1\build\src\osgplugins\ac\osgdb_ac.dir\release\plugins ac.tlog\custombuild.read.1.tlog
d:\proj\c++_proj\openscenegraph-3.3.1\build\src\osgplugins\ac\osgdb_ac.dir\release\plugins ac.tlog\custombuild.write.1.tlog
d:\proj\c++_proj\openscenegraph-3.3.1\build\src\osgplugins\ac\osgdb_ac.dir\release\plugins ac.tlog\link.command.1.tlog
d:\proj\c++_proj\openscenegraph-3.3.1\build\src\osgplugins\ac\osgdb_ac.dir\release\plugins ac.tlog\link.read.1.tlog
d:\proj\c++_proj\openscenegraph-3.3.1\build\src\osgplugins\ac\osgdb_ac.dir\release\plugins ac.tlog\link.secondary.1.tlog
d:\proj\c++_proj\openscenegraph-3.3.1\build\src\osgplugins\ac\osgdb_ac.dir\release\plugins ac.tlog\link.write.1.tlog
d:\proj\c++_proj\openscenegraph-3.3.1\build\src\osgplugins\ac\osgdb_ac.dir\release\plugins ac.tlog\rc.command.1.tlog
d:\proj\c++_proj\openscenegraph-3.3.1\build\src\osgplugins\ac\osgdb_ac.dir\release\plugins ac.tlog\rc.read.1.tlog
d:\proj\c++_proj\openscenegraph-3.3.1\build\src\osgplugins\ac\osgdb_ac.dir\release\plugins ac.tlog\rc.write.1.tlog
