d:\proj\c++_proj\openscenegraph-3.3.1\build\src\osgmanipulator\osgmanipulator.dir\release\version.obj
d:\proj\c++_proj\openscenegraph-3.3.1\build\src\osgmanipulator\osgmanipulator.dir\release\translateplanedragger.obj
d:\proj\c++_proj\openscenegraph-3.3.1\build\src\osgmanipulator\osgmanipulator.dir\release\translateaxisdragger.obj
d:\proj\c++_proj\openscenegraph-3.3.1\build\src\osgmanipulator\osgmanipulator.dir\release\translate2ddragger.obj
d:\proj\c++_proj\openscenegraph-3.3.1\build\src\osgmanipulator\osgmanipulator.dir\release\translate1ddragger.obj
d:\proj\c++_proj\openscenegraph-3.3.1\build\src\osgmanipulator\osgmanipulator.dir\release\trackballdragger.obj
d:\proj\c++_proj\openscenegraph-3.3.1\build\src\osgmanipulator\osgmanipulator.dir\release\tabplanetrackballdragger.obj
d:\proj\c++_proj\openscenegraph-3.3.1\build\src\osgmanipulator\osgmanipulator.dir\release\tabplanedragger.obj
d:\proj\c++_proj\openscenegraph-3.3.1\build\src\osgmanipulator\osgmanipulator.dir\release\tabboxtrackballdragger.obj
d:\proj\c++_proj\openscenegraph-3.3.1\build\src\osgmanipulator\osgmanipulator.dir\release\tabboxdragger.obj
d:\proj\c++_proj\openscenegraph-3.3.1\build\src\osgmanipulator\osgmanipulator.dir\release\scaleaxisdragger.obj
d:\proj\c++_proj\openscenegraph-3.3.1\build\src\osgmanipulator\osgmanipulator.dir\release\scale2ddragger.obj
d:\proj\c++_proj\openscenegraph-3.3.1\build\src\osgmanipulator\osgmanipulator.dir\release\scale1ddragger.obj
d:\proj\c++_proj\openscenegraph-3.3.1\build\src\osgmanipulator\osgmanipulator.dir\release\rotatespheredragger.obj
d:\proj\c++_proj\openscenegraph-3.3.1\build\src\osgmanipulator\osgmanipulator.dir\release\rotatecylinderdragger.obj
d:\proj\c++_proj\openscenegraph-3.3.1\build\src\osgmanipulator\osgmanipulator.dir\release\projector.obj
d:\proj\c++_proj\openscenegraph-3.3.1\build\src\osgmanipulator\osgmanipulator.dir\release\dragger.obj
d:\proj\c++_proj\openscenegraph-3.3.1\build\src\osgmanipulator\osgmanipulator.dir\release\constraint.obj
d:\proj\c++_proj\openscenegraph-3.3.1\build\src\osgmanipulator\osgmanipulator.dir\release\command.obj
d:\proj\c++_proj\openscenegraph-3.3.1\build\src\osgmanipulator\osgmanipulator.dir\release\antisquish.obj
d:\proj\c++_proj\openscenegraph-3.3.1\build\src\osgmanipulator\cmakefiles\generate.stamp
d:\proj\c++_proj\openscenegraph-3.3.1\build\bin\osg111-osgmanipulator.dll
d:\proj\c++_proj\openscenegraph-3.3.1\build\src\osgmanipulator\osgmanipulator.dir\release\openscenegraphversioninfo.res
d:\proj\c++_proj\openscenegraph-3.3.1\build\lib\osgmanipulator.lib
d:\proj\c++_proj\openscenegraph-3.3.1\build\lib\osgmanipulator.exp
d:\proj\c++_proj\openscenegraph-3.3.1\build\src\osgmanipulator\osgmanipulator.dir\release\osgmanipulator.tlog\cl.command.1.tlog
d:\proj\c++_proj\openscenegraph-3.3.1\build\src\osgmanipulator\osgmanipulator.dir\release\osgmanipulator.tlog\cl.items.tlog
d:\proj\c++_proj\openscenegraph-3.3.1\build\src\osgmanipulator\osgmanipulator.dir\release\osgmanipulator.tlog\cl.read.1.tlog
d:\proj\c++_proj\openscenegraph-3.3.1\build\src\osgmanipulator\osgmanipulator.dir\release\osgmanipulator.tlog\cl.write.1.tlog
d:\proj\c++_proj\openscenegraph-3.3.1\build\src\osgmanipulator\osgmanipulator.dir\release\osgmanipulator.tlog\custombuild.command.1.tlog
d:\proj\c++_proj\openscenegraph-3.3.1\build\src\osgmanipulator\osgmanipulator.dir\release\osgmanipulator.tlog\custombuild.read.1.tlog
d:\proj\c++_proj\openscenegraph-3.3.1\build\src\osgmanipulator\osgmanipulator.dir\release\osgmanipulator.tlog\custombuild.write.1.tlog
d:\proj\c++_proj\openscenegraph-3.3.1\build\src\osgmanipulator\osgmanipulator.dir\release\osgmanipulator.tlog\link.command.1.tlog
d:\proj\c++_proj\openscenegraph-3.3.1\build\src\osgmanipulator\osgmanipulator.dir\release\osgmanipulator.tlog\link.read.1.tlog
d:\proj\c++_proj\openscenegraph-3.3.1\build\src\osgmanipulator\osgmanipulator.dir\release\osgmanipulator.tlog\link.secondary.1.tlog
d:\proj\c++_proj\openscenegraph-3.3.1\build\src\osgmanipulator\osgmanipulator.dir\release\osgmanipulator.tlog\link.write.1.tlog
d:\proj\c++_proj\openscenegraph-3.3.1\build\src\osgmanipulator\osgmanipulator.dir\release\osgmanipulator.tlog\rc.command.1.tlog
d:\proj\c++_proj\openscenegraph-3.3.1\build\src\osgmanipulator\osgmanipulator.dir\release\osgmanipulator.tlog\rc.read.1.tlog
d:\proj\c++_proj\openscenegraph-3.3.1\build\src\osgmanipulator\osgmanipulator.dir\release\osgmanipulator.tlog\rc.write.1.tlog
