d:\proj\c++_proj\openscenegraph-3.3.1\build\src\osgplugins\shp\osgdb_shp.dir\release\xbaseparser.obj
d:\proj\c++_proj\openscenegraph-3.3.1\build\src\osgplugins\shp\osgdb_shp.dir\release\esrishapereaderwriter.obj
d:\proj\c++_proj\openscenegraph-3.3.1\build\src\osgplugins\shp\osgdb_shp.dir\release\esrishapeparser.obj
d:\proj\c++_proj\openscenegraph-3.3.1\build\src\osgplugins\shp\osgdb_shp.dir\release\esrishape.obj
d:\proj\c++_proj\openscenegraph-3.3.1\build\src\osgplugins\shp\cmakefiles\generate.stamp
d:\proj\c++_proj\openscenegraph-3.3.1\build\bin\osgplugins-3.3.1\osgdb_shp.dll
d:\proj\c++_proj\openscenegraph-3.3.1\build\src\osgplugins\shp\osgdb_shp.dir\release\openscenegraphversioninfo.res
d:\proj\c++_proj\openscenegraph-3.3.1\build\src\osgplugins\shp\osgdb_shp.dir\release\plugins shp.tlog\cl.command.1.tlog
d:\proj\c++_proj\openscenegraph-3.3.1\build\src\osgplugins\shp\osgdb_shp.dir\release\plugins shp.tlog\cl.items.tlog
d:\proj\c++_proj\openscenegraph-3.3.1\build\src\osgplugins\shp\osgdb_shp.dir\release\plugins shp.tlog\cl.read.1.tlog
d:\proj\c++_proj\openscenegraph-3.3.1\build\src\osgplugins\shp\osgdb_shp.dir\release\plugins shp.tlog\cl.write.1.tlog
d:\proj\c++_proj\openscenegraph-3.3.1\build\src\osgplugins\shp\osgdb_shp.dir\release\plugins shp.tlog\custombuild.command.1.tlog
d:\proj\c++_proj\openscenegraph-3.3.1\build\src\osgplugins\shp\osgdb_shp.dir\release\plugins shp.tlog\custombuild.read.1.tlog
d:\proj\c++_proj\openscenegraph-3.3.1\build\src\osgplugins\shp\osgdb_shp.dir\release\plugins shp.tlog\custombuild.write.1.tlog
d:\proj\c++_proj\openscenegraph-3.3.1\build\src\osgplugins\shp\osgdb_shp.dir\release\plugins shp.tlog\link.command.1.tlog
d:\proj\c++_proj\openscenegraph-3.3.1\build\src\osgplugins\shp\osgdb_shp.dir\release\plugins shp.tlog\link.read.1.tlog
d:\proj\c++_proj\openscenegraph-3.3.1\build\src\osgplugins\shp\osgdb_shp.dir\release\plugins shp.tlog\link.secondary.1.tlog
d:\proj\c++_proj\openscenegraph-3.3.1\build\src\osgplugins\shp\osgdb_shp.dir\release\plugins shp.tlog\link.write.1.tlog
d:\proj\c++_proj\openscenegraph-3.3.1\build\src\osgplugins\shp\osgdb_shp.dir\release\plugins shp.tlog\rc.command.1.tlog
d:\proj\c++_proj\openscenegraph-3.3.1\build\src\osgplugins\shp\osgdb_shp.dir\release\plugins shp.tlog\rc.read.1.tlog
d:\proj\c++_proj\openscenegraph-3.3.1\build\src\osgplugins\shp\osgdb_shp.dir\release\plugins shp.tlog\rc.write.1.tlog
