d:\proj\c++_proj\openscenegraph-3.3.1\build\src\osgparticle\osgparticle.dir\release\version.obj
d:\proj\c++_proj\openscenegraph-3.3.1\build\src\osgparticle\osgparticle.dir\release\smoketraileffect.obj
d:\proj\c++_proj\openscenegraph-3.3.1\build\src\osgparticle\osgparticle.dir\release\smokeeffect.obj
d:\proj\c++_proj\openscenegraph-3.3.1\build\src\osgparticle\osgparticle.dir\release\program.obj
d:\proj\c++_proj\openscenegraph-3.3.1\build\src\osgparticle\osgparticle.dir\release\precipitationeffect.obj
d:\proj\c++_proj\openscenegraph-3.3.1\build\src\osgparticle\osgparticle.dir\release\particlesystemupdater.obj
d:\proj\c++_proj\openscenegraph-3.3.1\build\src\osgparticle\osgparticle.dir\release\particlesystem.obj
d:\proj\c++_proj\openscenegraph-3.3.1\build\src\osgparticle\osgparticle.dir\release\particleprocessor.obj
d:\proj\c++_proj\openscenegraph-3.3.1\build\src\osgparticle\osgparticle.dir\release\particleeffect.obj
d:\proj\c++_proj\openscenegraph-3.3.1\build\src\osgparticle\osgparticle.dir\release\particle.obj
d:\proj\c++_proj\openscenegraph-3.3.1\build\src\osgparticle\osgparticle.dir\release\multisegmentplacer.obj
d:\proj\c++_proj\openscenegraph-3.3.1\build\src\osgparticle\osgparticle.dir\release\modularprogram.obj
d:\proj\c++_proj\openscenegraph-3.3.1\build\src\osgparticle\osgparticle.dir\release\modularemitter.obj
d:\proj\c++_proj\openscenegraph-3.3.1\build\src\osgparticle\osgparticle.dir\release\fluidprogram.obj
d:\proj\c++_proj\openscenegraph-3.3.1\build\src\osgparticle\osgparticle.dir\release\fluidfrictionoperator.obj
d:\proj\c++_proj\openscenegraph-3.3.1\build\src\osgparticle\osgparticle.dir\release\fireeffect.obj
d:\proj\c++_proj\openscenegraph-3.3.1\build\src\osgparticle\osgparticle.dir\release\explosioneffect.obj
d:\proj\c++_proj\openscenegraph-3.3.1\build\src\osgparticle\osgparticle.dir\release\explosiondebriseffect.obj
d:\proj\c++_proj\openscenegraph-3.3.1\build\src\osgparticle\osgparticle.dir\release\emitter.obj
d:\proj\c++_proj\openscenegraph-3.3.1\build\src\osgparticle\osgparticle.dir\release\connectedparticlesystem.obj
d:\proj\c++_proj\openscenegraph-3.3.1\build\src\osgparticle\osgparticle.dir\release\sinkoperator.obj
d:\proj\c++_proj\openscenegraph-3.3.1\build\src\osgparticle\osgparticle.dir\release\bounceoperator.obj
d:\proj\c++_proj\openscenegraph-3.3.1\build\src\osgparticle\osgparticle.dir\release\domainoperator.obj
d:\proj\c++_proj\openscenegraph-3.3.1\build\src\osgparticle\cmakefiles\generate.stamp
d:\proj\c++_proj\openscenegraph-3.3.1\build\bin\osg111-osgparticle.dll
d:\proj\c++_proj\openscenegraph-3.3.1\build\src\osgparticle\osgparticle.dir\release\openscenegraphversioninfo.res
d:\proj\c++_proj\openscenegraph-3.3.1\build\lib\osgparticle.lib
d:\proj\c++_proj\openscenegraph-3.3.1\build\lib\osgparticle.exp
d:\proj\c++_proj\openscenegraph-3.3.1\build\src\osgparticle\osgparticle.dir\release\osgparticle.tlog\cl.command.1.tlog
d:\proj\c++_proj\openscenegraph-3.3.1\build\src\osgparticle\osgparticle.dir\release\osgparticle.tlog\cl.items.tlog
d:\proj\c++_proj\openscenegraph-3.3.1\build\src\osgparticle\osgparticle.dir\release\osgparticle.tlog\cl.read.1.tlog
d:\proj\c++_proj\openscenegraph-3.3.1\build\src\osgparticle\osgparticle.dir\release\osgparticle.tlog\cl.write.1.tlog
d:\proj\c++_proj\openscenegraph-3.3.1\build\src\osgparticle\osgparticle.dir\release\osgparticle.tlog\custombuild.command.1.tlog
d:\proj\c++_proj\openscenegraph-3.3.1\build\src\osgparticle\osgparticle.dir\release\osgparticle.tlog\custombuild.read.1.tlog
d:\proj\c++_proj\openscenegraph-3.3.1\build\src\osgparticle\osgparticle.dir\release\osgparticle.tlog\custombuild.write.1.tlog
d:\proj\c++_proj\openscenegraph-3.3.1\build\src\osgparticle\osgparticle.dir\release\osgparticle.tlog\link.command.1.tlog
d:\proj\c++_proj\openscenegraph-3.3.1\build\src\osgparticle\osgparticle.dir\release\osgparticle.tlog\link.read.1.tlog
d:\proj\c++_proj\openscenegraph-3.3.1\build\src\osgparticle\osgparticle.dir\release\osgparticle.tlog\link.secondary.1.tlog
d:\proj\c++_proj\openscenegraph-3.3.1\build\src\osgparticle\osgparticle.dir\release\osgparticle.tlog\link.write.1.tlog
d:\proj\c++_proj\openscenegraph-3.3.1\build\src\osgparticle\osgparticle.dir\release\osgparticle.tlog\rc.command.1.tlog
d:\proj\c++_proj\openscenegraph-3.3.1\build\src\osgparticle\osgparticle.dir\release\osgparticle.tlog\rc.read.1.tlog
d:\proj\c++_proj\openscenegraph-3.3.1\build\src\osgparticle\osgparticle.dir\release\osgparticle.tlog\rc.write.1.tlog
