d:\proj\c++_proj\openscenegraph-3.3.1\build\src\osgplugins\openflight\osgdb_openflight.dir\release\readerwriterattr.obj
d:\proj\c++_proj\openscenegraph-3.3.1\build\src\osgplugins\openflight\osgdb_openflight.dir\release\primaryrecords.obj
d:\proj\c++_proj\openscenegraph-3.3.1\build\src\osgplugins\openflight\osgdb_openflight.dir\release\pools.obj
d:\proj\c++_proj\openscenegraph-3.3.1\build\src\osgplugins\openflight\osgdb_openflight.dir\release\paletterecords.obj
d:\proj\c++_proj\openscenegraph-3.3.1\build\src\osgplugins\openflight\osgdb_openflight.dir\release\materialpalettemanager.obj
d:\proj\c++_proj\openscenegraph-3.3.1\build\src\osgplugins\openflight\osgdb_openflight.dir\release\lightsourcepalettemanager.obj
d:\proj\c++_proj\openscenegraph-3.3.1\build\src\osgplugins\openflight\osgdb_openflight.dir\release\lightpointrecords.obj
d:\proj\c++_proj\openscenegraph-3.3.1\build\src\osgplugins\openflight\osgdb_openflight.dir\release\geometryrecords.obj
d:\proj\c++_proj\openscenegraph-3.3.1\build\src\osgplugins\openflight\osgdb_openflight.dir\release\fltexportvisitor.obj
d:\proj\c++_proj\openscenegraph-3.3.1\build\src\osgplugins\openflight\osgdb_openflight.dir\release\exportoptions.obj
d:\proj\c++_proj\openscenegraph-3.3.1\build\src\osgplugins\openflight\osgdb_openflight.dir\release\expprimaryrecords.obj
d:\proj\c++_proj\openscenegraph-3.3.1\build\src\osgplugins\openflight\osgdb_openflight.dir\release\expgeometryrecords.obj
d:\proj\c++_proj\openscenegraph-3.3.1\build\src\osgplugins\openflight\osgdb_openflight.dir\release\expcontrolrecords.obj
d:\proj\c++_proj\openscenegraph-3.3.1\build\src\osgplugins\openflight\osgdb_openflight.dir\release\expancillaryrecords.obj
d:\proj\c++_proj\openscenegraph-3.3.1\build\src\osgplugins\openflight\osgdb_openflight.dir\release\document.obj
d:\proj\c++_proj\openscenegraph-3.3.1\build\src\osgplugins\openflight\osgdb_openflight.dir\release\dataoutputstream.obj
d:\proj\c++_proj\openscenegraph-3.3.1\build\src\osgplugins\openflight\osgdb_openflight.dir\release\datainputstream.obj
d:\proj\c++_proj\openscenegraph-3.3.1\build\src\osgplugins\openflight\osgdb_openflight.dir\release\controlrecords.obj
d:\proj\c++_proj\openscenegraph-3.3.1\build\src\osgplugins\openflight\osgdb_openflight.dir\release\attrdata.obj
d:\proj\c++_proj\openscenegraph-3.3.1\build\src\osgplugins\openflight\osgdb_openflight.dir\release\ancillaryrecords.obj
d:\proj\c++_proj\openscenegraph-3.3.1\build\src\osgplugins\openflight\osgdb_openflight.dir\release\vertexrecords.obj
d:\proj\c++_proj\openscenegraph-3.3.1\build\src\osgplugins\openflight\osgdb_openflight.dir\release\vertexpalettemanager.obj
d:\proj\c++_proj\openscenegraph-3.3.1\build\src\osgplugins\openflight\osgdb_openflight.dir\release\vertex.obj
d:\proj\c++_proj\openscenegraph-3.3.1\build\src\osgplugins\openflight\osgdb_openflight.dir\release\texturepalettemanager.obj
d:\proj\c++_proj\openscenegraph-3.3.1\build\src\osgplugins\openflight\osgdb_openflight.dir\release\roadrecords.obj
d:\proj\c++_proj\openscenegraph-3.3.1\build\src\osgplugins\openflight\osgdb_openflight.dir\release\reservedrecords.obj
d:\proj\c++_proj\openscenegraph-3.3.1\build\src\osgplugins\openflight\osgdb_openflight.dir\release\registry.obj
d:\proj\c++_proj\openscenegraph-3.3.1\build\src\osgplugins\openflight\osgdb_openflight.dir\release\recordinputstream.obj
d:\proj\c++_proj\openscenegraph-3.3.1\build\src\osgplugins\openflight\osgdb_openflight.dir\release\record.obj
d:\proj\c++_proj\openscenegraph-3.3.1\build\src\osgplugins\openflight\osgdb_openflight.dir\release\readerwriterflt.obj
d:\proj\c++_proj\openscenegraph-3.3.1\build\src\osgplugins\openflight\cmakefiles\generate.stamp
d:\proj\c++_proj\openscenegraph-3.3.1\build\bin\osgplugins-3.3.1\osgdb_openflight.dll
d:\proj\c++_proj\openscenegraph-3.3.1\build\src\osgplugins\openflight\osgdb_openflight.dir\release\openscenegraphversioninfo.res
d:\proj\c++_proj\openscenegraph-3.3.1\build\src\osgplugins\openflight\osgdb_openflight.dir\release\plugins .14857826.tlog\cl.command.1.tlog
d:\proj\c++_proj\openscenegraph-3.3.1\build\src\osgplugins\openflight\osgdb_openflight.dir\release\plugins .14857826.tlog\cl.items.tlog
d:\proj\c++_proj\openscenegraph-3.3.1\build\src\osgplugins\openflight\osgdb_openflight.dir\release\plugins .14857826.tlog\cl.read.1.tlog
d:\proj\c++_proj\openscenegraph-3.3.1\build\src\osgplugins\openflight\osgdb_openflight.dir\release\plugins .14857826.tlog\cl.write.1.tlog
d:\proj\c++_proj\openscenegraph-3.3.1\build\src\osgplugins\openflight\osgdb_openflight.dir\release\plugins .14857826.tlog\custombuild.command.1.tlog
d:\proj\c++_proj\openscenegraph-3.3.1\build\src\osgplugins\openflight\osgdb_openflight.dir\release\plugins .14857826.tlog\custombuild.read.1.tlog
d:\proj\c++_proj\openscenegraph-3.3.1\build\src\osgplugins\openflight\osgdb_openflight.dir\release\plugins .14857826.tlog\custombuild.write.1.tlog
d:\proj\c++_proj\openscenegraph-3.3.1\build\src\osgplugins\openflight\osgdb_openflight.dir\release\plugins .14857826.tlog\link.command.1.tlog
d:\proj\c++_proj\openscenegraph-3.3.1\build\src\osgplugins\openflight\osgdb_openflight.dir\release\plugins .14857826.tlog\link.read.1.tlog
d:\proj\c++_proj\openscenegraph-3.3.1\build\src\osgplugins\openflight\osgdb_openflight.dir\release\plugins .14857826.tlog\link.secondary.1.tlog
d:\proj\c++_proj\openscenegraph-3.3.1\build\src\osgplugins\openflight\osgdb_openflight.dir\release\plugins .14857826.tlog\link.write.1.tlog
d:\proj\c++_proj\openscenegraph-3.3.1\build\src\osgplugins\openflight\osgdb_openflight.dir\release\plugins .14857826.tlog\rc.command.1.tlog
d:\proj\c++_proj\openscenegraph-3.3.1\build\src\osgplugins\openflight\osgdb_openflight.dir\release\plugins .14857826.tlog\rc.read.1.tlog
d:\proj\c++_proj\openscenegraph-3.3.1\build\src\osgplugins\openflight\osgdb_openflight.dir\release\plugins .14857826.tlog\rc.write.1.tlog
