d:\proj\c++_proj\openscenegraph-3.3.1\build\src\osgvolume\osgvolume.dir\release\volumetile.obj
d:\proj\c++_proj\openscenegraph-3.3.1\build\src\osgvolume\osgvolume.dir\release\volumetechnique.obj
d:\proj\c++_proj\openscenegraph-3.3.1\build\src\osgvolume\osgvolume.dir\release\volumescene.obj
d:\proj\c++_proj\openscenegraph-3.3.1\build\src\osgvolume\osgvolume.dir\release\volume.obj
d:\proj\c++_proj\openscenegraph-3.3.1\build\src\osgvolume\osgvolume.dir\release\version.obj
d:\proj\c++_proj\openscenegraph-3.3.1\build\src\osgvolume\osgvolume.dir\release\raytracedtechnique.obj
d:\proj\c++_proj\openscenegraph-3.3.1\build\src\osgvolume\osgvolume.dir\release\property.obj
d:\proj\c++_proj\openscenegraph-3.3.1\build\src\osgvolume\osgvolume.dir\release\multipasstechnique.obj
d:\proj\c++_proj\openscenegraph-3.3.1\build\src\osgvolume\osgvolume.dir\release\locator.obj
d:\proj\c++_proj\openscenegraph-3.3.1\build\src\osgvolume\osgvolume.dir\release\layer.obj
d:\proj\c++_proj\openscenegraph-3.3.1\build\src\osgvolume\osgvolume.dir\release\fixedfunctiontechnique.obj
d:\proj\c++_proj\openscenegraph-3.3.1\build\src\osgvolume\cmakefiles\generate.stamp
d:\proj\c++_proj\openscenegraph-3.3.1\build\bin\osg111-osgvolume.dll
d:\proj\c++_proj\openscenegraph-3.3.1\build\src\osgvolume\osgvolume.dir\release\openscenegraphversioninfo.res
d:\proj\c++_proj\openscenegraph-3.3.1\build\lib\osgvolume.lib
d:\proj\c++_proj\openscenegraph-3.3.1\build\lib\osgvolume.exp
d:\proj\c++_proj\openscenegraph-3.3.1\build\src\osgvolume\osgvolume.dir\release\osgvolume.tlog\cl.command.1.tlog
d:\proj\c++_proj\openscenegraph-3.3.1\build\src\osgvolume\osgvolume.dir\release\osgvolume.tlog\cl.items.tlog
d:\proj\c++_proj\openscenegraph-3.3.1\build\src\osgvolume\osgvolume.dir\release\osgvolume.tlog\cl.read.1.tlog
d:\proj\c++_proj\openscenegraph-3.3.1\build\src\osgvolume\osgvolume.dir\release\osgvolume.tlog\cl.write.1.tlog
d:\proj\c++_proj\openscenegraph-3.3.1\build\src\osgvolume\osgvolume.dir\release\osgvolume.tlog\custombuild.command.1.tlog
d:\proj\c++_proj\openscenegraph-3.3.1\build\src\osgvolume\osgvolume.dir\release\osgvolume.tlog\custombuild.read.1.tlog
d:\proj\c++_proj\openscenegraph-3.3.1\build\src\osgvolume\osgvolume.dir\release\osgvolume.tlog\custombuild.write.1.tlog
d:\proj\c++_proj\openscenegraph-3.3.1\build\src\osgvolume\osgvolume.dir\release\osgvolume.tlog\link.command.1.tlog
d:\proj\c++_proj\openscenegraph-3.3.1\build\src\osgvolume\osgvolume.dir\release\osgvolume.tlog\link.read.1.tlog
d:\proj\c++_proj\openscenegraph-3.3.1\build\src\osgvolume\osgvolume.dir\release\osgvolume.tlog\link.secondary.1.tlog
d:\proj\c++_proj\openscenegraph-3.3.1\build\src\osgvolume\osgvolume.dir\release\osgvolume.tlog\link.write.1.tlog
d:\proj\c++_proj\openscenegraph-3.3.1\build\src\osgvolume\osgvolume.dir\release\osgvolume.tlog\rc.command.1.tlog
d:\proj\c++_proj\openscenegraph-3.3.1\build\src\osgvolume\osgvolume.dir\release\osgvolume.tlog\rc.read.1.tlog
d:\proj\c++_proj\openscenegraph-3.3.1\build\src\osgvolume\osgvolume.dir\release\osgvolume.tlog\rc.write.1.tlog
