d:\proj\c++_proj\openscenegraph-3.3.1\build\src\osgwrappers\serializers\osgterrain\osgdb_serializers_osgterrain.dir\release\terraintile.obj
d:\proj\c++_proj\openscenegraph-3.3.1\build\src\osgwrappers\serializers\osgterrain\osgdb_serializers_osgterrain.dir\release\terraintechnique.obj
d:\proj\c++_proj\openscenegraph-3.3.1\build\src\osgwrappers\serializers\osgterrain\osgdb_serializers_osgterrain.dir\release\terrain.obj
d:\proj\c++_proj\openscenegraph-3.3.1\build\src\osgwrappers\serializers\osgterrain\osgdb_serializers_osgterrain.dir\release\switchlayer.obj
d:\proj\c++_proj\openscenegraph-3.3.1\build\src\osgwrappers\serializers\osgterrain\osgdb_serializers_osgterrain.dir\release\proxylayer.obj
d:\proj\c++_proj\openscenegraph-3.3.1\build\src\osgwrappers\serializers\osgterrain\osgdb_serializers_osgterrain.dir\release\locator.obj
d:\proj\c++_proj\openscenegraph-3.3.1\build\src\osgwrappers\serializers\osgterrain\osgdb_serializers_osgterrain.dir\release\librarywrapper.obj
d:\proj\c++_proj\openscenegraph-3.3.1\build\src\osgwrappers\serializers\osgterrain\osgdb_serializers_osgterrain.dir\release\layer.obj
d:\proj\c++_proj\openscenegraph-3.3.1\build\src\osgwrappers\serializers\osgterrain\osgdb_serializers_osgterrain.dir\release\imagelayer.obj
d:\proj\c++_proj\openscenegraph-3.3.1\build\src\osgwrappers\serializers\osgterrain\osgdb_serializers_osgterrain.dir\release\heightfieldlayer.obj
d:\proj\c++_proj\openscenegraph-3.3.1\build\src\osgwrappers\serializers\osgterrain\osgdb_serializers_osgterrain.dir\release\geometrytechnique.obj
d:\proj\c++_proj\openscenegraph-3.3.1\build\src\osgwrappers\serializers\osgterrain\osgdb_serializers_osgterrain.dir\release\contourlayer.obj
d:\proj\c++_proj\openscenegraph-3.3.1\build\src\osgwrappers\serializers\osgterrain\osgdb_serializers_osgterrain.dir\release\compositelayer.obj
d:\proj\c++_proj\openscenegraph-3.3.1\build\src\osgwrappers\serializers\osgterrain\cmakefiles\generate.stamp
d:\proj\c++_proj\openscenegraph-3.3.1\build\bin\osgplugins-3.3.1\osgdb_serializers_osgterrain.dll
d:\proj\c++_proj\openscenegraph-3.3.1\build\src\osgwrappers\serializers\osgterrain\osgdb_serializers_osgterrain.dir\release\openscenegraphversioninfo.res
d:\proj\c++_proj\openscenegraph-3.3.1\build\src\osgwrappers\serializers\osgterrain\osgdb_serializers_osgterrain.dir\release\plugins .c6fd82c9.tlog\cl.command.1.tlog
d:\proj\c++_proj\openscenegraph-3.3.1\build\src\osgwrappers\serializers\osgterrain\osgdb_serializers_osgterrain.dir\release\plugins .c6fd82c9.tlog\cl.items.tlog
d:\proj\c++_proj\openscenegraph-3.3.1\build\src\osgwrappers\serializers\osgterrain\osgdb_serializers_osgterrain.dir\release\plugins .c6fd82c9.tlog\cl.read.1.tlog
d:\proj\c++_proj\openscenegraph-3.3.1\build\src\osgwrappers\serializers\osgterrain\osgdb_serializers_osgterrain.dir\release\plugins .c6fd82c9.tlog\cl.write.1.tlog
d:\proj\c++_proj\openscenegraph-3.3.1\build\src\osgwrappers\serializers\osgterrain\osgdb_serializers_osgterrain.dir\release\plugins .c6fd82c9.tlog\custombuild.command.1.tlog
d:\proj\c++_proj\openscenegraph-3.3.1\build\src\osgwrappers\serializers\osgterrain\osgdb_serializers_osgterrain.dir\release\plugins .c6fd82c9.tlog\custombuild.read.1.tlog
d:\proj\c++_proj\openscenegraph-3.3.1\build\src\osgwrappers\serializers\osgterrain\osgdb_serializers_osgterrain.dir\release\plugins .c6fd82c9.tlog\custombuild.write.1.tlog
d:\proj\c++_proj\openscenegraph-3.3.1\build\src\osgwrappers\serializers\osgterrain\osgdb_serializers_osgterrain.dir\release\plugins .c6fd82c9.tlog\link.command.1.tlog
d:\proj\c++_proj\openscenegraph-3.3.1\build\src\osgwrappers\serializers\osgterrain\osgdb_serializers_osgterrain.dir\release\plugins .c6fd82c9.tlog\link.read.1.tlog
d:\proj\c++_proj\openscenegraph-3.3.1\build\src\osgwrappers\serializers\osgterrain\osgdb_serializers_osgterrain.dir\release\plugins .c6fd82c9.tlog\link.secondary.1.tlog
d:\proj\c++_proj\openscenegraph-3.3.1\build\src\osgwrappers\serializers\osgterrain\osgdb_serializers_osgterrain.dir\release\plugins .c6fd82c9.tlog\link.write.1.tlog
d:\proj\c++_proj\openscenegraph-3.3.1\build\src\osgwrappers\serializers\osgterrain\osgdb_serializers_osgterrain.dir\release\plugins .c6fd82c9.tlog\rc.command.1.tlog
d:\proj\c++_proj\openscenegraph-3.3.1\build\src\osgwrappers\serializers\osgterrain\osgdb_serializers_osgterrain.dir\release\plugins .c6fd82c9.tlog\rc.read.1.tlog
d:\proj\c++_proj\openscenegraph-3.3.1\build\src\osgwrappers\serializers\osgterrain\osgdb_serializers_osgterrain.dir\release\plugins .c6fd82c9.tlog\rc.write.1.tlog
