d:\proj\c++_proj\openscenegraph-3.3.1\build\src\osgwrappers\serializers\osgmanipulator\osgdb_serializers_osgmanipulator.dir\release\translateplanedragger.obj
d:\proj\c++_proj\openscenegraph-3.3.1\build\src\osgwrappers\serializers\osgmanipulator\osgdb_serializers_osgmanipulator.dir\release\translateaxisdragger.obj
d:\proj\c++_proj\openscenegraph-3.3.1\build\src\osgwrappers\serializers\osgmanipulator\osgdb_serializers_osgmanipulator.dir\release\translate2ddragger.obj
d:\proj\c++_proj\openscenegraph-3.3.1\build\src\osgwrappers\serializers\osgmanipulator\osgdb_serializers_osgmanipulator.dir\release\translate1ddragger.obj
d:\proj\c++_proj\openscenegraph-3.3.1\build\src\osgwrappers\serializers\osgmanipulator\osgdb_serializers_osgmanipulator.dir\release\trackballdragger.obj
d:\proj\c++_proj\openscenegraph-3.3.1\build\src\osgwrappers\serializers\osgmanipulator\osgdb_serializers_osgmanipulator.dir\release\tabplanetrackballdragger.obj
d:\proj\c++_proj\openscenegraph-3.3.1\build\src\osgwrappers\serializers\osgmanipulator\osgdb_serializers_osgmanipulator.dir\release\tabplanedragger.obj
d:\proj\c++_proj\openscenegraph-3.3.1\build\src\osgwrappers\serializers\osgmanipulator\osgdb_serializers_osgmanipulator.dir\release\tabboxtrackballdragger.obj
d:\proj\c++_proj\openscenegraph-3.3.1\build\src\osgwrappers\serializers\osgmanipulator\osgdb_serializers_osgmanipulator.dir\release\tabboxdragger.obj
d:\proj\c++_proj\openscenegraph-3.3.1\build\src\osgwrappers\serializers\osgmanipulator\osgdb_serializers_osgmanipulator.dir\release\scaleaxisdragger.obj
d:\proj\c++_proj\openscenegraph-3.3.1\build\src\osgwrappers\serializers\osgmanipulator\osgdb_serializers_osgmanipulator.dir\release\scale2ddragger.obj
d:\proj\c++_proj\openscenegraph-3.3.1\build\src\osgwrappers\serializers\osgmanipulator\osgdb_serializers_osgmanipulator.dir\release\scale1ddragger.obj
d:\proj\c++_proj\openscenegraph-3.3.1\build\src\osgwrappers\serializers\osgmanipulator\osgdb_serializers_osgmanipulator.dir\release\rotatespheredragger.obj
d:\proj\c++_proj\openscenegraph-3.3.1\build\src\osgwrappers\serializers\osgmanipulator\osgdb_serializers_osgmanipulator.dir\release\rotatecylinderdragger.obj
d:\proj\c++_proj\openscenegraph-3.3.1\build\src\osgwrappers\serializers\osgmanipulator\osgdb_serializers_osgmanipulator.dir\release\librarywrapper.obj
d:\proj\c++_proj\openscenegraph-3.3.1\build\src\osgwrappers\serializers\osgmanipulator\osgdb_serializers_osgmanipulator.dir\release\dragger.obj
d:\proj\c++_proj\openscenegraph-3.3.1\build\src\osgwrappers\serializers\osgmanipulator\osgdb_serializers_osgmanipulator.dir\release\compositedragger.obj
d:\proj\c++_proj\openscenegraph-3.3.1\build\src\osgwrappers\serializers\osgmanipulator\osgdb_serializers_osgmanipulator.dir\release\antisquish.obj
d:\proj\c++_proj\openscenegraph-3.3.1\build\src\osgwrappers\serializers\osgmanipulator\cmakefiles\generate.stamp
d:\proj\c++_proj\openscenegraph-3.3.1\build\bin\osgplugins-3.3.1\osgdb_serializers_osgmanipulator.dll
d:\proj\c++_proj\openscenegraph-3.3.1\build\src\osgwrappers\serializers\osgmanipulator\osgdb_serializers_osgmanipulator.dir\release\openscenegraphversioninfo.res
d:\proj\c++_proj\openscenegraph-3.3.1\build\src\osgwrappers\serializers\osgmanipulator\osgdb_serializers_osgmanipulator.dir\release\plugins .06c0ee66.tlog\cl.command.1.tlog
d:\proj\c++_proj\openscenegraph-3.3.1\build\src\osgwrappers\serializers\osgmanipulator\osgdb_serializers_osgmanipulator.dir\release\plugins .06c0ee66.tlog\cl.items.tlog
d:\proj\c++_proj\openscenegraph-3.3.1\build\src\osgwrappers\serializers\osgmanipulator\osgdb_serializers_osgmanipulator.dir\release\plugins .06c0ee66.tlog\cl.read.1.tlog
d:\proj\c++_proj\openscenegraph-3.3.1\build\src\osgwrappers\serializers\osgmanipulator\osgdb_serializers_osgmanipulator.dir\release\plugins .06c0ee66.tlog\cl.write.1.tlog
d:\proj\c++_proj\openscenegraph-3.3.1\build\src\osgwrappers\serializers\osgmanipulator\osgdb_serializers_osgmanipulator.dir\release\plugins .06c0ee66.tlog\custombuild.command.1.tlog
d:\proj\c++_proj\openscenegraph-3.3.1\build\src\osgwrappers\serializers\osgmanipulator\osgdb_serializers_osgmanipulator.dir\release\plugins .06c0ee66.tlog\custombuild.read.1.tlog
d:\proj\c++_proj\openscenegraph-3.3.1\build\src\osgwrappers\serializers\osgmanipulator\osgdb_serializers_osgmanipulator.dir\release\plugins .06c0ee66.tlog\custombuild.write.1.tlog
d:\proj\c++_proj\openscenegraph-3.3.1\build\src\osgwrappers\serializers\osgmanipulator\osgdb_serializers_osgmanipulator.dir\release\plugins .06c0ee66.tlog\link.command.1.tlog
d:\proj\c++_proj\openscenegraph-3.3.1\build\src\osgwrappers\serializers\osgmanipulator\osgdb_serializers_osgmanipulator.dir\release\plugins .06c0ee66.tlog\link.read.1.tlog
d:\proj\c++_proj\openscenegraph-3.3.1\build\src\osgwrappers\serializers\osgmanipulator\osgdb_serializers_osgmanipulator.dir\release\plugins .06c0ee66.tlog\link.secondary.1.tlog
d:\proj\c++_proj\openscenegraph-3.3.1\build\src\osgwrappers\serializers\osgmanipulator\osgdb_serializers_osgmanipulator.dir\release\plugins .06c0ee66.tlog\link.write.1.tlog
d:\proj\c++_proj\openscenegraph-3.3.1\build\src\osgwrappers\serializers\osgmanipulator\osgdb_serializers_osgmanipulator.dir\release\plugins .06c0ee66.tlog\rc.command.1.tlog
d:\proj\c++_proj\openscenegraph-3.3.1\build\src\osgwrappers\serializers\osgmanipulator\osgdb_serializers_osgmanipulator.dir\release\plugins .06c0ee66.tlog\rc.read.1.tlog
d:\proj\c++_proj\openscenegraph-3.3.1\build\src\osgwrappers\serializers\osgmanipulator\osgdb_serializers_osgmanipulator.dir\release\plugins .06c0ee66.tlog\rc.write.1.tlog
