d:\proj\c++_proj\openscenegraph-3.3.1\build\src\osgwrappers\deprecated-dotosg\osgparticle\osgdb_deprecated_osgparticle.dir\release\io_modularemitter.obj
d:\proj\c++_proj\openscenegraph-3.3.1\build\src\osgwrappers\deprecated-dotosg\osgparticle\osgdb_deprecated_osgparticle.dir\release\io_linearinterpolator.obj
d:\proj\c++_proj\openscenegraph-3.3.1\build\src\osgwrappers\deprecated-dotosg\osgparticle\osgdb_deprecated_osgparticle.dir\release\io_forceoperator.obj
d:\proj\c++_proj\openscenegraph-3.3.1\build\src\osgwrappers\deprecated-dotosg\osgparticle\osgdb_deprecated_osgparticle.dir\release\io_fluidprogram.obj
d:\proj\c++_proj\openscenegraph-3.3.1\build\src\osgwrappers\deprecated-dotosg\osgparticle\osgdb_deprecated_osgparticle.dir\release\io_fluidfrictionoperator.obj
d:\proj\c++_proj\openscenegraph-3.3.1\build\src\osgwrappers\deprecated-dotosg\osgparticle\osgdb_deprecated_osgparticle.dir\release\io_fireeffect.obj
d:\proj\c++_proj\openscenegraph-3.3.1\build\src\osgwrappers\deprecated-dotosg\osgparticle\osgdb_deprecated_osgparticle.dir\release\io_explosionoperator.obj
d:\proj\c++_proj\openscenegraph-3.3.1\build\src\osgwrappers\deprecated-dotosg\osgparticle\osgdb_deprecated_osgparticle.dir\release\io_explosioneffect.obj
d:\proj\c++_proj\openscenegraph-3.3.1\build\src\osgwrappers\deprecated-dotosg\osgparticle\osgdb_deprecated_osgparticle.dir\release\io_explosiondebriseffect.obj
d:\proj\c++_proj\openscenegraph-3.3.1\build\src\osgwrappers\deprecated-dotosg\osgparticle\osgdb_deprecated_osgparticle.dir\release\io_emitter.obj
d:\proj\c++_proj\openscenegraph-3.3.1\build\src\osgwrappers\deprecated-dotosg\osgparticle\osgdb_deprecated_osgparticle.dir\release\io_domainoperator.obj
d:\proj\c++_proj\openscenegraph-3.3.1\build\src\osgwrappers\deprecated-dotosg\osgparticle\osgdb_deprecated_osgparticle.dir\release\io_dampingoperator.obj
d:\proj\c++_proj\openscenegraph-3.3.1\build\src\osgwrappers\deprecated-dotosg\osgparticle\osgdb_deprecated_osgparticle.dir\release\io_constantratecounter.obj
d:\proj\c++_proj\openscenegraph-3.3.1\build\src\osgwrappers\deprecated-dotosg\osgparticle\osgdb_deprecated_osgparticle.dir\release\io_connectedparticlesystem.obj
d:\proj\c++_proj\openscenegraph-3.3.1\build\src\osgwrappers\deprecated-dotosg\osgparticle\osgdb_deprecated_osgparticle.dir\release\io_centeredplacer.obj
d:\proj\c++_proj\openscenegraph-3.3.1\build\src\osgwrappers\deprecated-dotosg\osgparticle\osgdb_deprecated_osgparticle.dir\release\io_boxplacer.obj
d:\proj\c++_proj\openscenegraph-3.3.1\build\src\osgwrappers\deprecated-dotosg\osgparticle\osgdb_deprecated_osgparticle.dir\release\io_bounceoperator.obj
d:\proj\c++_proj\openscenegraph-3.3.1\build\src\osgwrappers\deprecated-dotosg\osgparticle\osgdb_deprecated_osgparticle.dir\release\io_angulardampingoperator.obj
d:\proj\c++_proj\openscenegraph-3.3.1\build\src\osgwrappers\deprecated-dotosg\osgparticle\osgdb_deprecated_osgparticle.dir\release\io_angularacceloperator.obj
d:\proj\c++_proj\openscenegraph-3.3.1\build\src\osgwrappers\deprecated-dotosg\osgparticle\osgdb_deprecated_osgparticle.dir\release\io_acceloperator.obj
d:\proj\c++_proj\openscenegraph-3.3.1\build\src\osgwrappers\deprecated-dotosg\osgparticle\osgdb_deprecated_osgparticle.dir\release\librarywrapper.obj
d:\proj\c++_proj\openscenegraph-3.3.1\build\src\osgwrappers\deprecated-dotosg\osgparticle\osgdb_deprecated_osgparticle.dir\release\io_variableratecounter.obj
d:\proj\c++_proj\openscenegraph-3.3.1\build\src\osgwrappers\deprecated-dotosg\osgparticle\osgdb_deprecated_osgparticle.dir\release\io_smoketraileffect.obj
d:\proj\c++_proj\openscenegraph-3.3.1\build\src\osgwrappers\deprecated-dotosg\osgparticle\osgdb_deprecated_osgparticle.dir\release\io_smokeeffect.obj
d:\proj\c++_proj\openscenegraph-3.3.1\build\src\osgwrappers\deprecated-dotosg\osgparticle\osgdb_deprecated_osgparticle.dir\release\io_sinkoperator.obj
d:\proj\c++_proj\openscenegraph-3.3.1\build\src\osgwrappers\deprecated-dotosg\osgparticle\osgdb_deprecated_osgparticle.dir\release\io_segmentplacer.obj
d:\proj\c++_proj\openscenegraph-3.3.1\build\src\osgwrappers\deprecated-dotosg\osgparticle\osgdb_deprecated_osgparticle.dir\release\io_sectorplacer.obj
d:\proj\c++_proj\openscenegraph-3.3.1\build\src\osgwrappers\deprecated-dotosg\osgparticle\osgdb_deprecated_osgparticle.dir\release\io_randomratecounter.obj
d:\proj\c++_proj\openscenegraph-3.3.1\build\src\osgwrappers\deprecated-dotosg\osgparticle\osgdb_deprecated_osgparticle.dir\release\io_radialshooter.obj
d:\proj\c++_proj\openscenegraph-3.3.1\build\src\osgwrappers\deprecated-dotosg\osgparticle\osgdb_deprecated_osgparticle.dir\release\io_program.obj
d:\proj\c++_proj\openscenegraph-3.3.1\build\src\osgwrappers\deprecated-dotosg\osgparticle\osgdb_deprecated_osgparticle.dir\release\io_pointplacer.obj
d:\proj\c++_proj\openscenegraph-3.3.1\build\src\osgwrappers\deprecated-dotosg\osgparticle\osgdb_deprecated_osgparticle.dir\release\io_particlesystemupdater.obj
d:\proj\c++_proj\openscenegraph-3.3.1\build\src\osgwrappers\deprecated-dotosg\osgparticle\osgdb_deprecated_osgparticle.dir\release\io_particlesystem.obj
d:\proj\c++_proj\openscenegraph-3.3.1\build\src\osgwrappers\deprecated-dotosg\osgparticle\osgdb_deprecated_osgparticle.dir\release\io_particleprocessor.obj
d:\proj\c++_proj\openscenegraph-3.3.1\build\src\osgwrappers\deprecated-dotosg\osgparticle\osgdb_deprecated_osgparticle.dir\release\io_particleeffect.obj
d:\proj\c++_proj\openscenegraph-3.3.1\build\src\osgwrappers\deprecated-dotosg\osgparticle\osgdb_deprecated_osgparticle.dir\release\io_particle.obj
d:\proj\c++_proj\openscenegraph-3.3.1\build\src\osgwrappers\deprecated-dotosg\osgparticle\osgdb_deprecated_osgparticle.dir\release\io_orbitoperator.obj
d:\proj\c++_proj\openscenegraph-3.3.1\build\src\osgwrappers\deprecated-dotosg\osgparticle\osgdb_deprecated_osgparticle.dir\release\io_multisegmentplacer.obj
d:\proj\c++_proj\openscenegraph-3.3.1\build\src\osgwrappers\deprecated-dotosg\osgparticle\osgdb_deprecated_osgparticle.dir\release\io_modularprogram.obj
d:\proj\c++_proj\openscenegraph-3.3.1\build\src\osgwrappers\deprecated-dotosg\osgparticle\cmakefiles\generate.stamp
d:\proj\c++_proj\openscenegraph-3.3.1\build\bin\osgplugins-3.3.1\osgdb_deprecated_osgparticle.dll
d:\proj\c++_proj\openscenegraph-3.3.1\build\src\osgwrappers\deprecated-dotosg\osgparticle\osgdb_deprecated_osgparticle.dir\release\openscenegraphversioninfo.res
d:\proj\c++_proj\openscenegraph-3.3.1\build\src\osgwrappers\deprecated-dotosg\osgparticle\osgdb_deprecated_osgparticle.dir\release\plugins .cd547066.tlog\cl.command.1.tlog
d:\proj\c++_proj\openscenegraph-3.3.1\build\src\osgwrappers\deprecated-dotosg\osgparticle\osgdb_deprecated_osgparticle.dir\release\plugins .cd547066.tlog\cl.items.tlog
d:\proj\c++_proj\openscenegraph-3.3.1\build\src\osgwrappers\deprecated-dotosg\osgparticle\osgdb_deprecated_osgparticle.dir\release\plugins .cd547066.tlog\cl.read.1.tlog
d:\proj\c++_proj\openscenegraph-3.3.1\build\src\osgwrappers\deprecated-dotosg\osgparticle\osgdb_deprecated_osgparticle.dir\release\plugins .cd547066.tlog\cl.write.1.tlog
d:\proj\c++_proj\openscenegraph-3.3.1\build\src\osgwrappers\deprecated-dotosg\osgparticle\osgdb_deprecated_osgparticle.dir\release\plugins .cd547066.tlog\custombuild.command.1.tlog
d:\proj\c++_proj\openscenegraph-3.3.1\build\src\osgwrappers\deprecated-dotosg\osgparticle\osgdb_deprecated_osgparticle.dir\release\plugins .cd547066.tlog\custombuild.read.1.tlog
d:\proj\c++_proj\openscenegraph-3.3.1\build\src\osgwrappers\deprecated-dotosg\osgparticle\osgdb_deprecated_osgparticle.dir\release\plugins .cd547066.tlog\custombuild.write.1.tlog
d:\proj\c++_proj\openscenegraph-3.3.1\build\src\osgwrappers\deprecated-dotosg\osgparticle\osgdb_deprecated_osgparticle.dir\release\plugins .cd547066.tlog\link.command.1.tlog
d:\proj\c++_proj\openscenegraph-3.3.1\build\src\osgwrappers\deprecated-dotosg\osgparticle\osgdb_deprecated_osgparticle.dir\release\plugins .cd547066.tlog\link.read.1.tlog
d:\proj\c++_proj\openscenegraph-3.3.1\build\src\osgwrappers\deprecated-dotosg\osgparticle\osgdb_deprecated_osgparticle.dir\release\plugins .cd547066.tlog\link.secondary.1.tlog
d:\proj\c++_proj\openscenegraph-3.3.1\build\src\osgwrappers\deprecated-dotosg\osgparticle\osgdb_deprecated_osgparticle.dir\release\plugins .cd547066.tlog\link.write.1.tlog
d:\proj\c++_proj\openscenegraph-3.3.1\build\src\osgwrappers\deprecated-dotosg\osgparticle\osgdb_deprecated_osgparticle.dir\release\plugins .cd547066.tlog\rc.command.1.tlog
d:\proj\c++_proj\openscenegraph-3.3.1\build\src\osgwrappers\deprecated-dotosg\osgparticle\osgdb_deprecated_osgparticle.dir\release\plugins .cd547066.tlog\rc.read.1.tlog
d:\proj\c++_proj\openscenegraph-3.3.1\build\src\osgwrappers\deprecated-dotosg\osgparticle\osgdb_deprecated_osgparticle.dir\release\plugins .cd547066.tlog\rc.write.1.tlog
