d:\proj\c++_proj\openscenegraph-3.3.1\build\src\osgplugins\dxf\osgdb_dxf.dir\release\scene.obj
d:\proj\c++_proj\openscenegraph-3.3.1\build\src\osgplugins\dxf\osgdb_dxf.dir\release\dxftable.obj
d:\proj\c++_proj\openscenegraph-3.3.1\build\src\osgplugins\dxf\osgdb_dxf.dir\release\dxfsection.obj
d:\proj\c++_proj\openscenegraph-3.3.1\build\src\osgplugins\dxf\osgdb_dxf.dir\release\dxfreader.obj
d:\proj\c++_proj\openscenegraph-3.3.1\build\src\osgplugins\dxf\osgdb_dxf.dir\release\dxffile.obj
d:\proj\c++_proj\openscenegraph-3.3.1\build\src\osgplugins\dxf\osgdb_dxf.dir\release\dxfentity.obj
d:\proj\c++_proj\openscenegraph-3.3.1\build\src\osgplugins\dxf\osgdb_dxf.dir\release\dxfblock.obj
d:\proj\c++_proj\openscenegraph-3.3.1\build\src\osgplugins\dxf\osgdb_dxf.dir\release\aci.obj
d:\proj\c++_proj\openscenegraph-3.3.1\build\src\osgplugins\dxf\osgdb_dxf.dir\release\dxfwriternodevisitor.obj
d:\proj\c++_proj\openscenegraph-3.3.1\build\src\osgplugins\dxf\osgdb_dxf.dir\release\readerwriterdxf.obj
d:\proj\c++_proj\openscenegraph-3.3.1\build\src\osgplugins\dxf\cmakefiles\generate.stamp
d:\proj\c++_proj\openscenegraph-3.3.1\build\bin\osgplugins-3.3.1\osgdb_dxf.dll
d:\proj\c++_proj\openscenegraph-3.3.1\build\src\osgplugins\dxf\osgdb_dxf.dir\release\openscenegraphversioninfo.res
d:\proj\c++_proj\openscenegraph-3.3.1\build\src\osgplugins\dxf\osgdb_dxf.dir\release\plugins dxf.tlog\cl.command.1.tlog
d:\proj\c++_proj\openscenegraph-3.3.1\build\src\osgplugins\dxf\osgdb_dxf.dir\release\plugins dxf.tlog\cl.items.tlog
d:\proj\c++_proj\openscenegraph-3.3.1\build\src\osgplugins\dxf\osgdb_dxf.dir\release\plugins dxf.tlog\cl.read.1.tlog
d:\proj\c++_proj\openscenegraph-3.3.1\build\src\osgplugins\dxf\osgdb_dxf.dir\release\plugins dxf.tlog\cl.write.1.tlog
d:\proj\c++_proj\openscenegraph-3.3.1\build\src\osgplugins\dxf\osgdb_dxf.dir\release\plugins dxf.tlog\custombuild.command.1.tlog
d:\proj\c++_proj\openscenegraph-3.3.1\build\src\osgplugins\dxf\osgdb_dxf.dir\release\plugins dxf.tlog\custombuild.read.1.tlog
d:\proj\c++_proj\openscenegraph-3.3.1\build\src\osgplugins\dxf\osgdb_dxf.dir\release\plugins dxf.tlog\custombuild.write.1.tlog
d:\proj\c++_proj\openscenegraph-3.3.1\build\src\osgplugins\dxf\osgdb_dxf.dir\release\plugins dxf.tlog\link.command.1.tlog
d:\proj\c++_proj\openscenegraph-3.3.1\build\src\osgplugins\dxf\osgdb_dxf.dir\release\plugins dxf.tlog\link.read.1.tlog
d:\proj\c++_proj\openscenegraph-3.3.1\build\src\osgplugins\dxf\osgdb_dxf.dir\release\plugins dxf.tlog\link.secondary.1.tlog
d:\proj\c++_proj\openscenegraph-3.3.1\build\src\osgplugins\dxf\osgdb_dxf.dir\release\plugins dxf.tlog\link.write.1.tlog
d:\proj\c++_proj\openscenegraph-3.3.1\build\src\osgplugins\dxf\osgdb_dxf.dir\release\plugins dxf.tlog\rc.command.1.tlog
d:\proj\c++_proj\openscenegraph-3.3.1\build\src\osgplugins\dxf\osgdb_dxf.dir\release\plugins dxf.tlog\rc.read.1.tlog
d:\proj\c++_proj\openscenegraph-3.3.1\build\src\osgplugins\dxf\osgdb_dxf.dir\release\plugins dxf.tlog\rc.write.1.tlog
