d:\proj\c++_proj\openscenegraph-3.3.1\build\src\osganimation\osganimation.dir\release\stackedmatrixelement.obj
d:\proj\c++_proj\openscenegraph-3.3.1\build\src\osganimation\osganimation.dir\release\skeleton.obj
d:\proj\c++_proj\openscenegraph-3.3.1\build\src\osganimation\osganimation.dir\release\rigtransformsoftware.obj
d:\proj\c++_proj\openscenegraph-3.3.1\build\src\osganimation\osganimation.dir\release\rigtransformhardware.obj
d:\proj\c++_proj\openscenegraph-3.3.1\build\src\osganimation\osganimation.dir\release\riggeometry.obj
d:\proj\c++_proj\openscenegraph-3.3.1\build\src\osganimation\osganimation.dir\release\morphgeometry.obj
d:\proj\c++_proj\openscenegraph-3.3.1\build\src\osganimation\osganimation.dir\release\linkvisitor.obj
d:\proj\c++_proj\openscenegraph-3.3.1\build\src\osganimation\osganimation.dir\release\channel.obj
d:\proj\c++_proj\openscenegraph-3.3.1\build\src\osganimation\osganimation.dir\release\bonemapvisitor.obj
d:\proj\c++_proj\openscenegraph-3.3.1\build\src\osganimation\osganimation.dir\release\bone.obj
d:\proj\c++_proj\openscenegraph-3.3.1\build\src\osganimation\osganimation.dir\release\basicanimationmanager.obj
d:\proj\c++_proj\openscenegraph-3.3.1\build\src\osganimation\osganimation.dir\release\animationmanagerbase.obj
d:\proj\c++_proj\openscenegraph-3.3.1\build\src\osganimation\osganimation.dir\release\animation.obj
d:\proj\c++_proj\openscenegraph-3.3.1\build\src\osganimation\osganimation.dir\release\actionvisitor.obj
d:\proj\c++_proj\openscenegraph-3.3.1\build\src\osganimation\osganimation.dir\release\actionstripanimation.obj
d:\proj\c++_proj\openscenegraph-3.3.1\build\src\osganimation\osganimation.dir\release\actioncallback.obj
d:\proj\c++_proj\openscenegraph-3.3.1\build\src\osganimation\osganimation.dir\release\actionblendout.obj
d:\proj\c++_proj\openscenegraph-3.3.1\build\src\osganimation\osganimation.dir\release\actionblendin.obj
d:\proj\c++_proj\openscenegraph-3.3.1\build\src\osganimation\osganimation.dir\release\actionanimation.obj
d:\proj\c++_proj\openscenegraph-3.3.1\build\src\osganimation\osganimation.dir\release\action.obj
d:\proj\c++_proj\openscenegraph-3.3.1\build\src\osganimation\osganimation.dir\release\vertexinfluence.obj
d:\proj\c++_proj\openscenegraph-3.3.1\build\src\osganimation\osganimation.dir\release\updatematrixtransform.obj
d:\proj\c++_proj\openscenegraph-3.3.1\build\src\osganimation\osganimation.dir\release\updatematerial.obj
d:\proj\c++_proj\openscenegraph-3.3.1\build\src\osganimation\osganimation.dir\release\updatebone.obj
d:\proj\c++_proj\openscenegraph-3.3.1\build\src\osganimation\osganimation.dir\release\timeline.obj
d:\proj\c++_proj\openscenegraph-3.3.1\build\src\osganimation\osganimation.dir\release\timelineanimationmanager.obj
d:\proj\c++_proj\openscenegraph-3.3.1\build\src\osganimation\osganimation.dir\release\target.obj
d:\proj\c++_proj\openscenegraph-3.3.1\build\src\osganimation\osganimation.dir\release\statshandler.obj
d:\proj\c++_proj\openscenegraph-3.3.1\build\src\osganimation\osganimation.dir\release\statsvisitor.obj
d:\proj\c++_proj\openscenegraph-3.3.1\build\src\osganimation\osganimation.dir\release\stackedtranslateelement.obj
d:\proj\c++_proj\openscenegraph-3.3.1\build\src\osganimation\osganimation.dir\release\stackedtransform.obj
d:\proj\c++_proj\openscenegraph-3.3.1\build\src\osganimation\osganimation.dir\release\stackedscaleelement.obj
d:\proj\c++_proj\openscenegraph-3.3.1\build\src\osganimation\osganimation.dir\release\stackedrotateaxiselement.obj
d:\proj\c++_proj\openscenegraph-3.3.1\build\src\osganimation\osganimation.dir\release\stackedquaternionelement.obj
d:\proj\c++_proj\openscenegraph-3.3.1\build\src\osganimation\cmakefiles\generate.stamp
d:\proj\c++_proj\openscenegraph-3.3.1\build\bin\osg111-osganimation.dll
d:\proj\c++_proj\openscenegraph-3.3.1\build\src\osganimation\osganimation.dir\release\openscenegraphversioninfo.res
d:\proj\c++_proj\openscenegraph-3.3.1\build\lib\osganimation.lib
d:\proj\c++_proj\openscenegraph-3.3.1\build\lib\osganimation.exp
d:\proj\c++_proj\openscenegraph-3.3.1\build\src\osganimation\osganimation.dir\release\osganimation.tlog\cl.command.1.tlog
d:\proj\c++_proj\openscenegraph-3.3.1\build\src\osganimation\osganimation.dir\release\osganimation.tlog\cl.items.tlog
d:\proj\c++_proj\openscenegraph-3.3.1\build\src\osganimation\osganimation.dir\release\osganimation.tlog\cl.read.1.tlog
d:\proj\c++_proj\openscenegraph-3.3.1\build\src\osganimation\osganimation.dir\release\osganimation.tlog\cl.write.1.tlog
d:\proj\c++_proj\openscenegraph-3.3.1\build\src\osganimation\osganimation.dir\release\osganimation.tlog\custombuild.command.1.tlog
d:\proj\c++_proj\openscenegraph-3.3.1\build\src\osganimation\osganimation.dir\release\osganimation.tlog\custombuild.read.1.tlog
d:\proj\c++_proj\openscenegraph-3.3.1\build\src\osganimation\osganimation.dir\release\osganimation.tlog\custombuild.write.1.tlog
d:\proj\c++_proj\openscenegraph-3.3.1\build\src\osganimation\osganimation.dir\release\osganimation.tlog\link.command.1.tlog
d:\proj\c++_proj\openscenegraph-3.3.1\build\src\osganimation\osganimation.dir\release\osganimation.tlog\link.read.1.tlog
d:\proj\c++_proj\openscenegraph-3.3.1\build\src\osganimation\osganimation.dir\release\osganimation.tlog\link.secondary.1.tlog
d:\proj\c++_proj\openscenegraph-3.3.1\build\src\osganimation\osganimation.dir\release\osganimation.tlog\link.write.1.tlog
d:\proj\c++_proj\openscenegraph-3.3.1\build\src\osganimation\osganimation.dir\release\osganimation.tlog\rc.command.1.tlog
d:\proj\c++_proj\openscenegraph-3.3.1\build\src\osganimation\osganimation.dir\release\osganimation.tlog\rc.read.1.tlog
d:\proj\c++_proj\openscenegraph-3.3.1\build\src\osganimation\osganimation.dir\release\osganimation.tlog\rc.write.1.tlog
