d:\proj\c++_proj\openscenegraph-3.3.1\build\src\osgplugins\dot\osgdb_dot.dir\release\readerwriterdot.obj
d:\proj\c++_proj\openscenegraph-3.3.1\build\src\osgplugins\dot\osgdb_dot.dir\release\basedotvisitor.obj
d:\proj\c++_proj\openscenegraph-3.3.1\build\src\osgplugins\dot\osgdb_dot.dir\release\simpledotvisitor.obj
d:\proj\c++_proj\openscenegraph-3.3.1\build\src\osgplugins\dot\cmakefiles\generate.stamp
d:\proj\c++_proj\openscenegraph-3.3.1\build\bin\osgplugins-3.3.1\osgdb_dot.dll
d:\proj\c++_proj\openscenegraph-3.3.1\build\src\osgplugins\dot\osgdb_dot.dir\release\openscenegraphversioninfo.res
d:\proj\c++_proj\openscenegraph-3.3.1\build\src\osgplugins\dot\osgdb_dot.dir\release\plugins dot.tlog\cl.command.1.tlog
d:\proj\c++_proj\openscenegraph-3.3.1\build\src\osgplugins\dot\osgdb_dot.dir\release\plugins dot.tlog\cl.items.tlog
d:\proj\c++_proj\openscenegraph-3.3.1\build\src\osgplugins\dot\osgdb_dot.dir\release\plugins dot.tlog\cl.read.1.tlog
d:\proj\c++_proj\openscenegraph-3.3.1\build\src\osgplugins\dot\osgdb_dot.dir\release\plugins dot.tlog\cl.write.1.tlog
d:\proj\c++_proj\openscenegraph-3.3.1\build\src\osgplugins\dot\osgdb_dot.dir\release\plugins dot.tlog\custombuild.command.1.tlog
d:\proj\c++_proj\openscenegraph-3.3.1\build\src\osgplugins\dot\osgdb_dot.dir\release\plugins dot.tlog\custombuild.read.1.tlog
d:\proj\c++_proj\openscenegraph-3.3.1\build\src\osgplugins\dot\osgdb_dot.dir\release\plugins dot.tlog\custombuild.write.1.tlog
d:\proj\c++_proj\openscenegraph-3.3.1\build\src\osgplugins\dot\osgdb_dot.dir\release\plugins dot.tlog\link.command.1.tlog
d:\proj\c++_proj\openscenegraph-3.3.1\build\src\osgplugins\dot\osgdb_dot.dir\release\plugins dot.tlog\link.read.1.tlog
d:\proj\c++_proj\openscenegraph-3.3.1\build\src\osgplugins\dot\osgdb_dot.dir\release\plugins dot.tlog\link.secondary.1.tlog
d:\proj\c++_proj\openscenegraph-3.3.1\build\src\osgplugins\dot\osgdb_dot.dir\release\plugins dot.tlog\link.write.1.tlog
d:\proj\c++_proj\openscenegraph-3.3.1\build\src\osgplugins\dot\osgdb_dot.dir\release\plugins dot.tlog\rc.command.1.tlog
d:\proj\c++_proj\openscenegraph-3.3.1\build\src\osgplugins\dot\osgdb_dot.dir\release\plugins dot.tlog\rc.read.1.tlog
d:\proj\c++_proj\openscenegraph-3.3.1\build\src\osgplugins\dot\osgdb_dot.dir\release\plugins dot.tlog\rc.write.1.tlog
