d:\proj\c++_proj\openscenegraph-3.3.1\build\src\osgwrappers\deprecated-dotosg\osgtext\osgdb_deprecated_osgtext.dir\release\librarywrapper.obj
d:\proj\c++_proj\openscenegraph-3.3.1\build\src\osgwrappers\deprecated-dotosg\osgtext\osgdb_deprecated_osgtext.dir\release\io_textbase.obj
d:\proj\c++_proj\openscenegraph-3.3.1\build\src\osgwrappers\deprecated-dotosg\osgtext\osgdb_deprecated_osgtext.dir\release\io_text3d.obj
d:\proj\c++_proj\openscenegraph-3.3.1\build\src\osgwrappers\deprecated-dotosg\osgtext\osgdb_deprecated_osgtext.dir\release\io_text.obj
d:\proj\c++_proj\openscenegraph-3.3.1\build\src\osgwrappers\deprecated-dotosg\osgtext\cmakefiles\generate.stamp
d:\proj\c++_proj\openscenegraph-3.3.1\build\bin\osgplugins-3.3.1\osgdb_deprecated_osgtext.dll
d:\proj\c++_proj\openscenegraph-3.3.1\build\src\osgwrappers\deprecated-dotosg\osgtext\osgdb_deprecated_osgtext.dir\release\openscenegraphversioninfo.res
d:\proj\c++_proj\openscenegraph-3.3.1\build\src\osgwrappers\deprecated-dotosg\osgtext\osgdb_deprecated_osgtext.dir\release\plugins .fc01f814.tlog\cl.command.1.tlog
d:\proj\c++_proj\openscenegraph-3.3.1\build\src\osgwrappers\deprecated-dotosg\osgtext\osgdb_deprecated_osgtext.dir\release\plugins .fc01f814.tlog\cl.items.tlog
d:\proj\c++_proj\openscenegraph-3.3.1\build\src\osgwrappers\deprecated-dotosg\osgtext\osgdb_deprecated_osgtext.dir\release\plugins .fc01f814.tlog\cl.read.1.tlog
d:\proj\c++_proj\openscenegraph-3.3.1\build\src\osgwrappers\deprecated-dotosg\osgtext\osgdb_deprecated_osgtext.dir\release\plugins .fc01f814.tlog\cl.write.1.tlog
d:\proj\c++_proj\openscenegraph-3.3.1\build\src\osgwrappers\deprecated-dotosg\osgtext\osgdb_deprecated_osgtext.dir\release\plugins .fc01f814.tlog\custombuild.command.1.tlog
d:\proj\c++_proj\openscenegraph-3.3.1\build\src\osgwrappers\deprecated-dotosg\osgtext\osgdb_deprecated_osgtext.dir\release\plugins .fc01f814.tlog\custombuild.read.1.tlog
d:\proj\c++_proj\openscenegraph-3.3.1\build\src\osgwrappers\deprecated-dotosg\osgtext\osgdb_deprecated_osgtext.dir\release\plugins .fc01f814.tlog\custombuild.write.1.tlog
d:\proj\c++_proj\openscenegraph-3.3.1\build\src\osgwrappers\deprecated-dotosg\osgtext\osgdb_deprecated_osgtext.dir\release\plugins .fc01f814.tlog\link.command.1.tlog
d:\proj\c++_proj\openscenegraph-3.3.1\build\src\osgwrappers\deprecated-dotosg\osgtext\osgdb_deprecated_osgtext.dir\release\plugins .fc01f814.tlog\link.read.1.tlog
d:\proj\c++_proj\openscenegraph-3.3.1\build\src\osgwrappers\deprecated-dotosg\osgtext\osgdb_deprecated_osgtext.dir\release\plugins .fc01f814.tlog\link.secondary.1.tlog
d:\proj\c++_proj\openscenegraph-3.3.1\build\src\osgwrappers\deprecated-dotosg\osgtext\osgdb_deprecated_osgtext.dir\release\plugins .fc01f814.tlog\link.write.1.tlog
d:\proj\c++_proj\openscenegraph-3.3.1\build\src\osgwrappers\deprecated-dotosg\osgtext\osgdb_deprecated_osgtext.dir\release\plugins .fc01f814.tlog\rc.command.1.tlog
d:\proj\c++_proj\openscenegraph-3.3.1\build\src\osgwrappers\deprecated-dotosg\osgtext\osgdb_deprecated_osgtext.dir\release\plugins .fc01f814.tlog\rc.read.1.tlog
d:\proj\c++_proj\openscenegraph-3.3.1\build\src\osgwrappers\deprecated-dotosg\osgtext\osgdb_deprecated_osgtext.dir\release\plugins .fc01f814.tlog\rc.write.1.tlog
