d:\proj\c++_proj\openscenegraph-3.3.1\build\src\osgplugins\hdr\osgdb_hdr.dir\release\hdrwriter.obj
d:\proj\c++_proj\openscenegraph-3.3.1\build\src\osgplugins\hdr\osgdb_hdr.dir\release\hdrloader.obj
d:\proj\c++_proj\openscenegraph-3.3.1\build\src\osgplugins\hdr\osgdb_hdr.dir\release\readerwriterhdr.obj
d:\proj\c++_proj\openscenegraph-3.3.1\build\src\osgplugins\hdr\cmakefiles\generate.stamp
d:\proj\c++_proj\openscenegraph-3.3.1\build\bin\osgplugins-3.3.1\osgdb_hdr.dll
d:\proj\c++_proj\openscenegraph-3.3.1\build\src\osgplugins\hdr\osgdb_hdr.dir\release\openscenegraphversioninfo.res
d:\proj\c++_proj\openscenegraph-3.3.1\build\src\osgplugins\hdr\osgdb_hdr.dir\release\plugins hdr.tlog\cl.command.1.tlog
d:\proj\c++_proj\openscenegraph-3.3.1\build\src\osgplugins\hdr\osgdb_hdr.dir\release\plugins hdr.tlog\cl.items.tlog
d:\proj\c++_proj\openscenegraph-3.3.1\build\src\osgplugins\hdr\osgdb_hdr.dir\release\plugins hdr.tlog\cl.read.1.tlog
d:\proj\c++_proj\openscenegraph-3.3.1\build\src\osgplugins\hdr\osgdb_hdr.dir\release\plugins hdr.tlog\cl.write.1.tlog
d:\proj\c++_proj\openscenegraph-3.3.1\build\src\osgplugins\hdr\osgdb_hdr.dir\release\plugins hdr.tlog\custombuild.command.1.tlog
d:\proj\c++_proj\openscenegraph-3.3.1\build\src\osgplugins\hdr\osgdb_hdr.dir\release\plugins hdr.tlog\custombuild.read.1.tlog
d:\proj\c++_proj\openscenegraph-3.3.1\build\src\osgplugins\hdr\osgdb_hdr.dir\release\plugins hdr.tlog\custombuild.write.1.tlog
d:\proj\c++_proj\openscenegraph-3.3.1\build\src\osgplugins\hdr\osgdb_hdr.dir\release\plugins hdr.tlog\link.command.1.tlog
d:\proj\c++_proj\openscenegraph-3.3.1\build\src\osgplugins\hdr\osgdb_hdr.dir\release\plugins hdr.tlog\link.read.1.tlog
d:\proj\c++_proj\openscenegraph-3.3.1\build\src\osgplugins\hdr\osgdb_hdr.dir\release\plugins hdr.tlog\link.secondary.1.tlog
d:\proj\c++_proj\openscenegraph-3.3.1\build\src\osgplugins\hdr\osgdb_hdr.dir\release\plugins hdr.tlog\link.write.1.tlog
d:\proj\c++_proj\openscenegraph-3.3.1\build\src\osgplugins\hdr\osgdb_hdr.dir\release\plugins hdr.tlog\rc.command.1.tlog
d:\proj\c++_proj\openscenegraph-3.3.1\build\src\osgplugins\hdr\osgdb_hdr.dir\release\plugins hdr.tlog\rc.read.1.tlog
d:\proj\c++_proj\openscenegraph-3.3.1\build\src\osgplugins\hdr\osgdb_hdr.dir\release\plugins hdr.tlog\rc.write.1.tlog
