d:\proj\c++_proj\openscenegraph-3.3.1\build\src\osgdb\osgdb.dir\release\fstream.obj
d:\proj\c++_proj\openscenegraph-3.3.1\build\src\osgdb\osgdb.dir\release\fileutils.obj
d:\proj\c++_proj\openscenegraph-3.3.1\build\src\osgdb\osgdb.dir\release\filenameutils.obj
d:\proj\c++_proj\openscenegraph-3.3.1\build\src\osgdb\osgdb.dir\release\filecache.obj
d:\proj\c++_proj\openscenegraph-3.3.1\build\src\osgdb\osgdb.dir\release\fieldreaderiterator.obj
d:\proj\c++_proj\openscenegraph-3.3.1\build\src\osgdb\osgdb.dir\release\fieldreader.obj
d:\proj\c++_proj\openscenegraph-3.3.1\build\src\osgdb\osgdb.dir\release\field.obj
d:\proj\c++_proj\openscenegraph-3.3.1\build\src\osgdb\osgdb.dir\release\externalfilewriter.obj
d:\proj\c++_proj\openscenegraph-3.3.1\build\src\osgdb\osgdb.dir\release\dynamiclibrary.obj
d:\proj\c++_proj\openscenegraph-3.3.1\build\src\osgdb\osgdb.dir\release\dotosgwrapper.obj
d:\proj\c++_proj\openscenegraph-3.3.1\build\src\osgdb\osgdb.dir\release\databaserevisions.obj
d:\proj\c++_proj\openscenegraph-3.3.1\build\src\osgdb\osgdb.dir\release\databasepager.obj
d:\proj\c++_proj\openscenegraph-3.3.1\build\src\osgdb\osgdb.dir\release\convertutf.obj
d:\proj\c++_proj\openscenegraph-3.3.1\build\src\osgdb\osgdb.dir\release\callbacks.obj
d:\proj\c++_proj\openscenegraph-3.3.1\build\src\osgdb\osgdb.dir\release\authenticationmap.obj
d:\proj\c++_proj\openscenegraph-3.3.1\build\src\osgdb\osgdb.dir\release\archive.obj
d:\proj\c++_proj\openscenegraph-3.3.1\build\src\osgdb\osgdb.dir\release\compressors.obj
d:\proj\c++_proj\openscenegraph-3.3.1\build\src\osgdb\osgdb.dir\release\outputstream.obj
d:\proj\c++_proj\openscenegraph-3.3.1\build\src\osgdb\osgdb.dir\release\inputstream.obj
d:\proj\c++_proj\openscenegraph-3.3.1\build\src\osgdb\osgdb.dir\release\objectwrapper.obj
d:\proj\c++_proj\openscenegraph-3.3.1\build\src\osgdb\osgdb.dir\release\xmlparser.obj
d:\proj\c++_proj\openscenegraph-3.3.1\build\src\osgdb\osgdb.dir\release\writefile.obj
d:\proj\c++_proj\openscenegraph-3.3.1\build\src\osgdb\osgdb.dir\release\version.obj
d:\proj\c++_proj\openscenegraph-3.3.1\build\src\osgdb\osgdb.dir\release\streamoperator.obj
d:\proj\c++_proj\openscenegraph-3.3.1\build\src\osgdb\osgdb.dir\release\sharedstatemanager.obj
d:\proj\c++_proj\openscenegraph-3.3.1\build\src\osgdb\osgdb.dir\release\registry.obj
d:\proj\c++_proj\openscenegraph-3.3.1\build\src\osgdb\osgdb.dir\release\readfile.obj
d:\proj\c++_proj\openscenegraph-3.3.1\build\src\osgdb\osgdb.dir\release\readerwriter.obj
d:\proj\c++_proj\openscenegraph-3.3.1\build\src\osgdb\osgdb.dir\release\propertyinterface.obj
d:\proj\c++_proj\openscenegraph-3.3.1\build\src\osgdb\osgdb.dir\release\pluginquery.obj
d:\proj\c++_proj\openscenegraph-3.3.1\build\src\osgdb\osgdb.dir\release\options.obj
d:\proj\c++_proj\openscenegraph-3.3.1\build\src\osgdb\osgdb.dir\release\output.obj
d:\proj\c++_proj\openscenegraph-3.3.1\build\src\osgdb\osgdb.dir\release\mimetypes.obj
d:\proj\c++_proj\openscenegraph-3.3.1\build\src\osgdb\osgdb.dir\release\input.obj
d:\proj\c++_proj\openscenegraph-3.3.1\build\src\osgdb\osgdb.dir\release\imagepager.obj
d:\proj\c++_proj\openscenegraph-3.3.1\build\src\osgdb\osgdb.dir\release\imageoptions.obj
d:\proj\c++_proj\openscenegraph-3.3.1\build\src\osgdb\cmakefiles\generate.stamp
d:\proj\c++_proj\openscenegraph-3.3.1\build\bin\osg111-osgdb.dll
d:\proj\c++_proj\openscenegraph-3.3.1\build\bin\zlib1.dll
d:\proj\c++_proj\openscenegraph-3.3.1\build\src\osgdb\osgdb.dir\release\openscenegraphversioninfo.res
d:\proj\c++_proj\openscenegraph-3.3.1\build\lib\osgdb.lib
d:\proj\c++_proj\openscenegraph-3.3.1\build\lib\osgdb.exp
d:\proj\c++_proj\openscenegraph-3.3.1\build\src\osgdb\osgdb.dir\release\osgdb.tlog\cl.command.1.tlog
d:\proj\c++_proj\openscenegraph-3.3.1\build\src\osgdb\osgdb.dir\release\osgdb.tlog\cl.items.tlog
d:\proj\c++_proj\openscenegraph-3.3.1\build\src\osgdb\osgdb.dir\release\osgdb.tlog\cl.read.1.tlog
d:\proj\c++_proj\openscenegraph-3.3.1\build\src\osgdb\osgdb.dir\release\osgdb.tlog\cl.write.1.tlog
d:\proj\c++_proj\openscenegraph-3.3.1\build\src\osgdb\osgdb.dir\release\osgdb.tlog\custombuild.command.1.tlog
d:\proj\c++_proj\openscenegraph-3.3.1\build\src\osgdb\osgdb.dir\release\osgdb.tlog\custombuild.read.1.tlog
d:\proj\c++_proj\openscenegraph-3.3.1\build\src\osgdb\osgdb.dir\release\osgdb.tlog\custombuild.write.1.tlog
d:\proj\c++_proj\openscenegraph-3.3.1\build\src\osgdb\osgdb.dir\release\osgdb.tlog\link.command.1.tlog
d:\proj\c++_proj\openscenegraph-3.3.1\build\src\osgdb\osgdb.dir\release\osgdb.tlog\link.read.1.tlog
d:\proj\c++_proj\openscenegraph-3.3.1\build\src\osgdb\osgdb.dir\release\osgdb.tlog\link.secondary.1.tlog
d:\proj\c++_proj\openscenegraph-3.3.1\build\src\osgdb\osgdb.dir\release\osgdb.tlog\link.write.1.tlog
d:\proj\c++_proj\openscenegraph-3.3.1\build\src\osgdb\osgdb.dir\release\osgdb.tlog\osgdb.write.1u.tlog
d:\proj\c++_proj\openscenegraph-3.3.1\build\src\osgdb\osgdb.dir\release\osgdb.tlog\rc.command.1.tlog
d:\proj\c++_proj\openscenegraph-3.3.1\build\src\osgdb\osgdb.dir\release\osgdb.tlog\rc.read.1.tlog
d:\proj\c++_proj\openscenegraph-3.3.1\build\src\osgdb\osgdb.dir\release\osgdb.tlog\rc.write.1.tlog
