d:\proj\c++_proj\openscenegraph-3.3.1\build\src\osgviewer\osgviewer.dir\release\graphicswindowwin32.obj
d:\proj\c++_proj\openscenegraph-3.3.1\build\src\osgviewer\osgviewer.dir\release\viewereventhandlers.obj
d:\proj\c++_proj\openscenegraph-3.3.1\build\src\osgviewer\osgviewer.dir\release\viewerbase.obj
d:\proj\c++_proj\openscenegraph-3.3.1\build\src\osgviewer\osgviewer.dir\release\viewer.obj
d:\proj\c++_proj\openscenegraph-3.3.1\build\src\osgviewer\osgviewer.dir\release\view.obj
d:\proj\c++_proj\openscenegraph-3.3.1\build\src\osgviewer\osgviewer.dir\release\version.obj
d:\proj\c++_proj\openscenegraph-3.3.1\build\src\osgviewer\osgviewer.dir\release\statshandler.obj
d:\proj\c++_proj\openscenegraph-3.3.1\build\src\osgviewer\osgviewer.dir\release\screencapturehandler.obj
d:\proj\c++_proj\openscenegraph-3.3.1\build\src\osgviewer\osgviewer.dir\release\scene.obj
d:\proj\c++_proj\openscenegraph-3.3.1\build\src\osgviewer\osgviewer.dir\release\renderer.obj
d:\proj\c++_proj\openscenegraph-3.3.1\build\src\osgviewer\osgviewer.dir\release\keystone.obj
d:\proj\c++_proj\openscenegraph-3.3.1\build\src\osgviewer\osgviewer.dir\release\helphandler.obj
d:\proj\c++_proj\openscenegraph-3.3.1\build\src\osgviewer\osgviewer.dir\release\graphicswindow.obj
d:\proj\c++_proj\openscenegraph-3.3.1\build\src\osgviewer\osgviewer.dir\release\compositeviewer.obj
d:\proj\c++_proj\openscenegraph-3.3.1\build\src\osgviewer\osgviewer.dir\release\wowvxdisplay.obj
d:\proj\c++_proj\openscenegraph-3.3.1\build\src\osgviewer\osgviewer.dir\release\sphericaldisplay.obj
d:\proj\c++_proj\openscenegraph-3.3.1\build\src\osgviewer\osgviewer.dir\release\singlewindow.obj
d:\proj\c++_proj\openscenegraph-3.3.1\build\src\osgviewer\osgviewer.dir\release\singlescreen.obj
d:\proj\c++_proj\openscenegraph-3.3.1\build\src\osgviewer\osgviewer.dir\release\panoramicsphericaldisplay.obj
d:\proj\c++_proj\openscenegraph-3.3.1\build\src\osgviewer\osgviewer.dir\release\acrossallscreens.obj
d:\proj\c++_proj\openscenegraph-3.3.1\build\src\osgviewer\osgviewer.dir\release\pixelbufferwin32.obj
d:\proj\c++_proj\openscenegraph-3.3.1\build\src\osgviewer\cmakefiles\generate.stamp
d:\proj\c++_proj\openscenegraph-3.3.1\build\bin\osg111-osgviewer.dll
d:\proj\c++_proj\openscenegraph-3.3.1\build\src\osgviewer\osgviewer.dir\release\openscenegraphversioninfo.res
d:\proj\c++_proj\openscenegraph-3.3.1\build\lib\osgviewer.lib
d:\proj\c++_proj\openscenegraph-3.3.1\build\lib\osgviewer.exp
d:\proj\c++_proj\openscenegraph-3.3.1\build\src\osgviewer\osgviewer.dir\release\osgviewer.tlog\cl.command.1.tlog
d:\proj\c++_proj\openscenegraph-3.3.1\build\src\osgviewer\osgviewer.dir\release\osgviewer.tlog\cl.items.tlog
d:\proj\c++_proj\openscenegraph-3.3.1\build\src\osgviewer\osgviewer.dir\release\osgviewer.tlog\cl.read.1.tlog
d:\proj\c++_proj\openscenegraph-3.3.1\build\src\osgviewer\osgviewer.dir\release\osgviewer.tlog\cl.write.1.tlog
d:\proj\c++_proj\openscenegraph-3.3.1\build\src\osgviewer\osgviewer.dir\release\osgviewer.tlog\custombuild.command.1.tlog
d:\proj\c++_proj\openscenegraph-3.3.1\build\src\osgviewer\osgviewer.dir\release\osgviewer.tlog\custombuild.read.1.tlog
d:\proj\c++_proj\openscenegraph-3.3.1\build\src\osgviewer\osgviewer.dir\release\osgviewer.tlog\custombuild.write.1.tlog
d:\proj\c++_proj\openscenegraph-3.3.1\build\src\osgviewer\osgviewer.dir\release\osgviewer.tlog\link.command.1.tlog
d:\proj\c++_proj\openscenegraph-3.3.1\build\src\osgviewer\osgviewer.dir\release\osgviewer.tlog\link.read.1.tlog
d:\proj\c++_proj\openscenegraph-3.3.1\build\src\osgviewer\osgviewer.dir\release\osgviewer.tlog\link.secondary.1.tlog
d:\proj\c++_proj\openscenegraph-3.3.1\build\src\osgviewer\osgviewer.dir\release\osgviewer.tlog\link.write.1.tlog
d:\proj\c++_proj\openscenegraph-3.3.1\build\src\osgviewer\osgviewer.dir\release\osgviewer.tlog\rc.command.1.tlog
d:\proj\c++_proj\openscenegraph-3.3.1\build\src\osgviewer\osgviewer.dir\release\osgviewer.tlog\rc.read.1.tlog
d:\proj\c++_proj\openscenegraph-3.3.1\build\src\osgviewer\osgviewer.dir\release\osgviewer.tlog\rc.write.1.tlog
